gene_id	mutation_category	events_n	dist	probability
AAK1	missense	2	219.2	0.3859842512668417
AAK1	missense_comb	2	219.2	0.005219353980624291
AAK1	missense_pois	2	219.2	0.001613358192368521
AAK1	nonsense	0	nan	nan
gene_id	mutation_category	events_n	dist	probability
ABCC2	missense	2	99.3	0.1493338983407345
ABCC2	missense_comb	2	99.3	0.0069275222453792605
ABCC2	missense_pois	2	99.3	0.005756198381667739
ABCC2	nonsense	0	nan	nan
gene_id	mutation_category	events_n	dist	probability
ACTB	missense	2	30.5,nan,nan,nan,nan	0.5287953719022735
ACTB	missense_comb	2	30.5,nan,nan,nan,nan	0.0021786113647470763
ACTB	missense_pois	2	30.5,nan,nan,nan,nan	0.00043987571611270315
ACTB	nonsense	1	nan,nan,nan,nan,nan	nan
gene_id	mutation_category	events_n	dist	probability
ADAM7	missense	2	104.9	0.2836627968481911
ADAM7	missense_comb	2	104.9	0.0017488549955197706
ADAM7	missense_pois	2	104.9	0.0006414272802912622
ADAM7	nonsense	0	nan	nan
gene_id	mutation_category	events_n	dist	probability
ADAMTS16	missense	2	126.8	0.2819512524227638
ADAMTS16	missense_comb	2	126.8	0.0133371801689109
ADAMTS16	missense_pois	2	126.8	0.006474668150002079
ADAMTS16	nonsense	0	nan	nan
gene_id	mutation_category	events_n	dist	probability
ADAMTS2	missense	2	124.3	0.3623040959743991
ADAMTS2	missense_comb	2	124.3	0.029379638747806035
ADAMTS2	missense_pois	2	124.3	0.012708736118274404
ADAMTS2	nonsense	0	nan	nan
gene_id	mutation_category	events_n	dist	probability
ADAP1	missense	2	31.1	0.07622214359753174
ADAP1	missense_comb	2	31.1	0.0004555246822244505
ADAP1	missense_pois	2	31.1	0.0005383497699763535
ADAP1	nonsense	0	nan	nan
gene_id	mutation_category	events_n	dist	probability
AGAP1	missense	2	55.6	0.05394477717839137
AGAP1	missense_comb	2	55.6	0.0033292157494214138
AGAP1	missense_pois	2	55.6	0.006942146468401301
AGAP1	nonsense	0	nan	nan
gene_id	mutation_category	events_n	dist	probability
AGO2	missense	2	32.2	0.18978934233567396
AGO2	missense_comb	2	32.2	0.006132514159379642
AGO2	missense_pois	2	32.2	0.003941453156653842
AGO2	nonsense	0	nan	nan
gene_id	mutation_category	events_n	dist	probability
AKAP12	missense	0	nan,nan	nan
AKAP12	nonsense	2	111.8,nan	0.6945089700610114
gene_id	mutation_category	events_n	dist	probability
ALOX15	missense	2	669.6,nan	0.8262876130412488
ALOX15	missense_comb	2	669.6,nan	0.00650363983354361
ALOX15	missense_pois	2	669.6,nan	0.0009680027192822133
ALOX15	nonsense	0	nan,nan	nan
gene_id	mutation_category	events_n	dist	probability
ALPK2	missense	2	4710.7	0.9169609787004336
ALPK2	missense_comb	2	4710.7	0.06581332207738042
ALPK2	missense_pois	2	4710.7	0.013269246135493304
ALPK2	nonsense	0	nan	nan
gene_id	mutation_category	events_n	dist	probability
ALS2	missense	2	858.4	0.9268013341466519
ALS2	missense_comb	2	858.4	0.03679317669113556
ALS2	missense_pois	2	858.4	0.006494385849031611
ALS2	nonsense	1	nan	nan
gene_id	mutation_category	events_n	dist	probability
ANGPT4	missense	2	798.1	0.7233934475178506
ANGPT4	missense_comb	2	798.1	0.0031328388091174182
ANGPT4	missense_pois	2	798.1	0.000483428920417195
ANGPT4	nonsense	0	nan	nan
gene_id	mutation_category	events_n	dist	probability
ANGPTL5	missense	2	141.4	0.44960587278215725
ANGPTL5	missense_comb	2	141.4	0.00030381277470901323
ANGPTL5	missense_pois	2	141.4	5.852826470109646e-05
ANGPTL5	nonsense	0	nan	nan
gene_id	mutation_category	events_n	dist	probability
APBB1	missense	2	93.5,nan	0.18069135354787386
APBB1	missense_comb	2	93.5,nan	0.002497382176879166
APBB1	missense_pois	2	93.5,nan	0.0015001676988211105
APBB1	nonsense	0	nan,nan	nan
gene_id	mutation_category	events_n	dist	probability
ARFGEF2	missense	3	299.8	0.5235689608492338
ARFGEF2	missense_comb	3	299.8	0.0055837954152897435
ARFGEF2	missense_pois	3	299.8	0.0012841955816829103
ARFGEF2	nonsense	0	nan	nan
gene_id	mutation_category	events_n	dist	probability
ARHGAP35	missense	1	nan,nan,nan	nan
ARHGAP35	missense_comb	1	nan,nan,nan	0.06089271289050348
ARHGAP35	missense_pois	1	nan,nan,nan	0.06089271289050348
ARHGAP35	nonsense	1	nan,nan,nan	nan
gene_id	mutation_category	events_n	dist	probability
ARHGEF12	missense	2	62.6	0.029032177455198028
ARHGEF12	missense_comb	2	62.6	0.001761916373890232
ARHGEF12	missense_pois	2	62.6	0.006319418377902508
ARHGEF12	nonsense	0	nan	nan
gene_id	mutation_category	events_n	dist	probability
ARID1A	missense	2	138.1	0.12022634310859628
ARID1A	missense_comb	2	138.1	0.026205883001921303
ARID1A	missense_pois	2	138.1	0.0334514973104718
ARID1A	nonsense	0	nan	nan
gene_id	mutation_category	events_n	dist	probability
ARID1B	missense	2	863.4	0.5468823717013069
ARID1B	missense_comb	2	863.4	0.10955340624636253
ARID1B	missense_pois	2	863.4	0.041955493335956905
ARID1B	nonsense	0	nan	nan
gene_id	mutation_category	events_n	dist	probability
ARID2	missense	2	628.3	0.6693380147851331
ARID2	missense_comb	2	628.3	0.03462559779737626
ARID2	missense_pois	2	628.3	0.008363496401564642
ARID2	nonsense	0	nan	nan
gene_id	mutation_category	events_n	dist	probability
ARID3A	missense	2	88.0	0.12403872084401418
ARID3A	missense_comb	2	88.0	0.0017453597163725495
ARID3A	missense_pois	2	88.0	0.0014636013333626495
ARID3A	nonsense	0	nan	nan
gene_id	mutation_category	events_n	dist	probability
ASAP3	missense	2	47.5	0.0383309106852121
ASAP3	missense_comb	2	47.5	0.0011288350333840036
ASAP3	missense_pois	2	47.5	0.0029161019648811203
ASAP3	nonsense	0	nan	nan
gene_id	mutation_category	events_n	dist	probability
ASIC4	missense	2	156.5	0.6705349703273893
ASIC4	missense_comb	2	156.5	0.008214246284213645
ASIC4	missense_pois	2	156.5	0.0015577270160055405
ASIC4	nonsense	0	nan	nan
gene_id	mutation_category	events_n	dist	probability
BAG6	missense	1	nan	nan
BAG6	missense_comb	1	nan	0.04228755309240232
BAG6	missense_pois	1	nan	0.04228755309240232
BAG6	nonsense	1	nan	nan
gene_id	mutation_category	events_n	dist	probability
BAIAP3	missense	2	769.5	0.6088548154571687
BAIAP3	missense_comb	2	769.5	0.03546742544441248
BAIAP3	missense_pois	2	769.5	0.00946170675364288
BAIAP3	nonsense	1	nan	nan
gene_id	mutation_category	events_n	dist	probability
BAZ2A	missense	1	nan	nan
BAZ2A	missense_comb	1	nan	0.09239325733762761
BAZ2A	missense_pois	1	nan	0.09239325733762761
BAZ2A	nonsense	1	nan	nan
gene_id	mutation_category	events_n	dist	probability
BAZ2B	missense	2	763.3	0.5222242719752859
BAZ2B	missense_comb	2	763.3	0.03465843214393135
BAZ2B	missense_pois	2	763.3	0.0107316706877145
BAZ2B	nonsense	0	nan	nan
gene_id	mutation_category	events_n	dist	probability
BICD1	missense	2	264.2	0.1670482648105748
BICD1	missense_comb	2	264.2	0.0034468209433365913
BICD1	missense_pois	2	264.2	0.002331275664759211
BICD1	nonsense	0	nan	nan
gene_id	mutation_category	events_n	dist	probability
BRAF	missense	5	46.6	0.027756577469371362
BRAF	missense_comb	5	46.6	2.0910891273780007e-08
BRAF	missense_pois	5	46.6	3.461653053093987e-08
BRAF	nonsense	0	nan	nan
gene_id	mutation_category	events_n	dist	probability
BRD4	missense	2	63.1,nan	0.04083784399069061
BRD4	missense_comb	2	63.1,nan	0.0037145364849038246
BRD4	missense_pois	2	63.1,nan	0.010375737976236706
BRD4	nonsense	0	nan,nan	nan
gene_id	mutation_category	events_n	dist	probability
BRINP3	missense	2	431.2	0.8602481348861318
BRINP3	missense_comb	2	431.2	0.008457807038585455
BRINP3	missense_pois	2	431.2	0.0012555451924601787
BRINP3	nonsense	0	nan	nan
gene_id	mutation_category	events_n	dist	probability
BTBD6	missense	2	460.3	0.7192855364523829
BTBD6	missense_comb	2	460.3	0.005894384924807325
BTBD6	missense_pois	2	460.3	0.0009941334896176326
BTBD6	nonsense	0	nan	nan
gene_id	mutation_category	events_n	dist	probability
CABIN1	missense	2	685.9,nan	0.6316394374262284
CABIN1	missense_comb	2	685.9,nan	0.08442613090021914
CABIN1	missense_pois	2	685.9,nan	0.026201066973544594
CABIN1	nonsense	0	nan,nan	nan
gene_id	mutation_category	events_n	dist	probability
CACNA1A	missense	3	182.5	0.5243803830624402
CACNA1A	missense_comb	3	182.5	0.05100816602226448
CACNA1A	missense_pois	3	182.5	0.017006749687354893
CACNA1A	nonsense	1	nan	nan
gene_id	mutation_category	events_n	dist	probability
CACNA1H	missense	2	67.9	0.09096003232266629
CACNA1H	missense_comb	2	67.9	0.04107403055792856
CACNA1H	missense_pois	2	67.9	0.07549979825952902
CACNA1H	nonsense	0	nan	nan
gene_id	mutation_category	events_n	dist	probability
CACNA1S	missense	2	116.5	0.4316605618704382
CACNA1S	missense_comb	2	116.5	0.043201588004644145
CACNA1S	missense_pois	2	116.5	0.0169050594003319
CACNA1S	nonsense	0	nan	nan
gene_id	mutation_category	events_n	dist	probability
CACNA2D1	missense	1	nan	nan
CACNA2D1	missense_comb	1	nan	0.0190115183788411
CACNA2D1	missense_pois	1	nan	0.0190115183788411
CACNA2D1	nonsense	1	nan	nan
gene_id	mutation_category	events_n	dist	probability
CAD	missense	3	103.4	0.34451869617201447
CAD	missense_comb	3	103.4	0.013770998730600349
CAD	missense_pois	3	103.4	0.005499094649023099
CAD	nonsense	0	nan	nan
gene_id	mutation_category	events_n	dist	probability
CBLC	missense	2	2003.4	0.9970765111435943
CBLC	missense_comb	2	2003.4	0.004609635045904673
CBLC	missense_pois	2	2003.4	0.000542477402937669
CBLC	nonsense	0	nan	nan
gene_id	mutation_category	events_n	dist	probability
CCAR1	missense	2	917.8	0.7754762580502639
CCAR1	missense_comb	2	917.8	0.013704240150183256
CCAR1	missense_pois	2	917.8	0.0024293410694089506
CCAR1	nonsense	0	nan	nan
gene_id	mutation_category	events_n	dist	probability
CCDC13	missense	2	403.3	0.15379079829121337
CCDC13	missense_comb	2	403.3	0.00169892616572604
CCDC13	missense_pois	2	403.3	0.0011454659566315602
CCDC13	nonsense	0	nan	nan
gene_id	mutation_category	events_n	dist	probability
CCDC88C	missense	2	6214.0	0.963730955958545
CCDC88C	missense_comb	2	6214.0	0.118190789719357
CCDC88C	missense_pois	2	6214.0	0.026213749433577502
CCDC88C	nonsense	0	nan	nan
gene_id	mutation_category	events_n	dist	probability
CDK13	missense	2	144.5	0.12485604305715509
CDK13	missense_comb	2	144.5	0.011602093981209373
CDK13	missense_pois	2	144.5	0.012444470722129397
CDK13	nonsense	0	nan	nan
gene_id	mutation_category	events_n	dist	probability
CEP170	missense	2	1701.0	0.7742609469526561
CEP170	missense_comb	2	1701.0	0.016535147608176967
CEP170	missense_pois	2	1701.0	0.0030265770054045413
CEP170	nonsense	0	nan	nan
gene_id	mutation_category	events_n	dist	probability
CEP290	missense	3	2361.7	0.8329084574121283
CEP290	missense_comb	3	2361.7	0.008050969057976885
CEP290	missense_pois	3	2361.7	0.0012255408145822608
CEP290	nonsense	0	nan	nan
gene_id	mutation_category	events_n	dist	probability
CFH	missense	2	79.2	0.293344107851732
CFH	missense_comb	2	79.2	0.006667377759371896
CFH	missense_pois	2	79.2	0.0028050870604134893
CFH	nonsense	0	nan	nan
gene_id	mutation_category	events_n	dist	probability
CHAD	missense	2	29.0,nan	0.04166375509262495
CHAD	missense_comb	2	29.0,nan	0.00016204955763654086
CHAD	missense_pois	2	29.0,nan	0.00031798377903813303
CHAD	nonsense	0	nan,nan	nan
gene_id	mutation_category	events_n	dist	probability
CHD4	missense	4	46.1	0.042191466197872604
CHD4	missense_comb	4	46.1	0.00012332113204427354
CHD4	missense_pois	4	46.1	0.00023329495013890724
CHD4	nonsense	0	nan	nan
gene_id	mutation_category	events_n	dist	probability
CHD8	missense	2	416.5,nan,nan	0.7190143920109513
CHD8	missense_comb	2	416.5,nan,nan	0.1050138155694825
CHD8	missense_pois	2	416.5,nan,nan	0.0302503734455863
CHD8	nonsense	0	nan,nan,nan	nan
gene_id	mutation_category	events_n	dist	probability
CHRNB4	missense	2	53.7	0.14305048729943903
CHRNB4	missense_comb	2	53.7	0.0013425856415188724
CHRNB4	missense_pois	2	53.7	0.0009474139464953355
CHRNB4	nonsense	0	nan	nan
gene_id	mutation_category	events_n	dist	probability
CLK3	missense	2	221.5,nan	0.4954665278281499
CLK3	missense_comb	2	221.5,nan	0.008477727075410967
CLK3	missense_pois	2	221.5,nan	0.0021858131034872006
CLK3	nonsense	0	nan,nan	nan
gene_id	mutation_category	events_n	dist	probability
CLTCL1	missense	2	532.0	0.8177274020252511
CLTCL1	missense_comb	2	532.0	0.04514633788461512
CLTCL1	missense_pois	2	532.0	0.009409812619238568
CLTCL1	nonsense	1	nan	nan
gene_id	mutation_category	events_n	dist	probability
CLUH	missense	3	63.2	0.09513185449853498
CLUH	missense_comb	3	63.2	0.001678999409806788
CLUH	missense_pois	3	63.2	0.0018275543211559997
CLUH	nonsense	0	nan	nan
gene_id	mutation_category	events_n	dist	probability
COL15A1	missense	2	1814.6	0.9259929008223011
COL15A1	missense_comb	2	1814.6	0.033050736058007894
COL15A1	missense_pois	2	1814.6	0.005719151107415721
COL15A1	nonsense	1	nan	nan
gene_id	mutation_category	events_n	dist	probability
COL20A1	missense	2	851.8	0.4713534169849619
COL20A1	missense_comb	2	851.8	0.029276890656838382
COL20A1	missense_pois	2	851.8	0.009728027433989815
COL20A1	nonsense	0	nan	nan
gene_id	mutation_category	events_n	dist	probability
COL6A6	missense	2	1350.5	0.979130855787435
COL6A6	missense_comb	2	1350.5	0.09314666950599584
COL6A6	missense_pois	2	1350.5	0.01910756365791689
COL6A6	nonsense	0	nan	nan
gene_id	mutation_category	events_n	dist	probability
CPD	missense	2	53.1	0.15683440936850657
CPD	missense_comb	2	53.1	0.00860817152420166
CPD	missense_pois	2	53.1	0.007027323332214563
CPD	nonsense	0	nan	nan
gene_id	mutation_category	events_n	dist	probability
CPSF1	missense	2	134.2,nan	0.4431874617423618
CPSF1	missense_comb	2	134.2,nan	0.04648948117916997
CPSF1	missense_pois	2	134.2,nan	0.017987039064409203
CPSF1	nonsense	0	nan,nan	nan
gene_id	mutation_category	events_n	dist	probability
CRB2	missense	2	543.3	0.6412239706530669
CRB2	missense_comb	2	543.3	0.05516180018572268
CRB2	missense_pois	2	543.3	0.015294447967807693
CRB2	nonsense	0	nan	nan
gene_id	mutation_category	events_n	dist	probability
CRIM1	missense	2	251.2	0.5186121386820873
CRIM1	missense_comb	2	251.2	0.014570103058876424
CRIM1	missense_pois	2	251.2	0.0039001996995417015
CRIM1	nonsense	0	nan	nan
gene_id	mutation_category	events_n	dist	probability
CTDSPL2	missense	2	132.0,nan	0.4471027061433036
CTDSPL2	missense_comb	2	132.0,nan	0.0007303693437610587
CTDSPL2	missense_pois	2	132.0,nan	0.0001543858915612481
CTDSPL2	nonsense	0	nan,nan	nan
gene_id	mutation_category	events_n	dist	probability
CTNNB1	missense	0	nan	nan
CTNNB1	nonsense	2	11.6	0.05890164378998175
gene_id	mutation_category	events_n	dist	probability
CTU2	missense	2	46.5	0.06569595482560052
CTU2	missense_comb	2	46.5	0.000556238886313573
CTU2	missense_pois	2	46.5	0.000778107078120538
CTU2	nonsense	0	nan	nan
gene_id	mutation_category	events_n	dist	probability
CYP11A1	missense	2	11.6	0.010214455442061607
CYP11A1	missense_comb	2	11.6	7.562359009876353e-05
CYP11A1	missense_pois	2	11.6	0.0005669232049233526
CYP11A1	nonsense	0	nan	nan
gene_id	mutation_category	events_n	dist	probability
CYP21A2	missense	1	nan	nan
CYP21A2	missense_comb	1	nan	0.005542158064282383
CYP21A2	missense_pois	1	nan	0.005542158064282383
CYP21A2	nonsense	1	nan	nan
gene_id	mutation_category	events_n	dist	probability
DDB1	missense	2	196.3,nan,nan	0.8443158461742684
DDB1	missense_comb	2	196.3,nan,nan	0.02411903505920772
DDB1	missense_pois	2	196.3,nan,nan	0.0043191197373750895
DDB1	nonsense	0	nan,nan,nan	nan
gene_id	mutation_category	events_n	dist	probability
DDX10	missense	2	271.6	0.5068721610347539
DDX10	missense_comb	2	271.6	0.004913133790596492
DDX10	missense_pois	2	271.6	0.0011471042137127805
DDX10	nonsense	0	nan	nan
gene_id	mutation_category	events_n	dist	probability
DENND4B	missense	2	70.9	0.08982519900194222
DENND4B	missense_comb	2	70.9	0.00837664690946031
DENND4B	missense_pois	2	70.9	0.011892078980062499
DENND4B	nonsense	0	nan	nan
gene_id	mutation_category	events_n	dist	probability
DGKA	missense	2	38.4,nan,nan	0.11226566541927034
DGKA	missense_comb	2	38.4,nan,nan	0.001071076229473672
DGKA	missense_pois	2	38.4,nan,nan	0.0009392817985076636
DGKA	nonsense	0	nan,nan,nan	nan
gene_id	mutation_category	events_n	dist	probability
DGKD	missense	2	981.8	0.9314237229841809
DGKD	missense_comb	2	981.8	0.041369057843115106
DGKD	missense_pois	2	981.8	0.007436729542380064
DGKD	nonsense	0	nan	nan
gene_id	mutation_category	events_n	dist	probability
DGUOK	missense	2	105.6	0.4994067833399246
DGUOK	missense_comb	2	105.6	0.00034172513642703365
DGUOK	missense_pois	2	105.6	5.993587630670484e-05
DGUOK	nonsense	0	nan	nan
gene_id	mutation_category	events_n	dist	probability
DHX58	missense	2	198.3	0.6668815259235386
DHX58	missense_comb	2	198.3	0.007670427488573167
DHX58	missense_pois	2	198.3	0.0014481272097670598
DHX58	nonsense	0	nan	nan
gene_id	mutation_category	events_n	dist	probability
DIP2C	missense	3	114.8	0.42655212859386527
DIP2C	missense_comb	3	114.8	0.007507459832543807
DIP2C	missense_pois	3	114.8	0.0022091018101981796
DIP2C	nonsense	0	nan	nan
gene_id	mutation_category	events_n	dist	probability
DNAJC13	missense	2	124.4	0.20561287549319027
DNAJC13	missense_comb	2	124.4	0.01879580343402715
DNAJC13	missense_pois	2	124.4	0.013235682703122701
DNAJC13	nonsense	1	nan	nan
gene_id	mutation_category	events_n	dist	probability
DOCK1	missense	2	inf	1.0
DOCK1	missense_comb	2	inf	0.0786279791724991
DOCK1	missense_pois	2	inf	0.015150762520583096
DOCK1	nonsense	0	nan	nan
gene_id	mutation_category	events_n	dist	probability
DOCK4	missense	2	144.2	0.22417459750917113
DOCK4	missense_comb	2	144.2	0.023256619244428553
DOCK4	missense_pois	2	144.2	0.015584552594207086
DOCK4	nonsense	0	nan	nan
gene_id	mutation_category	events_n	dist	probability
DPP3	missense	2	155.0	0.6871988368089019
DPP3	missense_comb	2	155.0	0.01072402792984601
DPP3	missense_pois	2	155.0	0.0020647948448114808
DPP3	nonsense	0	nan	nan
gene_id	mutation_category	events_n	dist	probability
DPYSL5	missense	2	30.2,nan,nan	0.19912613112082075
DPYSL5	missense_comb	2	30.2,nan,nan	0.0018783857729023318
DPYSL5	missense_pois	2	30.2,nan,nan	0.0009896295399447477
DPYSL5	nonsense	0	nan,nan,nan	nan
gene_id	mutation_category	events_n	dist	probability
DSCAML1	missense	6	177.0,nan	0.12553405416073277
DSCAML1	missense_comb	6	177.0,nan	2.542159187692012e-05
DSCAML1	missense_pois	6	177.0,nan	1.4225368421549899e-05
DSCAML1	nonsense	0	nan,nan	nan
gene_id	mutation_category	events_n	dist	probability
EEF2	missense	3	30.9	0.11830964312989282
EEF2	missense_comb	3	30.9	0.00046670307309205417
EEF2	missense_pois	3	30.9	0.0003562033551203208
EEF2	nonsense	0	nan	nan
gene_id	mutation_category	events_n	dist	probability
EEPD1	missense	3	60.5,nan	0.10641525437316382
EEPD1	missense_comb	3	60.5,nan	5.356978035519391e-05
EEPD1	missense_pois	3	60.5,nan	3.747740553938777e-05
EEPD1	nonsense	0	nan,nan	nan
gene_id	mutation_category	events_n	dist	probability
EFR3A	missense	1	nan	nan
EFR3A	missense_comb	1	nan	0.016437159057849593
EFR3A	missense_pois	1	nan	0.016437159057849593
EFR3A	nonsense	1	nan	nan
gene_id	mutation_category	events_n	dist	probability
EHMT1	missense	2	273.2	0.5819960713111547
EHMT1	missense_comb	2	273.2	0.03812674362805138
EHMT1	missense_pois	2	273.2	0.010792051697051306
EHMT1	nonsense	0	nan	nan
gene_id	mutation_category	events_n	dist	probability
EIF4G3	missense	2	459.4	0.5973470822516992
EIF4G3	missense_comb	2	459.4	0.025508603067280613
EIF4G3	missense_pois	2	459.4	0.006521674987234657
EIF4G3	nonsense	0	nan	nan
gene_id	mutation_category	events_n	dist	probability
ELMO2	missense	3	252.0,nan	0.9161998675977793
ELMO2	missense_comb	3	252.0,nan	0.0004802456134647615
ELMO2	missense_pois	3	252.0,nan	4.7466334268886357e-05
ELMO2	nonsense	0	nan,nan	nan
gene_id	mutation_category	events_n	dist	probability
EML6	missense	2	152.7,nan	0.28699940792222883
EML6	missense_comb	2	152.7,nan	0.028458401503025466
EML6	missense_pois	2	152.7,nan	0.015448853418254
EML6	nonsense	0	nan,nan	nan
gene_id	mutation_category	events_n	dist	probability
EP300	missense	1	nan	nan
EP300	missense_comb	1	nan	0.11848543045863802
EP300	missense_pois	1	nan	0.11848543045863802
EP300	nonsense	1	nan	nan
gene_id	mutation_category	events_n	dist	probability
ETS1	missense	1	nan	nan
ETS1	missense_comb	1	nan	0.008774084598096145
ETS1	missense_pois	1	nan	0.008774084598096145
ETS1	nonsense	1	nan	nan
gene_id	mutation_category	events_n	dist	probability
EVPL	missense	2	490.0	0.43408553962127183
EVPL	missense_comb	2	490.0	0.08760008793502352
EVPL	missense_pois	2	490.0	0.0399181549059051
EVPL	nonsense	1	nan	nan
gene_id	mutation_category	events_n	dist	probability
FAM135A	missense	2	164.0,nan	0.29305148563276123
FAM135A	missense_comb	2	164.0,nan	0.009352805243817257
FAM135A	missense_pois	2	164.0,nan	0.004136625069521733
FAM135A	nonsense	0	nan,nan	nan
gene_id	mutation_category	events_n	dist	probability
FBXO10	missense	2	54.5	0.1508137205465142
FBXO10	missense_comb	2	54.5	0.004377059928284273
FBXO10	missense_pois	2	54.5	0.0033822665740019806
FBXO10	nonsense	0	nan	nan
gene_id	mutation_category	events_n	dist	probability
FCHO1	missense	2	409.6	0.5330553829660514
FCHO1	missense_comb	2	409.6	0.015347688497529358
FCHO1	missense_pois	2	409.6	0.0040308386852163595
FCHO1	nonsense	0	nan	nan
gene_id	mutation_category	events_n	dist	probability
FGFR2	missense	2	224.0	0.8056779688258003
FGFR2	missense_comb	2	224.0	0.012631531181243768
FGFR2	missense_pois	2	224.0	0.0021276333411327504
FGFR2	nonsense	0	nan	nan
gene_id	mutation_category	events_n	dist	probability
FLII	missense	2	199.4	0.4716816280924264
FLII	missense_comb	2	199.4	0.03043594648621096
FLII	missense_pois	2	199.4	0.010179563190307904
FLII	nonsense	0	nan	nan
gene_id	mutation_category	events_n	dist	probability
FLT4	missense	3	123.3	0.3211208186542131
FLT4	missense_comb	3	123.3	0.004931740692245908
FLT4	missense_pois	3	123.3	0.00181842298665313
FLT4	nonsense	2	90.0	0.7157243142697298
gene_id	mutation_category	events_n	dist	probability
FLYWCH1	missense	2	41.4	0.007036288810707905
FLYWCH1	missense_comb	2	41.4	0.00021714833791181928
FLYWCH1	missense_pois	2	41.4	0.002590652829298159
FLYWCH1	nonsense	0	nan	nan
gene_id	mutation_category	events_n	dist	probability
FOXC2	missense	1	nan	nan
FOXC2	missense_comb	1	nan	0.02558528083914361
FOXC2	missense_pois	1	nan	0.02558528083914361
FOXC2	nonsense	1	nan	nan
gene_id	mutation_category	events_n	dist	probability
FOXK1	missense	2	559.3	0.7357297362696696
FOXK1	missense_comb	2	559.3	0.023012935600595502
FOXK1	missense_pois	2	559.3	0.004690078043852128
FOXK1	nonsense	0	nan	nan
gene_id	mutation_category	events_n	dist	probability
FOXP4	missense	2	101.8	0.21871320868096442
FOXP4	missense_comb	2	101.8	0.0026611596514997064
FOXP4	missense_pois	2	101.8	0.0013309492733475398
FOXP4	nonsense	0	nan	nan
gene_id	mutation_category	events_n	dist	probability
FRMPD1	missense	2	46.2,nan	0.009301199896653333
FRMPD1	missense_comb	2	46.2,nan	0.0007890091618995084
FRMPD1	missense_pois	2	46.2,nan	0.008082239921001882
FRMPD1	nonsense	0	nan,nan	nan
gene_id	mutation_category	events_n	dist	probability
FSCN2	missense	2	76.1	0.23176493075816748
FSCN2	missense_comb	2	76.1	0.003971458899249534
FSCN2	missense_pois	2	76.1	0.0019716857391965893
FSCN2	nonsense	0	nan	nan
gene_id	mutation_category	events_n	dist	probability
GALK1	missense	2	84.0,nan	0.7216185142042388
GALK1	missense_comb	2	84.0,nan	0.0030097000622374016
GALK1	missense_pois	2	84.0,nan	0.0004632363688288337
GALK1	nonsense	0	nan,nan	nan
gene_id	mutation_category	events_n	dist	probability
GAN	missense	2	44.8	0.10568330993685213
GAN	missense_comb	2	44.8	0.0008486283014896548
GAN	missense_pois	2	44.8	0.0007709843115172305
GAN	nonsense	0	nan	nan
gene_id	mutation_category	events_n	dist	probability
GANAB	missense	1	nan	nan
GANAB	missense_comb	1	nan	0.031709406500442204
GANAB	missense_pois	1	nan	0.031709406500442204
GANAB	nonsense	1	nan	nan
gene_id	mutation_category	events_n	dist	probability
GATA4	missense	0	nan	nan
GATA4	nonsense	2	83.0	0.9031046121877265
gene_id	mutation_category	events_n	dist	probability
GATA6	missense	1	nan,nan	nan
GATA6	missense_comb	1	nan,nan	0.032647781734877306
GATA6	missense_pois	1	nan,nan	0.032647781734877306
GATA6	nonsense	2	51.8,nan	0.46090612821215415
gene_id	mutation_category	events_n	dist	probability
GLIS3	missense	2	355.2	0.3321412518650972
GLIS3	missense_comb	2	355.2	0.00856358124605119
GLIS3	missense_pois	2	355.2	0.0032985414677553196
GLIS3	nonsense	0	nan	nan
gene_id	mutation_category	events_n	dist	probability
GNB1	missense	2	21.8,nan	0.060015165999831505
GNB1	missense_comb	2	21.8,nan	0.00016420043137023834
GNB1	missense_pois	2	21.8,nan	0.00022394376946000019
GNB1	nonsense	0	nan,nan	nan
gene_id	mutation_category	events_n	dist	probability
GNPAT	missense	2	84.4	0.3211870075423667
GNPAT	missense_comb	2	84.4	0.0015542697789675322
GNPAT	missense_pois	2	84.4	0.00049666196553666
GNPAT	nonsense	0	nan	nan
gene_id	mutation_category	events_n	dist	probability
GPBAR1	missense	2	79.7,nan,nan,nan	0.1765291091496766
GPBAR1	missense_comb	2	79.7,nan,nan,nan	0.00035631600027319306
GPBAR1	missense_pois	2	79.7,nan,nan,nan	0.00017751311077429693
GPBAR1	nonsense	1	nan,nan,nan,nan	nan
gene_id	mutation_category	events_n	dist	probability
GPR20	missense	3	647.8	0.9149407676117692
GPR20	missense_comb	3	647.8	0.00023397937890499447
GPR20	missense_pois	3	647.8	2.1615392158946818e-05
GPR20	nonsense	0	nan	nan
gene_id	mutation_category	events_n	dist	probability
GPRC5B	missense	2	121.0	0.567971060355877
GPRC5B	missense_comb	2	121.0	0.0019587872826460424
GPRC5B	missense_pois	2	121.0	0.00036359382487649594
GPRC5B	nonsense	0	nan	nan
gene_id	mutation_category	events_n	dist	probability
GPRC5C	missense	2	198.8	0.5300709607769893
GPRC5C	missense_comb	2	198.8	0.0030641701607204736
GPRC5C	missense_pois	2	198.8	0.0006434880290401289
GPRC5C	nonsense	0	nan	nan
gene_id	mutation_category	events_n	dist	probability
GRIK3	missense	2	136.1	0.5444493272838964
GRIK3	missense_comb	2	136.1	0.016509221157366603
GRIK3	missense_pois	2	136.1	0.004296230904435869
GRIK3	nonsense	0	nan	nan
gene_id	mutation_category	events_n	dist	probability
GTPBP1	missense	2	87.2	0.48734450569617205
GTPBP1	missense_comb	2	87.2	0.006457428005863319
GTPBP1	missense_pois	2	87.2	0.0016279490191655195
GTPBP1	nonsense	0	nan	nan
gene_id	mutation_category	events_n	dist	probability
HAUS3	missense	2	3677.1,nan	0.9007610344359885
HAUS3	missense_comb	2	3677.1,nan	0.0018766906569183438
HAUS3	missense_pois	2	3677.1,nan	0.00021855123414871213
HAUS3	nonsense	0	nan,nan	nan
gene_id	mutation_category	events_n	dist	probability
HDAC7	missense	1	nan	nan
HDAC7	missense_comb	1	nan	0.04419323216505281
HDAC7	missense_pois	1	nan	0.04419323216505281
HDAC7	nonsense	1	nan	nan
gene_id	mutation_category	events_n	dist	probability
HECTD1	missense	2	184.0	0.5405694939936723
HECTD1	missense_comb	2	184.0	0.06800963795357431
HECTD1	missense_pois	2	184.0	0.0234342265272298
HECTD1	nonsense	0	nan	nan
gene_id	mutation_category	events_n	dist	probability
HEPACAM	missense	2	105.3	0.21083034210188506
HEPACAM	missense_comb	2	105.3	0.0011572111566086824
HEPACAM	missense_pois	2	105.3	0.0005449888782800279
HEPACAM	nonsense	0	nan	nan
gene_id	mutation_category	events_n	dist	probability
HGFAC	missense	2	15.1	0.010109910998778763
HGFAC	missense_comb	2	15.1	0.00027584276762235397
HGFAC	missense_pois	2	15.1	0.00234179109132759
HGFAC	nonsense	0	nan	nan
gene_id	mutation_category	events_n	dist	probability
HID1	missense	2	433.3	0.8711372125429199
HID1	missense_comb	2	433.3	0.01368871549117259
HID1	missense_pois	2	433.3	0.00215973129527236
HID1	nonsense	0	nan	nan
gene_id	mutation_category	events_n	dist	probability
HIRA	missense	1	nan	nan
HIRA	missense_comb	1	nan	0.0372690421681022
HIRA	missense_pois	1	nan	0.0372690421681022
HIRA	nonsense	1	nan	nan
gene_id	mutation_category	events_n	dist	probability
HIVEP2	missense	3	2198.2,nan,nan	0.8857975568244716
HIVEP2	missense_comb	3	2198.2,nan,nan	0.01931842133155025
HIVEP2	missense_pois	3	2198.2,nan,nan	0.003172451011977378
HIVEP2	nonsense	0	nan,nan,nan	nan
gene_id	mutation_category	events_n	dist	probability
HOXA10	missense	2	169.5	0.290164541220394
HOXA10	missense_comb	2	169.5	0.0027595809742726354
HOXA10	missense_pois	2	169.5	0.0010449762799954498
HOXA10	nonsense	0	nan	nan
gene_id	mutation_category	events_n	dist	probability
HR	missense	2	166.0,nan	0.24296584174482394
HR	missense_comb	2	166.0,nan	0.011377474928786295
HR	missense_pois	2	166.0,nan	0.006252298295294722
HR	nonsense	0	nan,nan	nan
gene_id	mutation_category	events_n	dist	probability
HSP90AA1	missense	2	inf	1.0
HSP90AA1	missense_comb	2	inf	0.00902232122505838
HSP90AA1	missense_pois	2	inf	0.0011631802924579899
HSP90AA1	nonsense	0	nan	nan
gene_id	mutation_category	events_n	dist	probability
HSPA8	missense	2	83.2,nan,nan	0.7198099475576673
HSPA8	missense_comb	2	83.2,nan,nan	0.003945584807013108
HSPA8	missense_pois	2	83.2,nan,nan	0.0006301732484943485
HSPA8	nonsense	0	nan,nan,nan	nan
gene_id	mutation_category	events_n	dist	probability
IAPP	missense	1	nan,nan	nan
IAPP	missense_comb	1	nan,nan	0.00025353531065097585
IAPP	missense_pois	1	nan,nan	0.00025353531065097585
IAPP	nonsense	1	nan,nan	nan
gene_id	mutation_category	events_n	dist	probability
IGF2R	missense	3	132.9	0.23802700846636657
IGF2R	missense_comb	3	132.9	0.010525741532521418
IGF2R	missense_pois	3	132.9	0.00583436927712677
IGF2R	nonsense	0	nan	nan
gene_id	mutation_category	events_n	dist	probability
IL4R	missense	2	749.6,nan	0.5469848272557243
IL4R	missense_comb	2	749.6,nan	0.00623426181470813
IL4R	missense_pois	2	749.6,nan	0.0013934568300754107
IL4R	nonsense	0	nan,nan	nan
gene_id	mutation_category	events_n	dist	probability
ILF3	missense	2	100.8,nan	0.29103863009957065
ILF3	missense_comb	2	100.8,nan	0.007595762848772359
ILF3	missense_pois	2	100.8,nan	0.0032812943212552318
ILF3	nonsense	0	nan,nan	nan
gene_id	mutation_category	events_n	dist	probability
IQGAP1	missense	2	203.7	0.40980967322433703
IQGAP1	missense_comb	2	203.7	0.02026461233979419
IQGAP1	missense_pois	2	203.7	0.007252134625341357
IQGAP1	nonsense	0	nan	nan
gene_id	mutation_category	events_n	dist	probability
IRF2BPL	missense	2	192.5	0.4349967173889254
IRF2BPL	missense_comb	2	192.5	0.018502261900274704
IRF2BPL	missense_pois	2	192.5	0.006142130530583537
IRF2BPL	nonsense	0	nan	nan
gene_id	mutation_category	events_n	dist	probability
IRS2	missense	2	1200.8	0.8390631795659647
IRS2	missense_comb	2	1200.8	0.12205783558447701
IRS2	missense_pois	2	1200.8	0.031368572388427295
IRS2	nonsense	0	nan	nan
gene_id	mutation_category	events_n	dist	probability
ITGAE	missense	2	180.9	0.4144252287286089
ITGAE	missense_comb	2	180.9	0.014863238275681409
ITGAE	missense_pois	2	180.9	0.004994951830329159
ITGAE	nonsense	0	nan	nan
gene_id	mutation_category	events_n	dist	probability
ITPR3	missense	2	1140.1,nan	0.9672420670306437
ITPR3	missense_comb	2	1140.1,nan	0.22679679702806368
ITPR3	missense_pois	2	1140.1,nan	0.06129576096083669
ITPR3	nonsense	0	nan,nan	nan
gene_id	mutation_category	events_n	dist	probability
ITSN2	missense	2	2437.5	0.9578022004688644
ITSN2	missense_comb	2	2437.5	0.03955761207908514
ITSN2	missense_pois	2	2437.5	0.006853590421251552
ITSN2	nonsense	0	nan	nan
gene_id	mutation_category	events_n	dist	probability
JAG1	missense	2	103.8	0.22812584190971288
JAG1	missense_comb	2	103.8	0.011549955101176462
JAG1	missense_pois	2	103.8	0.006775683059624734
JAG1	nonsense	1	nan	nan
gene_id	mutation_category	events_n	dist	probability
JAKMIP2	missense	2	324.0	0.4938956389567152
JAKMIP2	missense_comb	2	324.0	0.004405295999463796
JAKMIP2	missense_pois	2	324.0	0.0010403384445215593
JAKMIP2	nonsense	0	nan	nan
gene_id	mutation_category	events_n	dist	probability
JMJD1C	missense	2	1974.4	0.9000055677777159
JMJD1C	missense_comb	2	1974.4	0.08006990630035327
JMJD1C	missense_pois	2	1974.4	0.017217508089518906
JMJD1C	nonsense	1	nan	nan
gene_id	mutation_category	events_n	dist	probability
JPH2	missense	2	129.9	0.2709229636564115
JPH2	missense_comb	2	129.9	0.00958927289847188
JPH2	missense_pois	2	129.9	0.004604752673052938
JPH2	nonsense	0	nan	nan
gene_id	mutation_category	events_n	dist	probability
JUP	missense	2	240.4,nan,nan	0.6482743150191743
JUP	missense_comb	2	240.4,nan,nan	0.024726983762331237
JUP	missense_pois	2	240.4,nan,nan	0.00579273173099892
JUP	nonsense	0	nan,nan,nan	nan
gene_id	mutation_category	events_n	dist	probability
KAT6A	missense	1	nan	nan
KAT6A	missense_comb	1	nan	0.09467161614771898
KAT6A	missense_pois	1	nan	0.09467161614771898
KAT6A	nonsense	1	nan	nan
gene_id	mutation_category	events_n	dist	probability
KDM5A	missense	2	155.7	0.37548890693901227
KDM5A	missense_comb	2	155.7	0.02206608844383672
KDM5A	missense_pois	2	155.7	0.008746815808110535
KDM5A	nonsense	0	nan	nan
gene_id	mutation_category	events_n	dist	probability
KDM5B	missense	2	330.2	0.46761150591542777
KDM5B	missense_comb	2	330.2	0.022012597937293047
KDM5B	missense_pois	2	330.2	0.007003636151016073
KDM5B	nonsense	1	nan	nan
gene_id	mutation_category	events_n	dist	probability
KIF15	missense	2	605.7	0.4666138281487352
KIF15	missense_comb	2	605.7	0.01064179480474062
KIF15	missense_pois	2	605.7	0.0030140415004886695
KIF15	nonsense	0	nan	nan
gene_id	mutation_category	events_n	dist	probability
KIF26A	missense	4	584.2	0.4521972616422526
KIF26A	missense_comb	4	584.2	0.004562721232718652
KIF26A	missense_pois	4	584.2	0.0011823592806261593
KIF26A	nonsense	0	nan	nan
gene_id	mutation_category	events_n	dist	probability
KLF2	missense	2	90.7	0.16283215374630944
KLF2	missense_comb	2	90.7	0.00221139309203359
KLF2	missense_pois	2	90.7	0.001452578834098441
KLF2	nonsense	0	nan	nan
gene_id	mutation_category	events_n	dist	probability
KLF4	missense	2	103.7	0.1207065764365936
KLF4	missense_comb	2	103.7	0.0013910784604285935
KLF4	missense_pois	2	103.7	0.0011679973131582002
KLF4	nonsense	0	nan	nan
gene_id	mutation_category	events_n	dist	probability
KLHDC4	missense	2	1258.3	0.9448280006130222
KLHDC4	missense_comb	2	1258.3	0.006075029951063625
KLHDC4	missense_pois	2	1258.3	0.0007832808213810163
KLHDC4	nonsense	0	nan	nan
gene_id	mutation_category	events_n	dist	probability
KMT2A	missense	1	nan	nan
KMT2A	missense_comb	1	nan	0.25318459329978493
KMT2A	missense_pois	1	nan	0.25318459329978493
KMT2A	nonsense	1	nan	nan
gene_id	mutation_category	events_n	dist	probability
KNDC1	missense	2	293.2	0.2867320190363109
KNDC1	missense_comb	2	293.2	0.043423452787953065
KNDC1	missense_pois	2	293.2	0.0256070733210223
KNDC1	nonsense	0	nan	nan
gene_id	mutation_category	events_n	dist	probability
KRBA1	missense	2	874.4	0.13585768737935908
KRBA1	missense_comb	2	874.4	0.0037312099335562866
KRBA1	missense_pois	2	874.4	0.0031346796607421025
KRBA1	nonsense	0	nan	nan
gene_id	mutation_category	events_n	dist	probability
KRT13	missense	2	1272.9	0.4346696507258927
KRT13	missense_comb	2	1272.9	0.0020739903841100293
KRT13	missense_pois	2	1272.9	0.0005064527867510992
KRT13	nonsense	0	nan	nan
gene_id	mutation_category	events_n	dist	probability
LAMB1	missense	2	189.7	0.31784110757954326
LAMB1	missense_comb	2	189.7	0.027341503456949755
LAMB1	missense_pois	2	189.7	0.0133040541710606
LAMB1	nonsense	0	nan	nan
gene_id	mutation_category	events_n	dist	probability
LAMC1	missense	2	615.3	0.8143365353962607
LAMC1	missense_comb	2	615.3	0.04966886498275373
LAMC1	missense_pois	2	615.3	0.0106039660217663
LAMC1	nonsense	0	nan	nan
gene_id	mutation_category	events_n	dist	probability
LRRC32	missense	2	118.6,nan,nan	0.483236005741822
LRRC32	missense_comb	2	118.6,nan,nan	0.004658722998834184
LRRC32	missense_pois	2	118.6,nan,nan	0.00113282610311349
LRRC32	nonsense	0	nan,nan,nan	nan
gene_id	mutation_category	events_n	dist	probability
LRRK1	missense	3	195.4	0.4066492843705636
LRRK1	missense_comb	3	195.4	0.012531747047961252
LRRK1	missense_pois	3	195.4	0.004176894006039158
LRRK1	nonsense	0	nan	nan
gene_id	mutation_category	events_n	dist	probability
LZTR1	missense	3	78.8	0.19142444231750616
LZTR1	missense_comb	3	78.8	0.0006322415316142261
LZTR1	missense_pois	3	78.8	0.0003075188913601591
LZTR1	nonsense	0	nan	nan
gene_id	mutation_category	events_n	dist	probability
LZTS1	missense	2	4171.9,nan	0.9423813673068737
LZTS1	missense_comb	2	4171.9,nan	0.008647090623203397
LZTS1	missense_pois	2	4171.9,nan	0.0011755780377060694
LZTS1	nonsense	0	nan,nan	nan
gene_id	mutation_category	events_n	dist	probability
MAP1S	missense	1	nan	nan
MAP1S	missense_comb	1	nan	0.0703762436200144
MAP1S	missense_pois	1	nan	0.0703762436200144
MAP1S	nonsense	1	nan	nan
gene_id	mutation_category	events_n	dist	probability
MAP2	missense	2	1944.9	0.5834070379621439
MAP2	missense_comb	2	1944.9	0.03318060938116943
MAP2	missense_pois	2	1944.9	0.009120022769581126
MAP2	nonsense	1	nan	nan
gene_id	mutation_category	events_n	dist	probability
MAPK8IP3	missense	2	193.7	0.6315720152047553
MAPK8IP3	missense_comb	2	193.7	0.05758380218003353
MAPK8IP3	missense_pois	2	193.7	0.016362169718103607
MAPK8IP3	nonsense	0	nan	nan
gene_id	mutation_category	events_n	dist	probability
MAST2	missense	2	689.4	0.6215735597602938
MAST2	missense_comb	2	689.4	0.05511570116131439
MAST2	missense_pois	2	689.4	0.015761931099003992
MAST2	nonsense	0	nan	nan
gene_id	mutation_category	events_n	dist	probability
MASTL	missense	3	296.5	0.5009173833231402
MASTL	missense_comb	3	296.5	0.0002366311895567522
MASTL	missense_pois	3	296.5	3.9970220451435175e-05
MASTL	nonsense	0	nan	nan
gene_id	mutation_category	events_n	dist	probability
MECOM	missense	2	55.2	0.022853466412739266
MECOM	missense_comb	2	55.2	0.0007411682690969815
MECOM	missense_pois	2	55.2	0.003069749758363831
MECOM	nonsense	0	nan	nan
gene_id	mutation_category	events_n	dist	probability
MED16	missense	2	58.2	0.06895889923379
MED16	missense_comb	2	58.2	0.003931670339256734
MED16	missense_pois	2	58.2	0.00655169919404441
MED16	nonsense	1	nan	nan
gene_id	mutation_category	events_n	dist	probability
MEIS2	missense	1	nan	nan
MEIS2	missense_comb	1	nan	0.0101935690587962
MEIS2	missense_pois	1	nan	0.0101935690587962
MEIS2	nonsense	1	nan	nan
gene_id	mutation_category	events_n	dist	probability
MICALL2	missense	2	1068.2	0.7227842919690635
MICALL2	missense_comb	2	1068.2	0.021384663364842647
MICALL2	missense_pois	2	1068.2	0.004379664795128298
MICALL2	nonsense	0	nan	nan
gene_id	mutation_category	events_n	dist	probability
MINK1	missense	2	170.8	0.4112156509864928
MINK1	missense_comb	2	170.8	0.029913631627357766
MINK1	missense_pois	2	170.8	0.011438929583742003
MINK1	nonsense	0	nan	nan
gene_id	mutation_category	events_n	dist	probability
MINPP1	missense	2	147.3	0.6950353367218296
MINPP1	missense_comb	2	147.3	0.003474438547471393
MINPP1	missense_pois	2	147.3	0.0005653746738270016
MINPP1	nonsense	0	nan	nan
gene_id	mutation_category	events_n	dist	probability
MORN5	missense	1	nan	nan
MORN5	missense_comb	1	nan	0.0011967708834283999
MORN5	missense_pois	1	nan	0.0011967708834283999
MORN5	nonsense	1	nan	nan
gene_id	mutation_category	events_n	dist	probability
MPP4	missense	1	nan	nan
MPP4	missense_comb	1	nan	0.011367422272263495
MPP4	missense_pois	1	nan	0.011367422272263495
MPP4	nonsense	1	nan	nan
gene_id	mutation_category	events_n	dist	probability
MSH5	missense	2	95.7	0.32476938528033933
MSH5	missense_comb	2	95.7	0.004640956089883718
MSH5	missense_pois	2	95.7	0.001678290478297479
MSH5	nonsense	0	nan	nan
gene_id	mutation_category	events_n	dist	probability
MTOR	missense	1	nan	nan
MTOR	missense_comb	1	nan	0.156480970735255
MTOR	missense_pois	1	nan	0.156480970735255
MTOR	nonsense	1	nan	nan
gene_id	mutation_category	events_n	dist	probability
MYH6	missense	3	21.6	0.0009132222120753083
MYH6	missense_comb	3	21.6	4.64430876999062e-05
MYH6	missense_pois	3	21.6	0.0037431899981772393
MYH6	nonsense	1	nan	nan
gene_id	mutation_category	events_n	dist	probability
MYH7B	missense	2	894.4	0.8753629680515226
MYH7B	missense_comb	2	894.4	0.14320333940576643
MYH7B	missense_pois	2	894.4	0.036908136600063896
MYH7B	nonsense	0	nan	nan
gene_id	mutation_category	events_n	dist	probability
MYH9	missense	2	103.1	0.17984230911286328
MYH9	missense_comb	2	103.1	0.03176240594463105
MYH9	missense_pois	2	103.1	0.028086624536082197
MYH9	nonsense	0	nan	nan
gene_id	mutation_category	events_n	dist	probability
MYO5A	missense	2	367.9	0.718121758687536
MYO5A	missense_comb	2	367.9	0.04669646484370635
MYO5A	missense_pois	2	367.9	0.011160351435481004
MYO5A	nonsense	0	nan	nan
gene_id	mutation_category	events_n	dist	probability
MYO7B	missense	2	157.2	0.27949160800564865
MYO7B	missense_comb	2	157.2	0.04859711738000973
MYO7B	missense_pois	2	157.2	0.030091344843646006
MYO7B	nonsense	0	nan	nan
gene_id	mutation_category	events_n	dist	probability
MYO9B	missense	2	45.6,nan	0.04416266617597034
MYO9B	missense_comb	2	45.6,nan	0.013475333772436121
MYO9B	missense_pois	2	45.6,nan	0.0418333053046016
MYO9B	nonsense	0	nan,nan	nan
gene_id	mutation_category	events_n	dist	probability
MYOM2	missense	1	nan	nan
MYOM2	missense_comb	1	nan	0.0802904035997649
MYOM2	missense_pois	1	nan	0.0802904035997649
MYOM2	nonsense	1	nan	nan
gene_id	mutation_category	events_n	dist	probability
MYRF	missense	6	49.4	0.0029099555232227152
MYRF	missense_comb	6	49.4	9.01098431119352e-09
MYRF	missense_pois	6	49.4	1.3674717425082898e-07
MYRF	nonsense	0	nan	nan
gene_id	mutation_category	events_n	dist	probability
NAA15	missense	0	nan	nan
NAA15	nonsense	2	46.9	0.5511395272095609
gene_id	mutation_category	events_n	dist	probability
NALCN	missense	3	103.2	0.6458826817124148
NALCN	missense_comb	3	103.2	0.00755659447190166
NALCN	missense_pois	3	103.2	0.0014698538574188195
NALCN	nonsense	0	nan	nan
gene_id	mutation_category	events_n	dist	probability
NBAS	missense	2	315.0	0.3784786624613482
NBAS	missense_comb	2	315.0	0.040189668649208234
NBAS	missense_pois	2	315.0	0.017677028207904795
NBAS	nonsense	0	nan	nan
gene_id	mutation_category	events_n	dist	probability
NCOR2	missense	2	321.6	0.2754911413834317
NCOR2	missense_comb	2	321.6	0.09954479912633823
NCOR2	missense_pois	2	321.6	0.07381045880694193
NCOR2	nonsense	0	nan	nan
gene_id	mutation_category	events_n	dist	probability
NEK10	missense	2	178.0	0.09661859892646002
NEK10	missense_comb	2	178.0	0.0018738737903382572
NEK10	missense_pois	2	178.0	0.0020341047804588504
NEK10	nonsense	0	nan	nan
gene_id	mutation_category	events_n	dist	probability
NGFR	missense	3	60.2	0.12850178746109128
NGFR	missense_comb	3	60.2	5.492514953560426e-05
NGFR	missense_pois	3	60.2	3.1885219770599916e-05
NGFR	nonsense	0	nan	nan
gene_id	mutation_category	events_n	dist	probability
NHSL1	missense	2	1710.0	0.6735658147381576
NHSL1	missense_comb	2	1710.0	0.0473598300288687
NHSL1	missense_pois	2	1710.0	0.012103014795899895
NHSL1	nonsense	0	nan	nan
gene_id	mutation_category	events_n	dist	probability
NKD2	missense	2	1089.4	0.7144909809501003
NKD2	missense_comb	2	1089.4	0.006299664580057918
NKD2	missense_pois	2	1089.4	0.0010795338718379006
NKD2	nonsense	0	nan	nan
gene_id	mutation_category	events_n	dist	probability
NOMO1	missense	2	674.3	0.6197583486693516
NOMO1	missense_comb	2	674.3	0.0037218646471122085
NOMO1	missense_pois	2	674.3	0.0006852129926051548
NOMO1	nonsense	0	nan	nan
gene_id	mutation_category	events_n	dist	probability
NOTCH1	missense	4	68.1	0.007641766581758147
NOTCH1	missense_comb	4	68.1	0.00032964235579436175
NOTCH1	missense_pois	4	68.1	0.0037654386577800113
NOTCH1	nonsense	2	94.9	0.7852678801636902
gene_id	mutation_category	events_n	dist	probability
NOTCH2	missense	3	249.4	0.5421013050877634
NOTCH2	missense_comb	3	249.4	0.014812667935827315
NOTCH2	missense_pois	3	249.4	0.0038034478113604404
NOTCH2	nonsense	0	nan	nan
gene_id	mutation_category	events_n	dist	probability
NOTCH4	missense	2	972.9	0.9307014785477613
NOTCH4	missense_comb	2	972.9	0.102864150644781
NOTCH4	missense_pois	2	972.9	0.022768638236453406
NOTCH4	nonsense	0	nan	nan
gene_id	mutation_category	events_n	dist	probability
NR6A1	missense	2	15.2	0.017661377581540242
NR6A1	missense_comb	2	15.2	9.355185072969929e-05
NR6A1	missense_pois	2	15.2	0.0004129009755536872
NR6A1	nonsense	1	nan	nan
gene_id	mutation_category	events_n	dist	probability
NSD1	missense	2	155.7	0.22374678640281345
NSD1	missense_comb	2	155.7	0.036540834497716064
NSD1	missense_pois	2	155.7	0.026680563853686407
NSD1	nonsense	1	nan	nan
gene_id	mutation_category	events_n	dist	probability
OPTN	missense	2	279.0,nan,nan,nan	0.14405700951047767
OPTN	missense_comb	2	279.0,nan,nan,nan	0.0004795052078158998
OPTN	missense_pois	2	279.0,nan,nan,nan	0.00030137326929680113
OPTN	nonsense	0	nan,nan,nan,nan	nan
gene_id	mutation_category	events_n	dist	probability
OSGIN1	missense	2	138.8,nan	0.5038412944017634
OSGIN1	missense_comb	2	138.8,nan	0.003762312384226914
OSGIN1	missense_pois	2	138.8,nan	0.0008532053566969731
OSGIN1	nonsense	0	nan,nan	nan
gene_id	mutation_category	events_n	dist	probability
PCDH15	missense	1	nan,nan	nan
PCDH15	missense_comb	1	nan,nan	0.10698367671405801
PCDH15	missense_pois	1	nan,nan	0.10698367671405801
PCDH15	nonsense	1	nan,nan	nan
gene_id	mutation_category	events_n	dist	probability
PCDH20	missense	1	nan	nan
PCDH20	missense_comb	1	nan	0.023840245483732606
PCDH20	missense_pois	1	nan	0.023840245483732606
PCDH20	nonsense	1	nan	nan
gene_id	mutation_category	events_n	dist	probability
PCLO	missense	1	nan	nan
PCLO	missense_comb	1	nan	0.30365571645055695
PCLO	missense_pois	1	nan	0.30365571645055695
PCLO	nonsense	1	nan	nan
gene_id	mutation_category	events_n	dist	probability
PDGFRB	missense	2	135.7	0.3884140401287329
PDGFRB	missense_comb	2	135.7	0.01622877373472159
PDGFRB	missense_pois	2	135.7	0.005903139211601903
PDGFRB	nonsense	0	nan	nan
gene_id	mutation_category	events_n	dist	probability
PER3	missense	2	108.3,nan	0.038802332902196306
PER3	missense_comb	2	108.3,nan	0.0016853522024832647
PER3	missense_pois	2	108.3,nan	0.00449953927378999
PER3	nonsense	0	nan,nan	nan
gene_id	mutation_category	events_n	dist	probability
PEX10	missense	1	nan	nan
PEX10	missense_comb	1	nan	0.008254773835108644
PEX10	missense_pois	1	nan	0.008254773835108644
PEX10	nonsense	1	nan	nan
gene_id	mutation_category	events_n	dist	probability
PHIP	missense	2	1051.9	0.912208545419905
PHIP	missense_comb	2	1051.9	0.04511364074068009
PHIP	missense_pois	2	1051.9	0.008427836432951091
PHIP	nonsense	0	nan	nan
gene_id	mutation_category	events_n	dist	probability
PHRF1	missense	1	nan	nan
PHRF1	missense_comb	1	nan	0.117291250765815
PHRF1	missense_pois	1	nan	0.117291250765815
PHRF1	nonsense	1	nan	nan
gene_id	mutation_category	events_n	dist	probability
PI4KA	missense	2	142.4	0.28403901906623324
PI4KA	missense_comb	2	142.4	0.04100211821245163
PI4KA	missense_pois	2	142.4	0.024127071394549494
PI4KA	nonsense	0	nan	nan
gene_id	mutation_category	events_n	dist	probability
PIEZO1	missense	2	169.7	0.2219100864232213
PIEZO1	missense_comb	2	169.7	0.07986151208136849
PIEZO1	missense_pois	2	169.7	0.06960415520182209
PIEZO1	nonsense	0	nan	nan
gene_id	mutation_category	events_n	dist	probability
PIK3CD	missense	2	23.2,nan,nan,nan	0.03928941067456211
PIK3CD	missense_comb	2	23.2,nan,nan,nan	0.00244818999318099
PIK3CD	missense_pois	2	23.2,nan,nan,nan	0.006747008304194503
PIK3CD	nonsense	0	nan,nan,nan,nan	nan
gene_id	mutation_category	events_n	dist	probability
PLD2	missense	2	101.0	0.39573532893627406
PLD2	missense_comb	2	101.0	0.010611331177067002
PLD2	missense_pois	2	101.0	0.0035421541049657206
PLD2	nonsense	0	nan	nan
gene_id	mutation_category	events_n	dist	probability
PLXNB1	missense	2	108.1,nan	0.1685387425717917
PLXNB1	missense_comb	2	108.1,nan	0.03283462857233441
PLXNB1	missense_pois	2	108.1,nan	0.03117792683449741
PLXNB1	nonsense	0	nan,nan	nan
gene_id	mutation_category	events_n	dist	probability
POGZ	missense	1	nan	nan
POGZ	missense_comb	1	nan	0.05095130698745902
POGZ	missense_pois	1	nan	0.05095130698745902
POGZ	nonsense	1	nan	nan
gene_id	mutation_category	events_n	dist	probability
POLE	missense	3	446.6	0.8405043239943965
POLE	missense_comb	3	446.6	0.03333387834869318
POLE	missense_pois	3	446.6	0.00636519286635906
POLE	nonsense	0	nan	nan
gene_id	mutation_category	events_n	dist	probability
POLR3A	missense	2	65.2	0.2984563522393739
POLR3A	missense_comb	2	65.2	0.012918984931822123
POLR3A	missense_pois	2	65.2	0.005895048739457339
POLR3A	nonsense	0	nan	nan
gene_id	mutation_category	events_n	dist	probability
PPL	missense	2	437.4	0.39022236233086266
PPL	missense_comb	2	437.4	0.04738042908532439
PPL	missense_pois	2	437.4	0.020902083178433704
PPL	nonsense	0	nan	nan
gene_id	mutation_category	events_n	dist	probability
PRDM1	missense	3	83.0	0.05212128830976347
PRDM1	missense_comb	3	83.0	7.634908925429726e-05
PRDM1	missense_pois	3	83.0	0.00011225737370435001
PRDM1	nonsense	0	nan	nan
gene_id	mutation_category	events_n	dist	probability
PRKCH	missense	2	63.8	0.30079905221334396
PRKCH	missense_comb	2	63.8	0.0031623542641713966
PRKCH	missense_pois	2	63.8	0.0011749388495772008
PRKCH	nonsense	0	nan	nan
gene_id	mutation_category	events_n	dist	probability
PTGFRN	missense	2	192.5	0.31454827428279697
PTGFRN	missense_comb	2	192.5	0.00887849726672786
PTGFRN	missense_pois	2	192.5	0.003630357765449839
PTGFRN	nonsense	0	nan	nan
gene_id	mutation_category	events_n	dist	probability
PTPN3	missense	2	100.9	0.22778046413577266
PTPN3	missense_comb	2	100.9	0.004222023243187131
PTPN3	missense_pois	2	100.9	0.00214985872920248
PTPN3	nonsense	0	nan	nan
gene_id	mutation_category	events_n	dist	probability
PTPRB	missense	2	746.1	0.7573466804739257
PTPRB	missense_comb	2	746.1	0.06507273928724785
PTPRB	missense_pois	2	746.1	0.015844360006432596
PTPRB	nonsense	0	nan	nan
gene_id	mutation_category	events_n	dist	probability
PYGL	missense	3	105.7	0.846497735038914
PYGL	missense_comb	3	105.7	0.0006668832954607713
PYGL	missense_pois	3	105.7	7.375575045576178e-05
PYGL	nonsense	0	nan	nan
gene_id	mutation_category	events_n	dist	probability
RAB11FIP4	missense	2	364.6	0.46552133927198525
RAB11FIP4	missense_comb	2	364.6	0.006792872266539579
RAB11FIP4	missense_pois	2	364.6	0.0018056118536296008
RAB11FIP4	nonsense	0	nan	nan
gene_id	mutation_category	events_n	dist	probability
RAB8A	missense	2	53.1,nan	0.5624909604167674
RAB8A	missense_comb	2	53.1,nan	0.00032650514953436736
RAB8A	missense_pois	2	53.1,nan	5.0622528942279e-05
RAB8A	nonsense	0	nan,nan	nan
gene_id	mutation_category	events_n	dist	probability
RACGAP1	missense	2	138.2,nan,nan,nan,nan	0.3318009407577674
RACGAP1	missense_comb	2	138.2,nan,nan,nan,nan	0.0016284925960172373
RACGAP1	missense_pois	2	138.2,nan,nan,nan,nan	0.0005064361351544418
RACGAP1	nonsense	0	nan,nan,nan,nan,nan	nan
gene_id	mutation_category	events_n	dist	probability
RAD9A	missense	2	312.0	0.6958727589347471
RAD9A	missense_comb	2	312.0	0.0017396609635574242
RAD9A	missense_pois	2	312.0	0.00025993517855227305
RAD9A	nonsense	0	nan	nan
gene_id	mutation_category	events_n	dist	probability
RAF1	missense	5	33.6	0.0123703220847742
RAF1	missense_comb	5	33.6	7.168592434230612e-09
RAF1	missense_pois	5	33.6	2.532334386629033e-08
RAF1	nonsense	0	nan	nan
gene_id	mutation_category	events_n	dist	probability
RASA2	missense	1	nan	nan
RASA2	missense_comb	1	nan	0.012269065108644506
RASA2	missense_pois	1	nan	0.012269065108644506
RASA2	nonsense	1	nan	nan
gene_id	mutation_category	events_n	dist	probability
RBFOX2	missense	1	nan	nan
RBFOX2	missense_comb	1	nan	0.011032497976055293
RBFOX2	missense_pois	1	nan	0.011032497976055293
RBFOX2	nonsense	2	36.5	0.3168576853682478
gene_id	mutation_category	events_n	dist	probability
RERE	missense	2	89.3,nan	0.07230712141880978
RERE	missense_comb	2	89.3,nan	0.00811771018186352
RERE	missense_pois	2	89.3,nan	0.014251162998876308
RERE	nonsense	0	nan,nan	nan
gene_id	mutation_category	events_n	dist	probability
RET	missense	2	78.2	0.3034906521834371
RET	missense_comb	2	78.2	0.01630350314251917
RET	missense_pois	2	78.2	0.007595498281842687
RET	nonsense	0	nan	nan
gene_id	mutation_category	events_n	dist	probability
RIT1	missense	3	1.5	0.00013589999849
RIT1	missense_comb	3	1.5	2.921758198283536e-09
RIT1	missense_pois	3	1.5	9.025109962701456e-07
RIT1	nonsense	0	nan	nan
gene_id	mutation_category	events_n	dist	probability
RNF123	missense	2	129.5	0.37801401802206647
RNF123	missense_comb	2	129.5	0.022681652554727802
RNF123	missense_pois	2	129.5	0.008973957648818916
RNF123	nonsense	0	nan	nan
gene_id	mutation_category	events_n	dist	probability
RNF19A	missense	2	889.5,nan	0.9116840565368438
RNF19A	missense_comb	2	889.5,nan	0.008479035624773314
RNF19A	missense_pois	2	889.5,nan	0.0011881186991763396
RNF19A	nonsense	0	nan,nan	nan
gene_id	mutation_category	events_n	dist	probability
RNF208	missense	2	137.2,nan	0.31360804095991063
RNF208	missense_comb	2	137.2,nan	0.0005137873186093543
RNF208	missense_pois	2	137.2,nan	0.00014936161083756202
RNF208	nonsense	0	nan,nan	nan
gene_id	mutation_category	events_n	dist	probability
ROCK2	missense	2	46.2	0.04144364398395951
ROCK2	missense_comb	2	46.2	0.0013066470369267702
ROCK2	missense_pois	2	46.2	0.003172974893758118
ROCK2	nonsense	0	nan	nan
gene_id	mutation_category	events_n	dist	probability
RPS6KC1	missense	3	202.2	0.26245638597270676
RPS6KC1	missense_comb	3	202.2	0.00025373351015926554
RPS6KC1	missense_pois	3	202.2	8.23308330226703e-05
RPS6KC1	nonsense	0	nan	nan
gene_id	mutation_category	events_n	dist	probability
RREB1	missense	2	302.1	0.19716632003148535
RREB1	missense_comb	2	302.1	0.02936625347315303
RREB1	missense_pois	2	302.1	0.023340394272156402
RREB1	nonsense	0	nan	nan
gene_id	mutation_category	events_n	dist	probability
RUVBL2	missense	2	48.9	0.4275110841387658
RUVBL2	missense_comb	2	48.9	0.0038925426091468425
RUVBL2	missense_pois	2	48.9	0.0010449358518184201
RUVBL2	nonsense	0	nan	nan
gene_id	mutation_category	events_n	dist	probability
SBF1	missense	3	323.6	0.5889161156787098
SBF1	missense_comb	3	323.6	0.024968918279579803
SBF1	missense_pois	3	323.6	0.0064502321200205995
SBF1	nonsense	0	nan	nan
gene_id	mutation_category	events_n	dist	probability
SBNO2	missense	2	422.2	0.796870868923657
SBNO2	missense_comb	2	422.2	0.09500902167906486
SBNO2	missense_pois	2	422.2	0.024067070289760004
SBNO2	nonsense	0	nan	nan
gene_id	mutation_category	events_n	dist	probability
SCAP	missense	2	604.6,nan	0.8823158124187132
SCAP	missense_comb	2	604.6,nan	0.04549482393721221
SCAP	missense_pois	2	604.6,nan	0.008802209292001253
SCAP	nonsense	0	nan,nan	nan
gene_id	mutation_category	events_n	dist	probability
SCN10A	missense	2	185.3	0.5118437720906248
SCN10A	missense_comb	2	185.3	0.04283686355253278
SCN10A	missense_pois	2	185.3	0.014112112634498302
SCN10A	nonsense	0	nan	nan
gene_id	mutation_category	events_n	dist	probability
SCN5A	missense	2	47.1,nan	0.14137479842916892
SCN5A	missense_comb	2	47.1,nan	0.024439489437900908
SCN5A	missense_pois	2	47.1,nan	0.0261988886672702
SCN5A	nonsense	0	nan,nan	nan
gene_id	mutation_category	events_n	dist	probability
SCRIB	missense	2	223.9	0.3319311963118757
SCRIB	missense_comb	2	223.9	0.050837363263993976
SCRIB	missense_pois	2	223.9	0.026758051438938703
SCRIB	nonsense	0	nan	nan
gene_id	mutation_category	events_n	dist	probability
SDK1	missense	3	802.4,nan	0.9520090894221213
SDK1	missense_comb	3	802.4,nan	0.05189685746893235
SDK1	missense_pois	3	802.4,nan	0.009565791817912386
SDK1	nonsense	0	nan,nan	nan
gene_id	mutation_category	events_n	dist	probability
SETD5	missense	3	87.7	0.03086849965701666
SETD5	missense_comb	3	87.7	0.00020570062425493633
SETD5	missense_pois	3	87.7	0.000556630328161778
SETD5	nonsense	0	nan	nan
gene_id	mutation_category	events_n	dist	probability
SF3B3	missense	2	382.0	0.9711979114311343
SF3B3	missense_comb	2	382.0	0.023925661963766248
SF3B3	missense_pois	2	382.0	0.0037194118727298412
SF3B3	nonsense	0	nan	nan
gene_id	mutation_category	events_n	dist	probability
SLC22A10	missense	2	259.0	0.5491346272318375
SLC22A10	missense_comb	2	259.0	0.0017429008094710361
SLC22A10	missense_pois	2	259.0	0.00033007900090331594
SLC22A10	nonsense	0	nan	nan
gene_id	mutation_category	events_n	dist	probability
SLC26A6	missense	2	161.8	0.5516061049821543
SLC26A6	missense_comb	2	161.8	0.007263068358835807
SLC26A6	missense_pois	2	161.8	0.0016448584795039094
SLC26A6	nonsense	0	nan	nan
gene_id	mutation_category	events_n	dist	probability
SLC29A4	missense	2	52.7,nan	0.22485943083489524
SLC29A4	missense_comb	2	52.7,nan	0.003063271073502265
SLC29A4	missense_pois	2	52.7,nan	0.0015164216087937307
SLC29A4	nonsense	0	nan,nan	nan
gene_id	mutation_category	events_n	dist	probability
SLC4A4	missense	2	198.2	0.7898529578905227
SLC4A4	missense_comb	2	198.2	0.015507465085980218
SLC4A4	missense_pois	2	198.2	0.0027532918973911494
SLC4A4	nonsense	0	nan	nan
gene_id	mutation_category	events_n	dist	probability
SLIT3	missense	2	307.8	0.5894717156725366
SLIT3	missense_comb	2	307.8	0.046754973452292764
SLIT3	missense_pois	2	307.8	0.013616625266369902
SLIT3	nonsense	0	nan	nan
gene_id	mutation_category	events_n	dist	probability
SLX4	missense	2	483.6	0.15117120943143098
SLX4	missense_comb	2	483.6	0.019524181727037345
SLX4	missense_pois	2	483.6	0.0188211258640114
SLX4	nonsense	0	nan	nan
gene_id	mutation_category	events_n	dist	probability
SMAD2	missense	3	35.3,nan	0.14037216510697595
SMAD2	missense_comb	3	35.3,nan	1.1082771192447157e-05
SMAD2	missense_pois	3	35.3,nan	5.219475434969921e-06
SMAD2	nonsense	1	nan,nan	nan
gene_id	mutation_category	events_n	dist	probability
SMAD5	missense	2	52.4,nan,nan	0.3004851077723879
SMAD5	missense_comb	2	52.4,nan,nan	0.0006061341853904094
SMAD5	missense_pois	2	52.4,nan,nan	0.00018700628459811214
SMAD5	nonsense	0	nan,nan,nan	nan
gene_id	mutation_category	events_n	dist	probability
SMARCC1	missense	2	351.4	0.5243402497295527
SMARCC1	missense_comb	2	351.4	0.010736122650225829
SMARCC1	missense_pois	2	351.4	0.0027096319788835195
SMARCC1	nonsense	0	nan	nan
gene_id	mutation_category	events_n	dist	probability
SMCHD1	missense	2	130.9	0.2361409418206562
SMCHD1	missense_comb	2	130.9	0.016451094443605027
SMCHD1	missense_pois	2	130.9	0.009864821496594506
SMCHD1	nonsense	0	nan	nan
gene_id	mutation_category	events_n	dist	probability
SMCR8	missense	2	596.3	0.7517129805365225
SMCR8	missense_comb	2	596.3	0.010354742342683257
SMCR8	missense_pois	2	596.3	0.00181290511917864
SMCR8	nonsense	0	nan	nan
gene_id	mutation_category	events_n	dist	probability
SMG6	missense	2	237.4	0.276254119152732
SMG6	missense_comb	2	237.4	0.018294883384188342
SMG6	missense_pois	2	237.4	0.00954499723646673
SMG6	nonsense	0	nan	nan
gene_id	mutation_category	events_n	dist	probability
SNX14	missense	2	137.3	0.2908860412123773
SNX14	missense_comb	2	137.3	0.0025929452926306052
SNX14	missense_pois	2	137.3	0.0009719711992848274
SNX14	nonsense	0	nan	nan
gene_id	mutation_category	events_n	dist	probability
SOS1	missense	5	53.4	0.003926666623037038
SOS1	missense_comb	5	53.4	3.729724564765859e-08
SOS1	missense_pois	5	53.4	4.489658994577537e-07
SOS1	nonsense	0	nan	nan
gene_id	mutation_category	events_n	dist	probability
SP110	missense	2	208.5	0.1443668317292574
SP110	missense_comb	2	208.5	0.001069212479734184
SP110	missense_pois	2	208.5	0.0007290150362647675
SP110	nonsense	0	nan	nan
gene_id	mutation_category	events_n	dist	probability
SPG7	missense	2	55.7	0.14802837613301806
SPG7	missense_comb	2	55.7	0.004452592507471795
SPG7	missense_pois	2	55.7	0.003513302769214351
SPG7	nonsense	0	nan	nan
gene_id	mutation_category	events_n	dist	probability
SPTA1	missense	3	1352.0	0.6284524263505286
SPTA1	missense_comb	3	1352.0	0.013491384291292126
SPTA1	missense_pois	3	1352.0	0.002943772120909567
SPTA1	nonsense	0	nan	nan
gene_id	mutation_category	events_n	dist	probability
SPTBN1	missense	1	nan	nan
SPTBN1	missense_comb	1	nan	0.16502733296119604
SPTBN1	missense_pois	1	nan	0.16502733296119604
SPTBN1	nonsense	1	nan	nan
gene_id	mutation_category	events_n	dist	probability
SPTBN4	missense	2	266.4,nan,nan,nan	0.2107887754356802
SPTBN4	missense_comb	2	266.4,nan,nan,nan	0.10117194895470379
SPTBN4	missense_pois	2	266.4,nan,nan,nan	0.09845368597672081
SPTBN4	nonsense	0	nan,nan,nan,nan	nan
gene_id	mutation_category	events_n	dist	probability
SSH2	missense	2	108.8	0.1668098203687798
SSH2	missense_comb	2	108.8	0.006602989467494261
SSH2	missense_pois	2	108.8	0.004878594776513868
SSH2	nonsense	0	nan	nan
gene_id	mutation_category	events_n	dist	probability
STAB1	missense	3	450.2	0.917599567582227
STAB1	missense_comb	3	450.2	0.053715562273354424
STAB1	missense_pois	3	450.2	0.010348222571900805
STAB1	nonsense	0	nan	nan
gene_id	mutation_category	events_n	dist	probability
STXBP6	missense	3	297.5,nan,nan,nan,nan	0.7924498023061133
STXBP6	missense_comb	3	297.5,nan,nan,nan,nan	5.549604435756595e-06
STXBP6	missense_pois	3	297.5,nan,nan,nan,nan	4.413914505008168e-07
STXBP6	nonsense	0	nan,nan,nan,nan,nan	nan
gene_id	mutation_category	events_n	dist	probability
SUGP2	missense	3	312.0	0.4108817398790917
SUGP2	missense_comb	3	312.0	0.0011675303807907136
SUGP2	missense_pois	3	312.0	0.0002824130394837306
SUGP2	nonsense	0	nan	nan
gene_id	mutation_category	events_n	dist	probability
SVEP1	missense	1	nan	nan
SVEP1	missense_comb	1	nan	0.22386922381298402
SVEP1	missense_pois	1	nan	0.22386922381298402
SVEP1	nonsense	1	nan	nan
gene_id	mutation_category	events_n	dist	probability
TAB2	missense	1	nan,nan,nan	nan
TAB2	missense_comb	1	nan,nan,nan	0.010809399640980603
TAB2	missense_pois	1	nan,nan,nan	0.010809399640980603
TAB2	nonsense	1	nan,nan,nan	nan
gene_id	mutation_category	events_n	dist	probability
TAF4	missense	2	633.0	0.42065556199271603
TAF4	missense_comb	2	633.0	0.030976497763368367
TAF4	missense_pois	2	633.0	0.011655524968130998
TAF4	nonsense	0	nan	nan
gene_id	mutation_category	events_n	dist	probability
TBX1	missense	1	nan	nan
TBX1	missense_comb	1	nan	0.03120091135726971
TBX1	missense_pois	1	nan	0.03120091135726971
TBX1	nonsense	1	nan	nan
gene_id	mutation_category	events_n	dist	probability
TBX5	missense	1	nan,nan	nan
TBX5	missense_comb	1	nan,nan	0.0107743361899525
TBX5	missense_pois	1	nan,nan	0.0107743361899525
TBX5	nonsense	2	36.0,nan	0.2871061190321542
gene_id	mutation_category	events_n	dist	probability
TECTA	missense	2	181.3,nan	0.6077454265806064
TECTA	missense_comb	2	181.3,nan	0.08612573352160614
TECTA	missense_pois	2	181.3,nan	0.027915119053368912
TECTA	nonsense	1	nan,nan	nan
gene_id	mutation_category	events_n	dist	probability
THADA	missense	1	nan,nan	nan
THADA	missense_comb	1	nan,nan	0.07071082808724391
THADA	missense_pois	1	nan,nan	0.07071082808724391
THADA	nonsense	1	nan,nan	nan
gene_id	mutation_category	events_n	dist	probability
TIAM2	missense	2	2184.0	0.9674105336954385
TIAM2	missense_comb	2	2184.0	0.06419036497369494
TIAM2	missense_pois	2	2184.0	0.0121980754708761
TIAM2	nonsense	0	nan	nan
gene_id	mutation_category	events_n	dist	probability
TJP2	missense	1	nan	nan
TJP2	missense_comb	1	nan	0.0594573998795972
TJP2	missense_pois	1	nan	0.0594573998795972
TJP2	nonsense	1	nan	nan
gene_id	mutation_category	events_n	dist	probability
TJP3	missense	2	253.4	0.3908904289901063
TJP3	missense_comb	2	253.4	0.01893499289432378
TJP3	missense_pois	2	253.4	0.007022451566907059
TJP3	nonsense	0	nan	nan
gene_id	mutation_category	events_n	dist	probability
TLK1	missense	1	nan	nan
TLK1	missense_comb	1	nan	0.014496403154768498
TLK1	missense_pois	1	nan	0.014496403154768498
TLK1	nonsense	1	nan	nan
gene_id	mutation_category	events_n	dist	probability
TLN1	missense	2	388.9	0.6785588369049018
TLN1	missense_comb	2	388.9	0.10782321042364372
TLN1	missense_pois	2	388.9	0.033140182841037806
TLN1	nonsense	0	nan	nan
gene_id	mutation_category	events_n	dist	probability
TMEM138	missense	2	69.7	0.6730969369655895
TMEM138	missense_comb	2	69.7	7.17316103452502e-05
TMEM138	missense_pois	2	69.7	8.124876987647415e-06
TMEM138	nonsense	0	nan	nan
gene_id	mutation_category	events_n	dist	probability
TMEM63B	missense	2	81.2,nan	0.5750153936109401
TMEM63B	missense_comb	2	81.2,nan	0.010804952528893255
TMEM63B	missense_pois	2	81.2,nan	0.00248910359827348
TMEM63B	nonsense	0	nan,nan	nan
gene_id	mutation_category	events_n	dist	probability
TMEM67	missense	2	64.4	0.18772619791415332
TMEM67	missense_comb	2	64.4	0.0021418234874968534
TMEM67	missense_pois	2	64.4	0.0012156641762306503
TMEM67	nonsense	0	nan	nan
gene_id	mutation_category	events_n	dist	probability
TNS1	missense	2	228.8	0.19915872000934756
TNS1	missense_comb	2	228.8	0.022138030076501117
TNS1	missense_pois	2	228.8	0.0165542177762927
TNS1	nonsense	0	nan	nan
gene_id	mutation_category	events_n	dist	probability
TOP2B	missense	2	1013.6	0.9179626786893036
TOP2B	missense_comb	2	1013.6	0.030203370640389728
TOP2B	missense_pois	2	1013.6	0.005183202970002961
TOP2B	nonsense	0	nan	nan
gene_id	mutation_category	events_n	dist	probability
TP73	missense	2	248.8	0.5998396488906705
TP73	missense_comb	2	248.8	0.011301012265078366
TP73	missense_pois	2	248.8	0.0025128710760489205
TP73	nonsense	0	nan	nan
gene_id	mutation_category	events_n	dist	probability
TPR	missense	2	1603.1	0.6283433374628518
TPR	missense_comb	2	1603.1	0.05860104290349989
TPR	missense_pois	2	1603.1	0.01680114686396481
TPR	nonsense	0	nan	nan
gene_id	mutation_category	events_n	dist	probability
TPTE	missense	2	95.9	0.7597459360028229
TPTE	missense_comb	2	95.9	0.0026223243966232252
TPTE	missense_pois	2	95.9	0.00037687753390269806
TPTE	nonsense	0	nan	nan
gene_id	mutation_category	events_n	dist	probability
TRIB2	missense	2	111.5	0.5948088156132354
TRIB2	missense_comb	2	111.5	0.0017885673384496882
TRIB2	missense_pois	2	111.5	0.00031365910488290167
TRIB2	nonsense	0	nan	nan
gene_id	mutation_category	events_n	dist	probability
TRIM10	missense	2	292.3	0.30543960771733775
TRIM10	missense_comb	2	292.3	0.001299344505157915
TRIM10	missense_pois	2	292.3	0.0004278514172186827
TRIM10	nonsense	0	nan	nan
gene_id	mutation_category	events_n	dist	probability
TSC1	missense	2	468.2,nan,nan,nan	0.3626021626377537
TSC1	missense_comb	2	468.2,nan,nan,nan	0.009838838069139244
TSC1	missense_pois	2	468.2,nan,nan,nan	0.003543662085383929
TSC1	nonsense	1	nan,nan,nan,nan	nan
gene_id	mutation_category	events_n	dist	probability
TSHZ1	missense	2	516.9	0.4408082284354643
TSHZ1	missense_comb	2	516.9	0.015713709680608593
TSHZ1	missense_pois	2	516.9	0.00500983942976829
TSHZ1	nonsense	0	nan	nan
gene_id	mutation_category	events_n	dist	probability
TTC28	missense	2	293.2	0.40717123992031967
TTC28	missense_comb	2	293.2	0.07061739415730083
TTC28	missense_pois	2	293.2	0.03258567858401108
TTC28	nonsense	0	nan	nan
gene_id	mutation_category	events_n	dist	probability
U2SURP	missense	1	nan	nan
U2SURP	missense_comb	1	nan	0.0239766936937572
U2SURP	missense_pois	1	nan	0.0239766936937572
U2SURP	nonsense	1	nan	nan
gene_id	mutation_category	events_n	dist	probability
UBC	missense	3	87.9,nan	0.30738201880686644
UBC	missense_comb	3	87.9,nan	5.791747996446159e-05
UBC	missense_pois	3	87.9,nan	1.4116271384701004e-05
UBC	nonsense	0	nan,nan	nan
gene_id	mutation_category	events_n	dist	probability
UBN1	missense	2	517.3,nan	0.33184135186842956
UBN1	missense_comb	2	517.3,nan	0.008287877235681258
UBN1	missense_pois	2	517.3,nan	0.0031799690964071613
UBN1	nonsense	0	nan,nan	nan
gene_id	mutation_category	events_n	dist	probability
UBN2	missense	1	nan	nan
UBN2	missense_comb	1	nan	0.053620343448523206
UBN2	missense_pois	1	nan	0.053620343448523206
UBN2	nonsense	1	nan	nan
gene_id	mutation_category	events_n	dist	probability
UBR3	missense	1	nan	nan
UBR3	missense_comb	1	nan	0.07983153768707162
UBR3	missense_pois	1	nan	0.07983153768707162
UBR3	nonsense	1	nan	nan
gene_id	mutation_category	events_n	dist	probability
UGGT1	missense	2	105.7	0.362601051526655
UGGT1	missense_comb	2	105.7	0.014825617729996906
UGGT1	missense_pois	2	105.7	0.005692063537791389
UGGT1	nonsense	0	nan	nan
gene_id	mutation_category	events_n	dist	probability
UMODL1	missense	3	104.7	0.0627383881917957
UMODL1	missense_comb	3	104.7	0.0007137724756942127
UMODL1	missense_pois	3	104.7	0.00107265055477979
UMODL1	nonsense	0	nan	nan
gene_id	mutation_category	events_n	dist	probability
UNC13C	missense	2	660.6	0.7089788254557907
UNC13C	missense_comb	2	660.6	0.04962222522468184
UNC13C	missense_pois	2	660.6	0.012165924938195197
UNC13C	nonsense	0	nan	nan
gene_id	mutation_category	events_n	dist	probability
UNC5B	missense	2	142.1	0.26091997487866697
UNC5B	missense_comb	2	142.1	0.00892640990098282
UNC5B	missense_pois	2	142.1	0.004403641120530602
UNC5B	nonsense	0	nan	nan
gene_id	mutation_category	events_n	dist	probability
UNC5D	missense	3	140.1	0.21634200870731107
UNC5D	missense_comb	3	140.1	0.0004053717882891943
UNC5D	missense_pois	3	140.1	0.00016686407707178197
UNC5D	nonsense	0	nan	nan
gene_id	mutation_category	events_n	dist	probability
URB2	missense	2	435.6	0.3767594735915615
URB2	missense_comb	2	435.6	0.017295282995863713
URB2	missense_pois	2	435.6	0.0065543799290163135
URB2	nonsense	0	nan	nan
gene_id	mutation_category	events_n	dist	probability
USH1C	missense	3	48.2	0.14137245398475046
USH1C	missense_comb	3	48.2	0.00033555118336362004
USH1C	missense_pois	3	48.2	0.00020753862137068419
USH1C	nonsense	0	nan	nan
gene_id	mutation_category	events_n	dist	probability
USP19	missense	2	1761.9	0.9428826117457487
USP19	missense_comb	2	1761.9	0.054879715263313825
USP19	missense_pois	2	1761.9	0.010336611919170199
USP19	nonsense	0	nan	nan
gene_id	mutation_category	events_n	dist	probability
USP4	missense	2	122.0	0.2829202746342191
USP4	missense_comb	2	122.0	0.004724306060085908
USP4	missense_pois	2	122.0	0.001965797727995321
USP4	nonsense	0	nan	nan
gene_id	mutation_category	events_n	dist	probability
UTP14C	missense	2	497.7	0.1982948533522794
UTP14C	missense_comb	2	497.7	0.0012318650764808854
UTP14C	missense_pois	2	497.7	0.0006211039902157544
UTP14C	nonsense	0	nan	nan
gene_id	mutation_category	events_n	dist	probability
UVSSA	missense	2	1295.7	0.5464479161505789
UVSSA	missense_comb	2	1295.7	0.009361209711801773
UVSSA	missense_pois	2	1295.7	0.00222069794031721
UVSSA	nonsense	0	nan	nan
gene_id	mutation_category	events_n	dist	probability
VPS13C	missense	1	nan	nan
VPS13C	missense_comb	1	nan	0.17961743141917602
VPS13C	missense_pois	1	nan	0.17961743141917602
VPS13C	nonsense	1	nan	nan
gene_id	mutation_category	events_n	dist	probability
VWA5B1	missense	2	384.1	0.6348637040570699
VWA5B1	missense_comb	2	384.1	0.027858125852562778
VWA5B1	missense_pois	2	384.1	0.0068097851912762904
VWA5B1	nonsense	0	nan	nan
gene_id	mutation_category	events_n	dist	probability
WDHD1	missense	1	nan	nan
WDHD1	missense_comb	1	nan	0.024969547976398804
WDHD1	missense_pois	1	nan	0.024969547976398804
WDHD1	nonsense	1	nan	nan
gene_id	mutation_category	events_n	dist	probability
WDR17	missense	2	102.3	0.17736259802930449
WDR17	missense_comb	2	102.3	0.004406373235533153
WDR17	missense_pois	2	102.3	0.0028977973034472982
WDR17	nonsense	0	nan	nan
gene_id	mutation_category	events_n	dist	probability
WDR37	missense	3	62.0	0.16464785372613494
WDR37	missense_comb	3	62.0	6.185813790952052e-05
WDR37	missense_pois	3	62.0	2.829771850776371e-05
WDR37	nonsense	0	nan	nan
gene_id	mutation_category	events_n	dist	probability
WDR6	missense	2	180.0,nan	0.545696305047819
WDR6	missense_comb	2	180.0,nan	0.020299035938420643
WDR6	missense_pois	2	180.0,nan	0.005457086873041918
WDR6	nonsense	0	nan,nan	nan
gene_id	mutation_category	events_n	dist	probability
WDR90	missense	4	562.1	0.5077823276913074
WDR90	missense_comb	4	562.1	0.0027213009661721504
WDR90	missense_pois	4	562.1	0.0005878391248059781
WDR90	nonsense	0	nan	nan
gene_id	mutation_category	events_n	dist	probability
WHAMM	missense	2	229.6	0.17418849806457223
WHAMM	missense_comb	2	229.6	0.004136250346532247
WHAMM	missense_pois	2	229.6	0.002746789448207169
WHAMM	nonsense	0	nan	nan
gene_id	mutation_category	events_n	dist	probability
WT1	missense	2	1.2	0.0020442999772855536
WT1	missense_comb	2	1.2	3.295426845794252e-05
WT1	missense_pois	2	1.2	0.0011550374311668507
WT1	nonsense	0	nan	nan
gene_id	mutation_category	events_n	dist	probability
ZC3H7A	missense	2	77.2,nan	0.1678250203574998
ZC3H7A	missense_comb	2	77.2,nan	0.0024092036700494365
ZC3H7A	missense_pois	2	77.2,nan	0.0015513608847261796
ZC3H7A	nonsense	0	nan,nan	nan
gene_id	mutation_category	events_n	dist	probability
ZDBF2	missense	2	6484.7,nan	0.5633466381850376
ZDBF2	missense_comb	2	6484.7,nan	0.048637142709278484
ZDBF2	missense_pois	2	6484.7,nan	0.0149440062961899
ZDBF2	nonsense	0	nan,nan	nan
gene_id	mutation_category	events_n	dist	probability
ZDHHC18	missense	2	17.7	0.031918910756456545
ZDHHC18	missense_comb	2	17.7	0.00021803029827602839
ZDHHC18	missense_pois	2	17.7	0.0005736229227781834
ZDHHC18	nonsense	0	nan	nan
gene_id	mutation_category	events_n	dist	probability
ZEB2	missense	1	nan	nan
ZEB2	missense_comb	1	nan	0.0422405260816606
ZEB2	missense_pois	1	nan	0.0422405260816606
ZEB2	nonsense	1	nan	nan
gene_id	mutation_category	events_n	dist	probability
ZFC3H1	missense	2	978.6	0.6558024927133055
ZFC3H1	missense_comb	2	978.6	0.042700603402872406
ZFC3H1	missense_pois	2	978.6	0.010972162138924296
ZFC3H1	nonsense	0	nan	nan
gene_id	mutation_category	events_n	dist	probability
ZMYM2	missense	1	nan,nan,nan	nan
ZMYM2	missense_comb	1	nan,nan,nan	0.033235135012957405
ZMYM2	missense_pois	1	nan,nan,nan	0.033235135012957405
ZMYM2	nonsense	1	nan,nan,nan	nan
gene_id	mutation_category	events_n	dist	probability
ZNF106	missense	2	1932.3	0.6878511812460981
ZNF106	missense_comb	2	1932.3	0.045398708967020446
ZNF106	missense_pois	2	1932.3	0.011261954309792405
ZNF106	nonsense	0	nan	nan
gene_id	mutation_category	events_n	dist	probability
ZNF292	missense	1	nan	nan
ZNF292	missense_comb	1	nan	0.11698825458212399
ZNF292	missense_pois	1	nan	0.11698825458212399
ZNF292	nonsense	1	nan	nan
gene_id	mutation_category	events_n	dist	probability
ZNF34	missense	2	249.0	0.04973695500292273
ZNF34	missense_comb	2	249.0	0.0002513290134033355
ZNF34	missense_pois	2	249.0	0.0004299525262052568
ZNF34	nonsense	0	nan	nan
gene_id	mutation_category	events_n	dist	probability
ZNF366	missense	2	175.6	0.1728872425234751
ZNF366	missense_comb	2	175.6	0.0028785904625657976
ZNF366	missense_pois	2	175.6	0.0018390549892615092
ZNF366	nonsense	0	nan	nan
gene_id	mutation_category	events_n	dist	probability
ZNF500	missense	2	491.4	0.20319545329782826
ZNF500	missense_comb	2	491.4	0.0014805897733714925
ZNF500	missense_pois	2	491.4	0.0007437180966458627
ZNF500	nonsense	0	nan	nan
gene_id	mutation_category	events_n	dist	probability
ZNF521	missense	1	nan,nan	nan
ZNF521	missense_comb	1	nan,nan	0.044471320050917286
ZNF521	missense_pois	1	nan,nan	0.044471320050917286
ZNF521	nonsense	1	nan,nan	nan
gene_id	mutation_category	events_n	dist	probability
ZNF528	missense	2	7368.2	0.6113209598742115
ZNF528	missense_comb	2	7368.2	0.0022093791382836554
ZNF528	missense_pois	2	7368.2	0.0003865160240456021
ZNF528	nonsense	0	nan	nan
gene_id	mutation_category	events_n	dist	probability
ZNF576	missense	1	nan,nan,nan,nan,nan,nan	nan
ZNF576	missense_comb	1	nan,nan,nan,nan,nan,nan	0.001576296819609139
ZNF576	missense_pois	1	nan,nan,nan,nan,nan,nan	0.001576296819609139
ZNF576	nonsense	1	nan,nan,nan,nan,nan,nan	nan
gene_id	mutation_category	events_n	dist	probability
ZNF638	missense	2	125.1,nan	0.02699069970010334
ZNF638	missense_comb	2	125.1,nan	0.0022971864848136065
ZNF638	missense_pois	2	125.1,nan	0.009144941219866977
ZNF638	nonsense	0	nan,nan	nan
gene_id	mutation_category	events_n	dist	probability
ZNF646	missense	2	661.4	0.509659161003787
ZNF646	missense_comb	2	661.4	0.059354584605433136
ZNF646	missense_pois	2	661.4	0.0210390636516335
ZNF646	nonsense	0	nan	nan
gene_id	mutation_category	events_n	dist	probability
ZNF675	missense	2	3799.8	0.40147845109468394
ZNF675	missense_comb	2	3799.8	0.0008556816616100361
ZNF675	missense_pois	2	3799.8	0.00020481719190423915
ZNF675	nonsense	0	nan	nan
gene_id	mutation_category	events_n	dist	probability
ZNF746	missense	2	1259.8	0.8944699345058896
ZNF746	missense_comb	2	1259.8	0.013192488272788233
ZNF746	missense_pois	2	1259.8	0.0020152920601886905
ZNF746	nonsense	0	nan	nan
gene_id	mutation_category	events_n	dist	probability
ZNFX1	missense	2	275.6,nan	0.550118771665347
ZNFX1	missense_comb	2	275.6,nan	0.049530844187836105
ZNFX1	missense_pois	2	275.6,nan	0.01564418874821329
ZNFX1	nonsense	0	nan,nan	nan
gene_id	mutation_category	events_n	dist	probability
ZP2	missense	2	97.1,nan	0.1727623647470849
ZP2	missense_comb	2	97.1,nan	0.00126949123822735
ZP2	missense_pois	2	97.1,nan	0.0007371356316783207
ZP2	nonsense	0	nan,nan	nan
