gene_id	mutation_category	events_n	dist	probability
AAK1	missense	2	92.0	0.89631280115208
AAK1	missense_comb	2	92.0	0.010901808977976315
AAK1	missense_pois	2	92.0	0.001613358192368521
AAK1	nonsense	0	nan	nan
gene_id	mutation_category	events_n	dist	probability
ABCC2	missense	2	40.9	0.342449173972787
ABCC2	missense_comb	2	40.9	0.014250060640061016
ABCC2	missense_pois	2	40.9	0.005756198381667739
ABCC2	nonsense	0	nan	nan
gene_id	mutation_category	events_n	dist	probability
ACTB	missense	2	27.0,nan,nan,nan,nan	0.5187736386802929
ACTB	missense_comb	2	27.0,nan,nan,nan,nan	0.002141688585853983
ACTB	missense_pois	2	27.0,nan,nan,nan,nan	0.00043987571611270315
ACTB	nonsense	1	nan,nan,nan,nan,nan	nan
gene_id	mutation_category	events_n	dist	probability
ADAM7	missense	2	62.5	0.7424394028617844
ADAM7	missense_comb	2	62.5	0.004119133881444788
ADAM7	missense_pois	2	62.5	0.0006414272802912622
ADAM7	nonsense	0	nan	nan
gene_id	mutation_category	events_n	dist	probability
ADAMTS16	missense	2	44.6	0.2559560749338214
ADAMTS16	missense_comb	2	44.6	0.012267827770609172
ADAMTS16	missense_pois	2	44.6	0.006474668150002079
ADAMTS16	nonsense	0	nan	nan
gene_id	mutation_category	events_n	dist	probability
ADAMTS2	missense	2	38.6	0.23807445291028392
ADAMTS2	missense_comb	2	38.6	0.020576181442023275
ADAMTS2	missense_pois	2	38.6	0.012708736118274404
ADAMTS2	nonsense	0	nan	nan
gene_id	mutation_category	events_n	dist	probability
ADAP1	missense	2	12.9	0.09936957667367137
ADAP1	missense_comb	2	12.9	0.0005796734578352343
ADAP1	missense_pois	2	12.9	0.0005383497699763535
ADAP1	nonsense	0	nan	nan
gene_id	mutation_category	events_n	dist	probability
AGAP1	missense	2	19.9	0.06581322149096419
AGAP1	missense_comb	2	19.9	0.003970823733786317
AGAP1	missense_pois	2	19.9	0.006942146468401301
AGAP1	nonsense	0	nan	nan
gene_id	mutation_category	events_n	dist	probability
AGO2	missense	2	22.1	0.1597912093356532
AGO2	missense_comb	2	22.1	0.005271564681044563
AGO2	missense_pois	2	22.1	0.003941453156653842
AGO2	nonsense	0	nan	nan
gene_id	mutation_category	events_n	dist	probability
AKAP12	missense	0	nan,nan	nan
AKAP12	nonsense	2	111.8,nan	0.6945019922833112
gene_id	mutation_category	events_n	dist	probability
ALOX15	missense	2	39.3,nan	0.6206044708821725
ALOX15	missense_comb	2	39.3,nan	0.005056688387621978
ALOX15	missense_pois	2	39.3,nan	0.0009680027192822133
ALOX15	nonsense	0	nan,nan	nan
gene_id	mutation_category	events_n	dist	probability
ALPK2	missense	2	111.2	0.7772217135864254
ALPK2	missense_comb	2	111.2	0.057488940857954945
ALPK2	missense_pois	2	111.2	0.013269246135493304
ALPK2	nonsense	0	nan	nan
gene_id	mutation_category	events_n	dist	probability
ALPK3	missense	2	nan	nan
ALPK3	missense_comb	2	nan	0.02205760723593731
ALPK3	missense_pois	2	nan	0.02205760723593731
ALPK3	nonsense	0	nan	nan
gene_id	mutation_category	events_n	dist	probability
ALS2	missense	2	84.0	0.8525060016388222
ALS2	missense_comb	2	84.0	0.0343063435812331
ALS2	missense_pois	2	84.0	0.006494385849031611
ALS2	nonsense	1	nan	nan
gene_id	mutation_category	events_n	dist	probability
ANGPT4	missense	2	58.9	0.5073067388077029
ANGPT4	missense_comb	2	58.9	0.002284043234873598
ANGPT4	missense_pois	2	58.9	0.000483428920417195
ANGPT4	nonsense	0	nan	nan
gene_id	mutation_category	events_n	dist	probability
ANGPTL5	missense	2	63.6	0.7076860143590444
ANGPTL5	missense_comb	2	63.6	0.0004594164585867859
ANGPTL5	missense_pois	2	63.6	5.852826470109646e-05
ANGPTL5	nonsense	0	nan	nan
gene_id	mutation_category	events_n	dist	probability
APBB1	missense	2	43.6,nan	0.3429918517445349
APBB1	missense_comb	2	43.6,nan	0.004410799069633863
APBB1	missense_pois	2	43.6,nan	0.0015001676988211105
APBB1	nonsense	0	nan,nan	nan
gene_id	mutation_category	events_n	dist	probability
ARFGEF2	missense	3	106.7	0.8786672680148081
ARFGEF2	missense_comb	3	106.7	0.008786668038176442
ARFGEF2	missense_pois	3	106.7	0.0012841955816829103
ARFGEF2	nonsense	0	nan	nan
gene_id	mutation_category	events_n	dist	probability
ARHGAP35	missense	1	nan,nan,nan	nan
ARHGAP35	missense_comb	1	nan,nan,nan	0.06089271289050348
ARHGAP35	missense_pois	1	nan,nan,nan	0.06089271289050348
ARHGAP35	nonsense	1	nan,nan,nan	nan
gene_id	mutation_category	events_n	dist	probability
ARHGEF12	missense	2	15.8	0.02298267752241469
ARHGEF12	missense_comb	2	15.8	0.0014287186019599934
ARHGEF12	missense_pois	2	15.8	0.006319418377902508
ARHGEF12	nonsense	0	nan	nan
gene_id	mutation_category	events_n	dist	probability
ARID1A	missense	2	69.8	0.3852699846081113
ARID1A	missense_comb	2	69.8	0.0689689803199344
ARID1A	missense_pois	2	69.8	0.0334514973104718
ARID1A	nonsense	0	nan	nan
gene_id	mutation_category	events_n	dist	probability
ARID1B	missense	2	118.7	0.8920715011992055
ARID1B	missense_comb	2	118.7	0.16038926298567038
ARID1B	missense_pois	2	118.7	0.041955493335956905
ARID1B	nonsense	0	nan	nan
gene_id	mutation_category	events_n	dist	probability
ARID2	missense	2	81.2	0.5510317049885367
ARID2	missense_comb	2	81.2	0.02940182992039927
ARID2	missense_pois	2	81.2	0.008363496401564642
ARID2	nonsense	0	nan	nan
gene_id	mutation_category	events_n	dist	probability
ARID3A	missense	2	50.2	0.38371874018090296
ARID3A	missense_comb	2	50.2	0.004765103424153296
ARID3A	missense_pois	2	50.2	0.0014636013333626495
ARID3A	nonsense	0	nan	nan
gene_id	mutation_category	events_n	dist	probability
ASAP3	missense	2	7.5	0.011389499873450004
ASAP3	missense_comb	2	7.5	0.0003757237723586133
ASAP3	missense_pois	2	7.5	0.0029161019648811203
ASAP3	nonsense	0	nan	nan
gene_id	mutation_category	events_n	dist	probability
ASIC4	missense	2	29.4	0.2449084750565725
ASIC4	missense_comb	2	29.4	0.0033844433021876464
ASIC4	missense_pois	2	29.4	0.0015577270160055405
ASIC4	nonsense	0	nan	nan
gene_id	mutation_category	events_n	dist	probability
BAG6	missense	1	nan	nan
BAG6	missense_comb	1	nan	0.04228755309240232
BAG6	missense_pois	1	nan	0.04228755309240232
BAG6	nonsense	1	nan	nan
gene_id	mutation_category	events_n	dist	probability
BAIAP3	missense	2	165.2	0.9675581225826875
BAIAP3	missense_comb	2	165.2	0.05212241382119234
BAIAP3	missense_pois	2	165.2	0.00946170675364288
BAIAP3	nonsense	1	nan	nan
gene_id	mutation_category	events_n	dist	probability
BAZ2A	missense	1	nan	nan
BAZ2A	missense_comb	1	nan	0.09239325733762761
BAZ2A	missense_pois	1	nan	0.09239325733762761
BAZ2A	nonsense	1	nan	nan
gene_id	mutation_category	events_n	dist	probability
BAZ2B	missense	2	100.3	0.7458302806018856
BAZ2B	missense_comb	2	100.3	0.046645846101155714
BAZ2B	missense_pois	2	100.3	0.0107316706877145
BAZ2B	nonsense	0	nan	nan
gene_id	mutation_category	events_n	dist	probability
BICD1	missense	2	45.3	0.15531427605206363
BICD1	missense_comb	2	45.3	0.003231076625026994
BICD1	missense_pois	2	45.3	0.002331275664759211
BICD1	nonsense	0	nan	nan
gene_id	mutation_category	events_n	dist	probability
BRAF	missense	5	34.4	0.11154208764953237
BRAF	missense_comb	5	34.4	7.8661479334512e-08
BRAF	missense_pois	5	34.4	3.461653053093987e-08
BRAF	nonsense	0	nan	nan
gene_id	mutation_category	events_n	dist	probability
BRD4	missense	2	27.5,nan	0.049239043897343945
BRD4	missense_comb	2	27.5,nan	0.004383118062272999
BRD4	missense_pois	2	27.5,nan	0.010375737976236706
BRD4	nonsense	0	nan,nan	nan
gene_id	mutation_category	events_n	dist	probability
BRINP3	missense	2	91.4	0.7223345919740602
BRINP3	missense_comb	2	91.4	0.007260334531260648
BRINP3	missense_pois	2	91.4	0.0012555451924601787
BRINP3	nonsense	0	nan	nan
gene_id	mutation_category	events_n	dist	probability
BTBD6	missense	2	39.7	0.4778930613567439
BTBD6	missense_comb	2	39.7	0.00411047782134106
BTBD6	missense_pois	2	39.7	0.0009941334896176326
BTBD6	nonsense	0	nan	nan
gene_id	mutation_category	events_n	dist	probability
CABIN1	missense	2	95.7,nan	0.6872956812522704
CABIN1	missense_comb	2	95.7,nan	0.09034455934054317
CABIN1	missense_pois	2	95.7,nan	0.026201066973544594
CABIN1	nonsense	0	nan,nan	nan
gene_id	mutation_category	events_n	dist	probability
CACNA1A	missense	3	64.8	0.4199019175566454
CACNA1A	missense_comb	3	64.8	0.04243194977397542
CACNA1A	missense_pois	3	64.8	0.017006749687354893
CACNA1A	nonsense	1	nan	nan
gene_id	mutation_category	events_n	dist	probability
CACNA1C	missense	3	53.2	0.3263332963740745
CACNA1C	missense_comb	3	53.2	0.014767059600625318
CACNA1C	missense_pois	3	53.2	0.006295652763507634
CACNA1C	nonsense	0	nan	nan
gene_id	mutation_category	events_n	dist	probability
CACNA1H	missense	2	25.3	0.045548621716126426
CACNA1H	missense_comb	2	25.3	0.022946483266343635
CACNA1H	missense_pois	2	25.3	0.07549979825952902
CACNA1H	nonsense	0	nan	nan
gene_id	mutation_category	events_n	dist	probability
CACNA1S	missense	2	76.1	0.741844747312836
CACNA1S	missense_comb	2	76.1	0.06745462024046937
CACNA1S	missense_pois	2	76.1	0.0169050594003319
CACNA1S	nonsense	0	nan	nan
gene_id	mutation_category	events_n	dist	probability
CACNA2D1	missense	1	nan	nan
CACNA2D1	missense_comb	1	nan	0.0190115183788411
CACNA2D1	missense_pois	1	nan	0.0190115183788411
CACNA2D1	nonsense	1	nan	nan
gene_id	mutation_category	events_n	dist	probability
CAD	missense	3	47.1	0.3016809299813229
CAD	missense_comb	3	47.1	0.012278975982598627
CAD	missense_pois	3	47.1	0.005499094649023099
CAD	nonsense	0	nan	nan
gene_id	mutation_category	events_n	dist	probability
CBLC	missense	2	91.6	0.9949801889446646
CBLC	missense_comb	2	91.6	0.004601079443416587
CBLC	missense_pois	2	91.6	0.000542477402937669
CBLC	nonsense	0	nan	nan
gene_id	mutation_category	events_n	dist	probability
CCAR1	missense	2	100.7	0.867105023698833
CCAR1	missense_comb	2	100.7	0.015088247501211755
CCAR1	missense_pois	2	100.7	0.0024293410694089506
CCAR1	nonsense	0	nan	nan
gene_id	mutation_category	events_n	dist	probability
CCDC13	missense	2	18.3	0.03295343296718408
CCDC13	missense_comb	2	18.3	0.0004221856309169409
CCDC13	missense_pois	2	18.3	0.0011454659566315602
CCDC13	nonsense	0	nan	nan
gene_id	mutation_category	events_n	dist	probability
CCDC57	missense	2	84.7	0.39760854002657176
CCDC57	missense_comb	2	84.7	0.011047215704189994
CCDC57	missense_pois	2	84.7	0.003692920805141281
CCDC57	nonsense	0	nan	nan
gene_id	mutation_category	events_n	dist	probability
CCDC88C	missense	2	197.4	0.865122412609751
CCDC88C	missense_comb	2	197.4	0.10854545858477997
CCDC88C	missense_pois	2	197.4	0.026213749433577502
CCDC88C	nonsense	0	nan	nan
gene_id	mutation_category	events_n	dist	probability
CDK13	missense	2	79.9	0.5494186494509037
CDK13	missense_comb	2	79.9	0.040923340672623536
CDK13	missense_pois	2	79.9	0.012444470722129397
CDK13	nonsense	0	nan	nan
gene_id	mutation_category	events_n	dist	probability
CEP170	missense	2	64.7	0.3299394074451175
CEP170	missense_comb	2	64.7	0.007897993786112013
CEP170	missense_pois	2	64.7	0.0030265770054045413
CEP170	nonsense	0	nan	nan
gene_id	mutation_category	events_n	dist	probability
CEP290	missense	3	89.0	0.667480703694659
CEP290	missense_comb	3	89.0	0.006633050861363911
CEP290	missense_pois	3	89.0	0.0012255408145822608
CEP290	nonsense	0	nan	nan
gene_id	mutation_category	events_n	dist	probability
CFH	missense	2	26.6	0.08579139904676214
CFH	missense_comb	2	26.6	0.002245805504719464
CFH	missense_pois	2	26.6	0.0028050870604134893
CFH	nonsense	0	nan	nan
gene_id	mutation_category	events_n	dist	probability
CHAD	missense	2	7.1,nan	0.031059666321559248
CHAD	missense_comb	2	7.1,nan	0.0001237062976593683
CHAD	missense_pois	2	7.1,nan	0.00031798377903813303
CHAD	nonsense	0	nan,nan	nan
gene_id	mutation_category	events_n	dist	probability
CHD4	missense	4	39.3	0.07441957695089357
CHD4	missense_comb	4	39.3	0.00020766765468171645
CHD4	missense_pois	4	39.3	0.00023329495013890724
CHD4	nonsense	0	nan	nan
gene_id	mutation_category	events_n	dist	probability
CHD8	missense	2	63.3,nan,nan	0.3430082406332418
CHD8	missense_comb	2	63.3,nan,nan	0.05777684589356158
CHD8	missense_pois	2	63.3,nan,nan	0.0302503734455863
CHD8	nonsense	0	nan,nan,nan	nan
gene_id	mutation_category	events_n	dist	probability
CHRNB4	missense	2	43.9	0.3869402845895524
CHRNB4	missense_comb	2	43.9	0.0032668019304337203
CHRNB4	missense_pois	2	43.9	0.0009474139464953355
CHRNB4	nonsense	0	nan	nan
gene_id	mutation_category	events_n	dist	probability
CLK3	missense	2	51.6,nan	0.40563997327066703
CLK3	missense_comb	2	51.6,nan	0.0071181018846184
CLK3	missense_pois	2	51.6,nan	0.0021858131034872006
CLK3	nonsense	0	nan,nan	nan
gene_id	mutation_category	events_n	dist	probability
CLTCL1	missense	2	49.0	0.24623719726403118
CLTCL1	missense_comb	2	49.0	0.016375634284575252
CLTCL1	missense_pois	2	49.0	0.009409812619238568
CLTCL1	nonsense	1	nan	nan
gene_id	mutation_category	events_n	dist	probability
CLUH	missense	3	37.1	0.30491225216764156
CLUH	missense_comb	3	37.1	0.0047323965497539965
CLUH	missense_pois	3	37.1	0.0018275543211559997
CLUH	nonsense	0	nan	nan
gene_id	mutation_category	events_n	dist	probability
COL15A1	missense	2	96.0	0.8642463570639294
COL15A1	missense_comb	2	96.0	0.031187958406723178
COL15A1	missense_pois	2	96.0	0.005719151107415721
COL15A1	nonsense	1	nan	nan
gene_id	mutation_category	events_n	dist	probability
COL20A1	missense	2	33.9	0.16106360932151545
COL20A1	missense_comb	2	33.9	0.011686524004297488
COL20A1	missense_pois	2	33.9	0.009728027433989815
COL20A1	nonsense	0	nan	nan
gene_id	mutation_category	events_n	dist	probability
COL6A6	missense	2	74.3	0.7018428144239686
COL6A6	missense_comb	2	74.3	0.07123281177586428
COL6A6	missense_pois	2	74.3	0.01910756365791689
COL6A6	nonsense	0	nan	nan
gene_id	mutation_category	events_n	dist	probability
CPD	missense	2	36.6	0.2741667525092584
CPD	missense_comb	2	36.6	0.013972065507309634
CPD	missense_pois	2	36.6	0.007027323332214563
CPD	nonsense	0	nan	nan
gene_id	mutation_category	events_n	dist	probability
CPEB1	missense	2	99.2	0.9786503669038848
CPEB1	missense_comb	2	99.2	0.00498676640752276
CPEB1	missense_pois	2	99.2	0.0006042300779542928
CPEB1	nonsense	0	nan	nan
gene_id	mutation_category	events_n	dist	probability
CPSF1	missense	2	36.1,nan	0.2980431966884089
CPSF1	missense_comb	2	36.1,nan	0.033391103676944554
CPSF1	missense_pois	2	36.1,nan	0.017987039064409203
CPSF1	nonsense	0	nan,nan	nan
gene_id	mutation_category	events_n	dist	probability
CRB2	missense	2	78.0	0.6301682152203532
CRB2	missense_comb	2	78.0	0.05437834558018693
CRB2	missense_pois	2	78.0	0.015294447967807693
CRB2	nonsense	0	nan	nan
gene_id	mutation_category	events_n	dist	probability
CRIM1	missense	2	57.0	0.49099421676673094
CRIM1	missense_comb	2	57.0	0.013898988769243035
CRIM1	missense_pois	2	57.0	0.0039001996995417015
CRIM1	nonsense	0	nan	nan
gene_id	mutation_category	events_n	dist	probability
CTDSPL2	missense	2	36.8,nan	0.3584883849056845
CTDSPL2	missense_comb	2	36.8,nan	0.000597837877353859
CTDSPL2	missense_pois	2	36.8,nan	0.0001543858915612481
CTDSPL2	nonsense	0	nan,nan	nan
gene_id	mutation_category	events_n	dist	probability
CTNNB1	missense	0	nan	nan
CTNNB1	nonsense	2	11.6	0.058937177122920244
gene_id	mutation_category	events_n	dist	probability
CTU2	missense	2	14.5	0.10169853220334961
CTU2	missense_comb	2	14.5	0.0008264890080047336
CTU2	missense_pois	2	14.5	0.000778107078120538
CTU2	nonsense	0	nan	nan
gene_id	mutation_category	events_n	dist	probability
CYP11A1	missense	2	3.9	0.007923177689742471
CYP11A1	missense_comb	2	3.9	5.980089789422794e-05
CYP11A1	missense_pois	2	3.9	0.0005669232049233526
CYP11A1	nonsense	0	nan	nan
gene_id	mutation_category	events_n	dist	probability
CYP21A2	missense	1	nan	nan
CYP21A2	missense_comb	1	nan	0.005542158064282383
CYP21A2	missense_pois	1	nan	0.005542158064282383
CYP21A2	nonsense	1	nan	nan
gene_id	mutation_category	events_n	dist	probability
DDB1	missense	2	63.2,nan,nan	0.84716290169819
DDB1	missense_comb	2	63.2,nan,nan	0.024188047604935998
DDB1	missense_pois	2	63.2,nan,nan	0.0043191197373750895
DDB1	nonsense	0	nan,nan,nan	nan
gene_id	mutation_category	events_n	dist	probability
DDX10	missense	2	76.8	0.7963149467076117
DDX10	missense_comb	2	76.8	0.007306074223112165
DDX10	missense_pois	2	76.8	0.0011471042137127805
DDX10	nonsense	0	nan	nan
gene_id	mutation_category	events_n	dist	probability
DENND4B	missense	2	23.7	0.09361792118202313
DENND4B	missense_comb	2	23.7	0.008684294697407129
DENND4B	missense_pois	2	23.7	0.011892078980062499
DENND4B	nonsense	0	nan	nan
gene_id	mutation_category	events_n	dist	probability
DGKA	missense	2	16.7,nan,nan	0.09479248783563901
DGKA	missense_comb	2	16.7,nan,nan	0.0009194355693338609
DGKA	missense_pois	2	16.7,nan,nan	0.0009392817985076636
DGKA	nonsense	0	nan,nan,nan	nan
gene_id	mutation_category	events_n	dist	probability
DGKD	missense	2	99.5	0.9549675449448051
DGKD	missense_comb	2	99.5	0.04223746998286996
DGKD	missense_pois	2	99.5	0.007436729542380064
DGKD	nonsense	0	nan	nan
gene_id	mutation_category	events_n	dist	probability
DGUOK	missense	2	19.8	0.2576140082487332
DGUOK	missense_comb	2	19.8	0.00018649635666943967
DGUOK	missense_pois	2	19.8	5.993587630670484e-05
DGUOK	nonsense	0	nan	nan
gene_id	mutation_category	events_n	dist	probability
DHX58	missense	2	63.9	0.9802729891080779
DHX58	missense_comb	2	63.9	0.01072819447175612
DHX58	missense_pois	2	63.9	0.0014481272097670598
DHX58	nonsense	0	nan	nan
gene_id	mutation_category	events_n	dist	probability
DIP2A	missense	2	57.0	0.6514212816508745
DIP2A	missense_comb	2	57.0	0.05817060811166088
DIP2A	missense_pois	2	57.0	0.016060883224596808
DIP2A	nonsense	0	nan	nan
gene_id	mutation_category	events_n	dist	probability
DIP2C	missense	3	50.3	0.47609893915445634
DIP2C	missense_comb	3	50.3	0.008263922153475368
DIP2C	missense_pois	3	50.3	0.0022091018101981796
DIP2C	nonsense	0	nan	nan
gene_id	mutation_category	events_n	dist	probability
DLG2	missense	2	nan,nan	nan
DLG2	missense_comb	2	nan,nan	0.003191132014027542
DLG2	missense_pois	2	nan,nan	0.003191132014027542
DLG2	nonsense	0	nan,nan	nan
gene_id	mutation_category	events_n	dist	probability
DNAJC13	missense	2	31.4	0.11437129872920779
DNAJC13	missense_comb	2	31.4	0.011342988128557755
DNAJC13	missense_pois	2	31.4	0.013235682703122701
DNAJC13	nonsense	1	nan	nan
gene_id	mutation_category	events_n	dist	probability
DOCK1	missense	2	91.7	0.724995003055611
DOCK1	missense_comb	2	91.7	0.06053731527313761
DOCK1	missense_pois	2	91.7	0.015150762520583096
DOCK1	nonsense	0	nan	nan
gene_id	mutation_category	events_n	dist	probability
DOCK4	missense	2	51.6	0.2893637856737358
DOCK4	missense_comb	2	51.6	0.0288684432909447
DOCK4	missense_pois	2	51.6	0.015584552594207086
DOCK4	nonsense	0	nan	nan
gene_id	mutation_category	events_n	dist	probability
DPP3	missense	2	23.1	0.2399518084449799
DPP3	missense_comb	2	23.1	0.004265855924430851
DPP3	missense_pois	2	23.1	0.0020647948448114808
DPP3	nonsense	0	nan	nan
gene_id	mutation_category	events_n	dist	probability
DPYSL5	missense	2	21.6,nan,nan	0.24149435287228493
DPYSL5	missense_comb	2	21.6,nan,nan	0.0022319483878833627
DPYSL5	missense_pois	2	21.6,nan,nan	0.0009896295399447477
DPYSL5	nonsense	0	nan,nan,nan	nan
gene_id	mutation_category	events_n	dist	probability
DSCAML1	missense	6	69.2,nan	0.6962900255967774
DSCAML1	missense_comb	6	69.2,nan	0.00012403486828064508
DSCAML1	missense_pois	6	69.2,nan	1.4225368421549899e-05
DSCAML1	nonsense	0	nan,nan	nan
gene_id	mutation_category	events_n	dist	probability
EEF2	missense	3	23.3	0.1193960875622657
EEF2	missense_comb	3	23.3	0.00047060006830741924
EEF2	missense_pois	3	23.3	0.0003562033551203208
EEF2	nonsense	0	nan	nan
gene_id	mutation_category	events_n	dist	probability
EEPD1	missense	3	35.4,nan	0.40247201775031094
EEPD1	missense_comb	3	35.4,nan	0.00018254033452346839
EEPD1	missense_pois	3	35.4,nan	3.747740553938777e-05
EEPD1	nonsense	0	nan,nan	nan
gene_id	mutation_category	events_n	dist	probability
EFR3A	missense	1	nan	nan
EFR3A	missense_comb	1	nan	0.016437159057849593
EFR3A	missense_pois	1	nan	0.016437159057849593
EFR3A	nonsense	1	nan	nan
gene_id	mutation_category	events_n	dist	probability
EHMT1	missense	2	106.4	0.9569085115899054
EHMT1	missense_comb	2	106.4	0.057552331418589744
EHMT1	missense_pois	2	106.4	0.010792051697051306
EHMT1	nonsense	0	nan	nan
gene_id	mutation_category	events_n	dist	probability
EIF4G3	missense	2	78.7	0.6425086039721266
EIF4G3	missense_comb	2	78.7	0.02713175034653712
EIF4G3	missense_pois	2	78.7	0.006521674987234657
EIF4G3	nonsense	0	nan	nan
gene_id	mutation_category	events_n	dist	probability
ELMO2	missense	3	59.1,nan	0.9172481120305765
ELMO2	missense_comb	3	59.1,nan	0.0004807452882672173
ELMO2	missense_pois	3	59.1,nan	4.7466334268886357e-05
ELMO2	nonsense	0	nan,nan	nan
gene_id	mutation_category	events_n	dist	probability
EML5	missense	2	57.4	0.5067592721471191
EML5	missense_comb	2	57.4	0.03723442714651563
EML5	missense_pois	2	57.4	0.012047986316313904
EML5	nonsense	1	nan	nan
gene_id	mutation_category	events_n	dist	probability
EML6	missense	2	41.0,nan	0.289226596786371
EML6	missense_comb	2	41.0,nan	0.02864470530688882
EML6	missense_pois	2	41.0,nan	0.015448853418254
EML6	nonsense	0	nan,nan	nan
gene_id	mutation_category	events_n	dist	probability
EP300	missense	1	nan	nan
EP300	missense_comb	1	nan	0.11848543045863802
EP300	missense_pois	1	nan	0.11848543045863802
EP300	nonsense	1	nan	nan
gene_id	mutation_category	events_n	dist	probability
ETS1	missense	1	nan	nan
ETS1	missense_comb	1	nan	0.008774084598096145
ETS1	missense_pois	1	nan	0.008774084598096145
ETS1	nonsense	1	nan	nan
gene_id	mutation_category	events_n	dist	probability
EVPL	missense	2	76.6	0.6465626261493043
EVPL	missense_comb	2	76.6	0.12019548607962892
EVPL	missense_pois	2	76.6	0.0399181549059051
EVPL	nonsense	1	nan	nan
gene_id	mutation_category	events_n	dist	probability
FAM135A	missense	2	66.5,nan	0.6148906153901041
FAM135A	missense_comb	2	66.5,nan	0.01773934355358793
FAM135A	missense_pois	2	66.5,nan	0.004136625069521733
FAM135A	nonsense	0	nan,nan	nan
gene_id	mutation_category	events_n	dist	probability
FBXO10	missense	2	22.9	0.15784338713507348
FBXO10	missense_comb	2	22.9	0.004556759714823159
FBXO10	missense_pois	2	22.9	0.0033822665740019806
FBXO10	nonsense	0	nan	nan
gene_id	mutation_category	events_n	dist	probability
FCHO1	missense	2	92.0	0.8384747129058365
FCHO1	missense_comb	2	92.0	0.0226104063656682
FCHO1	missense_pois	2	92.0	0.0040308386852163595
FCHO1	nonsense	0	nan	nan
gene_id	mutation_category	events_n	dist	probability
FGFR2	missense	2	73.8	0.8266896130367821
FGFR2	missense_comb	2	73.8	0.012915671645437337
FGFR2	missense_pois	2	73.8	0.0021276333411327504
FGFR2	nonsense	0	nan	nan
gene_id	mutation_category	events_n	dist	probability
FLII	missense	2	69.7	0.745455547272716
FLII	missense_comb	2	69.7	0.04462845897882737
FLII	missense_pois	2	69.7	0.010179563190307904
FLII	nonsense	0	nan	nan
gene_id	mutation_category	events_n	dist	probability
FLT4	missense	3	103.8	0.9258782119346866
FLT4	missense_comb	3	103.8	0.012436695828435759
FLT4	missense_pois	3	103.8	0.00181842298665313
FLT4	nonsense	2	90.0	0.7156548476038351
gene_id	mutation_category	events_n	dist	probability
FLYWCH1	missense	2	3.8	0.004565699949269999
FLYWCH1	missense_comb	2	3.8	0.00014601877234109758
FLYWCH1	missense_pois	2	3.8	0.002590652829298159
FLYWCH1	nonsense	0	nan	nan
gene_id	mutation_category	events_n	dist	probability
FMN1	missense	2	109.2	0.857534512694061
FMN1	missense_comb	2	109.2	0.05255684932082235
FMN1	missense_pois	2	109.2	0.010783720198320697
FMN1	nonsense	0	nan	nan
gene_id	mutation_category	events_n	dist	probability
FOXC2	missense	1	nan	nan
FOXC2	missense_comb	1	nan	0.02558528083914361
FOXC2	missense_pois	1	nan	0.02558528083914361
FOXC2	nonsense	1	nan	nan
gene_id	mutation_category	events_n	dist	probability
FOXK1	missense	2	90.4	0.8236210464042106
FOXK1	missense_comb	2	90.4	0.025326179952087365
FOXK1	missense_pois	2	90.4	0.004690078043852128
FOXK1	nonsense	0	nan	nan
gene_id	mutation_category	events_n	dist	probability
FOXP4	missense	2	53.0	0.3911811512090983
FOXP4	missense_comb	2	53.0	0.0044569307450296755
FOXP4	missense_pois	2	53.0	0.0013309492733475398
FOXP4	nonsense	0	nan	nan
gene_id	mutation_category	events_n	dist	probability
FRMPD1	missense	2	31.4,nan	0.09695866558934821
FRMPD1	missense_comb	2	31.4,nan	0.006387911994904672
FRMPD1	missense_pois	2	31.4,nan	0.008082239921001882
FRMPD1	nonsense	0	nan,nan	nan
gene_id	mutation_category	events_n	dist	probability
FSCN2	missense	2	37.3	0.6403213817742069
FSCN2	missense_comb	2	37.3	0.009689343693291618
FSCN2	missense_pois	2	37.3	0.0019716857391965893
FSCN2	nonsense	0	nan	nan
gene_id	mutation_category	events_n	dist	probability
GALK1	missense	2	37.1,nan	0.7928503467461071
GALK1	missense_comb	2	37.1,nan	0.003272216497952464
GALK1	missense_pois	2	37.1,nan	0.0004632363688288337
GALK1	nonsense	0	nan,nan	nan
gene_id	mutation_category	events_n	dist	probability
GAN	missense	2	14.3	0.07610495470994495
GAN	missense_comb	2	14.3	0.0006303817505390546
GAN	missense_pois	2	14.3	0.0007709843115172305
GAN	nonsense	0	nan	nan
gene_id	mutation_category	events_n	dist	probability
GANAB	missense	1	nan	nan
GANAB	missense_comb	1	nan	0.031709406500442204
GANAB	missense_pois	1	nan	0.031709406500442204
GANAB	nonsense	1	nan	nan
gene_id	mutation_category	events_n	dist	probability
GATA4	missense	0	nan	nan
GATA4	nonsense	2	83.0	0.9030974566322505
gene_id	mutation_category	events_n	dist	probability
GATA6	missense	1	nan,nan	nan
GATA6	missense_comb	1	nan,nan	0.032647781734877306
GATA6	missense_pois	1	nan,nan	0.032647781734877306
GATA6	nonsense	2	51.8,nan	0.4608802615457749
gene_id	mutation_category	events_n	dist	probability
GGA3	missense	2	nan,nan	nan
GGA3	missense_comb	2	nan,nan	0.0012636510050858497
GGA3	missense_pois	2	nan,nan	0.0012636510050858497
GGA3	nonsense	0	nan,nan	nan
gene_id	mutation_category	events_n	dist	probability
GLIS3	missense	2	55.8	0.46765376147051374
GLIS3	missense_comb	2	55.8	0.011529673789465678
GLIS3	missense_pois	2	55.8	0.0032985414677553196
GLIS3	nonsense	0	nan	nan
gene_id	mutation_category	events_n	dist	probability
GNB1	missense	2	12.3,nan	0.09840349890662778
GNB1	missense_comb	2	12.3,nan	0.0002583334691803885
GNB1	missense_pois	2	12.3,nan	0.00022394376946000019
GNB1	nonsense	0	nan,nan	nan
gene_id	mutation_category	events_n	dist	probability
GNPAT	missense	2	24.2	0.24591305282318832
GNPAT	missense_comb	2	24.2	0.001222624145383046
GNPAT	missense_pois	2	24.2	0.00049666196553666
GNPAT	nonsense	0	nan	nan
gene_id	mutation_category	events_n	dist	probability
GPBAR1	missense	2	34.7,nan,nan,nan	0.5479861383557096
GPBAR1	missense_comb	2	34.7,nan,nan,nan	0.000995895840706282
GPBAR1	missense_pois	2	34.7,nan,nan,nan	0.00017751311077429693
GPBAR1	nonsense	1	nan,nan,nan,nan	nan
gene_id	mutation_category	events_n	dist	probability
GPR20	missense	3	32.2	0.5208013831022067
GPR20	missense_comb	3	32.2	0.00013952883227016648
GPR20	missense_pois	3	32.2	2.1615392158946818e-05
GPR20	nonsense	0	nan	nan
gene_id	mutation_category	events_n	dist	probability
GPRC5B	missense	2	23.8	0.23718564180904841
GPRC5B	missense_comb	2	23.8	0.0008932992232526453
GPRC5B	missense_pois	2	23.8	0.00036359382487649594
GPRC5B	nonsense	0	nan	nan
gene_id	mutation_category	events_n	dist	probability
GPRC5C	missense	2	106.5	0.9005196788831147
GPRC5C	missense_comb	2	106.5	0.004898516845874407
GPRC5C	missense_pois	2	106.5	0.0006434880290401289
GPRC5C	nonsense	0	nan	nan
gene_id	mutation_category	events_n	dist	probability
GRIK3	missense	2	125.3	0.8468390572573438
GRIK3	missense_comb	2	125.3	0.024071390364295574
GRIK3	missense_pois	2	125.3	0.004296230904435869
GRIK3	nonsense	0	nan	nan
gene_id	mutation_category	events_n	dist	probability
GTPBP1	missense	2	46.6	0.6039556599560485
GTPBP1	missense_comb	2	46.6	0.007791625563446569
GTPBP1	missense_pois	2	46.6	0.0016279490191655195
GTPBP1	nonsense	0	nan	nan
gene_id	mutation_category	events_n	dist	probability
HAUS3	missense	2	131.5,nan	0.6533926260734153
HAUS3	missense_comb	2	131.5,nan	0.001407158472180757
HAUS3	missense_pois	2	131.5,nan	0.00021855123414871213
HAUS3	nonsense	0	nan,nan	nan
gene_id	mutation_category	events_n	dist	probability
HDAC7	missense	1	nan	nan
HDAC7	missense_comb	1	nan	0.04419323216505281
HDAC7	missense_pois	1	nan	0.04419323216505281
HDAC7	nonsense	1	nan	nan
gene_id	mutation_category	events_n	dist	probability
HECTD1	missense	2	90.9	0.8310464907661501
HECTD1	missense_comb	2	90.9	0.09617942737650613
HECTD1	missense_pois	2	90.9	0.0234342265272298
HECTD1	nonsense	0	nan	nan
gene_id	mutation_category	events_n	dist	probability
HEPACAM	missense	2	42.1	0.2764145302620607
HEPACAM	missense_comb	2	42.1	0.0014763900822165376
HEPACAM	missense_pois	2	42.1	0.0005449888782800279
HEPACAM	nonsense	0	nan	nan
gene_id	mutation_category	events_n	dist	probability
HGFAC	missense	2	5.5	0.009002288788863461
HGFAC	missense_comb	2	5.5	0.00024806820940326247
HGFAC	missense_pois	2	5.5	0.00234179109132759
HGFAC	nonsense	0	nan	nan
gene_id	mutation_category	events_n	dist	probability
HHAT	missense	1	nan,nan,nan	nan
HHAT	missense_comb	1	nan,nan,nan	0.0099903470585222
HHAT	missense_pois	1	nan,nan,nan	0.0099903470585222
HHAT	nonsense	1	nan,nan,nan	nan
gene_id	mutation_category	events_n	dist	probability
HID1	missense	2	42.6	0.5760499602661115
HID1	missense_comb	2	42.6	0.009566399314211296
HID1	missense_pois	2	42.6	0.00215973129527236
HID1	nonsense	0	nan	nan
gene_id	mutation_category	events_n	dist	probability
HIRA	missense	1	nan	nan
HIRA	missense_comb	1	nan	0.0372690421681022
HIRA	missense_pois	1	nan	0.0372690421681022
HIRA	nonsense	1	nan	nan
gene_id	mutation_category	events_n	dist	probability
HIVEP2	missense	3	96.6,nan,nan	0.5792976046744709
HIVEP2	missense_comb	3	96.6,nan,nan	0.013414401788679496
HIVEP2	missense_pois	3	96.6,nan,nan	0.003172451011977378
HIVEP2	nonsense	0	nan,nan,nan	nan
gene_id	mutation_category	events_n	dist	probability
HOXA10	missense	2	39.1	0.17445202028386644
HOXA10	missense_comb	2	39.1	0.001751861610491124
HOXA10	missense_pois	2	39.1	0.0010449762799954498
HOXA10	nonsense	0	nan	nan
gene_id	mutation_category	events_n	dist	probability
HR	missense	2	58.5,nan	0.5310607718771025
HR	missense_comb	2	58.5,nan	0.022271864202499655
HR	missense_pois	2	58.5,nan	0.006252298295294722
HR	nonsense	0	nan,nan	nan
gene_id	mutation_category	events_n	dist	probability
HSP90AA1	missense	2	29.2	0.26841031923988534
HSP90AA1	missense_comb	2	29.2	0.002832314175244838
HSP90AA1	missense_pois	2	29.2	0.0011631802924579899
HSP90AA1	nonsense	0	nan	nan
gene_id	mutation_category	events_n	dist	probability
HSPA8	missense	2	41.4,nan,nan	0.6578710815792103
HSPA8	missense_comb	2	41.4,nan,nan	0.003643374031928129
HSPA8	missense_pois	2	41.4,nan,nan	0.0006301732484943485
HSPA8	nonsense	0	nan,nan,nan	nan
gene_id	mutation_category	events_n	dist	probability
IAPP	missense	1	nan,nan	nan
IAPP	missense_comb	1	nan,nan	0.00025353531065097585
IAPP	missense_pois	1	nan,nan	0.00025353531065097585
IAPP	nonsense	1	nan,nan	nan
gene_id	mutation_category	events_n	dist	probability
IGF2R	missense	3	50.7	0.27381741917980645
IGF2R	missense_comb	3	50.7	0.011884640750659278
IGF2R	missense_pois	3	50.7	0.00583436927712677
IGF2R	nonsense	0	nan	nan
gene_id	mutation_category	events_n	dist	probability
IL4R	missense	2	62.2,nan	0.4540262727330413
IL4R	missense_comb	2	62.2,nan	0.005292610473789573
IL4R	missense_pois	2	62.2,nan	0.0013934568300754107
IL4R	nonsense	0	nan,nan	nan
gene_id	mutation_category	events_n	dist	probability
ILF3	missense	2	36.2,nan	0.217296908696701
ILF3	missense_comb	2	36.2,nan	0.005879528280765994
ILF3	missense_pois	2	36.2,nan	0.0032812943212552318
ILF3	nonsense	0	nan,nan	nan
gene_id	mutation_category	events_n	dist	probability
IQGAP1	missense	2	81.8	0.6387762040135976
IQGAP1	missense_comb	2	81.8	0.029530557736620073
IQGAP1	missense_pois	2	81.8	0.007252134625341357
IQGAP1	nonsense	0	nan	nan
gene_id	mutation_category	events_n	dist	probability
IRF2BPL	missense	2	72.0	0.6867483368139076
IRF2BPL	missense_comb	2	72.0	0.027284222221500527
IRF2BPL	missense_pois	2	72.0	0.006142130530583537
IRF2BPL	nonsense	0	nan	nan
gene_id	mutation_category	events_n	dist	probability
IRS2	missense	2	106.1	0.8040289466219006
IRS2	missense_comb	2	106.1	0.11803713876493974
IRS2	missense_pois	2	106.1	0.031368572388427295
IRS2	nonsense	0	nan	nan
gene_id	mutation_category	events_n	dist	probability
ITGAE	missense	2	52.6	0.43583168404631467
ITGAE	missense_comb	2	52.6	0.015521335110502186
ITGAE	missense_pois	2	52.6	0.004994951830329159
ITGAE	nonsense	0	nan	nan
gene_id	mutation_category	events_n	dist	probability
ITPR3	missense	2	72.1,nan	0.4816608168704355
ITPR3	missense_comb	2	72.1,nan	0.1335229957230146
ITPR3	missense_pois	2	72.1,nan	0.06129576096083669
ITPR3	nonsense	0	nan,nan	nan
gene_id	mutation_category	events_n	dist	probability
ITSN2	missense	2	79.9	0.6435496817383368
ITSN2	missense_comb	2	79.9	0.02833270834861199
ITSN2	missense_pois	2	79.9	0.006853590421251552
ITSN2	nonsense	0	nan	nan
gene_id	mutation_category	events_n	dist	probability
JAG1	missense	2	70.1	0.48780882791323543
JAG1	missense_comb	2	70.1	0.022185573242490812
JAG1	missense_pois	2	70.1	0.006775683059624734
JAG1	nonsense	1	nan	nan
gene_id	mutation_category	events_n	dist	probability
JAKMIP2	missense	2	51.1	0.3246088408376795
JAKMIP2	missense_comb	2	51.1	0.003037079615452681
JAKMIP2	missense_pois	2	51.1	0.0010403384445215593
JAKMIP2	nonsense	0	nan	nan
gene_id	mutation_category	events_n	dist	probability
JMJD1C	missense	2	119.0	0.9040548788438347
JMJD1C	missense_comb	2	119.0	0.0803602817064157
JMJD1C	missense_pois	2	119.0	0.017217508089518906
JMJD1C	nonsense	1	nan	nan
gene_id	mutation_category	events_n	dist	probability
JPH2	missense	2	33.5	0.2291693863425623
JPH2	missense_comb	2	33.5	0.008288035565781395
JPH2	missense_pois	2	33.5	0.004604752673052938
JPH2	nonsense	0	nan	nan
gene_id	mutation_category	events_n	dist	probability
JUP	missense	2	110.5,nan,nan	0.9602396671084481
JUP	missense_comb	2	110.5,nan,nan	0.03444091054213613
JUP	missense_pois	2	110.5,nan,nan	0.00579273173099892
JUP	nonsense	0	nan,nan,nan	nan
gene_id	mutation_category	events_n	dist	probability
KAT6A	missense	1	nan	nan
KAT6A	missense_comb	1	nan	0.09467161614771898
KAT6A	missense_pois	1	nan	0.09467161614771898
KAT6A	nonsense	1	nan	nan
gene_id	mutation_category	events_n	dist	probability
KDM5A	missense	2	69.6	0.5393031051188545
KDM5A	missense_comb	2	69.6	0.029984989153178647
KDM5A	missense_pois	2	69.6	0.008746815808110535
KDM5A	nonsense	0	nan	nan
gene_id	mutation_category	events_n	dist	probability
KDM5B	missense	2	194.4	0.9377366673584815
KDM5B	missense_comb	2	194.4	0.0395736065438862
KDM5B	missense_pois	2	194.4	0.007003636151016073
KDM5B	nonsense	1	nan	nan
gene_id	mutation_category	events_n	dist	probability
KIF15	missense	2	118.6	0.8005806355491041
KIF15	missense_comb	2	118.6	0.01695577139010657
KIF15	missense_pois	2	118.6	0.0030140415004886695
KIF15	nonsense	0	nan	nan
gene_id	mutation_category	events_n	dist	probability
KIF26A	missense	4	58.0	0.25044077499510237
KIF26A	missense_comb	4	58.0	0.0027019463909674704
KIF26A	missense_pois	4	58.0	0.0011823592806261593
KIF26A	nonsense	0	nan	nan
gene_id	mutation_category	events_n	dist	probability
KLF2	missense	2	50.4	0.5425809717491004
KLF2	missense_comb	2	50.4	0.006420069940097592
KLF2	missense_pois	2	50.4	0.001452578834098441
KLF2	nonsense	0	nan	nan
gene_id	mutation_category	events_n	dist	probability
KLF4	missense	2	48.1	0.3446960072811554
KLF4	missense_comb	2	48.1	0.00354998384346386
KLF4	missense_pois	2	48.1	0.0011679973131582002
KLF4	nonsense	0	nan	nan
gene_id	mutation_category	events_n	dist	probability
KLHDC4	missense	2	90.8	0.9704156669953815
KLHDC4	missense_comb	2	90.8	0.006219241545402964
KLHDC4	missense_pois	2	90.8	0.0007832808213810163
KLHDC4	nonsense	0	nan	nan
gene_id	mutation_category	events_n	dist	probability
KMT2A	missense	1	nan	nan
KMT2A	missense_comb	1	nan	0.25318459329978493
KMT2A	missense_pois	1	nan	0.25318459329978493
KMT2A	nonsense	1	nan	nan
gene_id	mutation_category	events_n	dist	probability
KNDC1	missense	2	64.6	0.5307940163245108
KNDC1	missense_comb	2	64.6	0.07201448820084852
KNDC1	missense_pois	2	64.6	0.0256070733210223
KNDC1	nonsense	0	nan	nan
gene_id	mutation_category	events_n	dist	probability
KRBA1	missense	2	31.5	0.07307004363255507
KRBA1	missense_comb	2	31.5	0.002148858549696869
KRBA1	missense_pois	2	31.5	0.0031346796607421025
KRBA1	nonsense	0	nan	nan
gene_id	mutation_category	events_n	dist	probability
KRT13	missense	2	53.7	0.3601235071097387
KRT13	missense_comb	2	53.7	0.0017526134940190157
KRT13	missense_pois	2	53.7	0.0005064527867510992
KRT13	nonsense	0	nan	nan
gene_id	mutation_category	events_n	dist	probability
LAMB1	missense	2	84.3	0.5244471275061429
LAMB1	missense_comb	2	84.3	0.0416201110923858
LAMB1	missense_pois	2	84.3	0.0133040541710606
LAMB1	nonsense	0	nan	nan
gene_id	mutation_category	events_n	dist	probability
LAMC1	missense	2	147.4	0.8838881346234652
LAMC1	missense_comb	2	147.4	0.05314287073276608
LAMC1	missense_pois	2	147.4	0.0106039660217663
LAMC1	nonsense	0	nan	nan
gene_id	mutation_category	events_n	dist	probability
LRRC32	missense	2	14.8,nan,nan	0.06796481035594654
LRRC32	missense_comb	2	14.8,nan,nan	0.0008062484696599109
LRRC32	missense_pois	2	14.8,nan,nan	0.00113282610311349
LRRC32	nonsense	0	nan,nan,nan	nan
gene_id	mutation_category	events_n	dist	probability
LRRFIP1	missense	1	nan	nan
LRRFIP1	missense_comb	1	nan	0.041489674350024784
LRRFIP1	missense_pois	1	nan	0.041489674350024784
LRRFIP1	nonsense	1	nan	nan
gene_id	mutation_category	events_n	dist	probability
LRRK1	missense	3	44.7	0.22250624197215288
LRRK1	missense_comb	3	44.7	0.007417409968944543
LRRK1	missense_pois	3	44.7	0.004176894006039158
LRRK1	nonsense	0	nan	nan
gene_id	mutation_category	events_n	dist	probability
LZTR1	missense	3	38.3	0.3787684291247952
LZTR1	missense_comb	3	38.3	0.0011715174295190793
LZTR1	missense_pois	3	38.3	0.0003075188913601591
LZTR1	nonsense	0	nan	nan
gene_id	mutation_category	events_n	dist	probability
LZTS1	missense	2	134.6,nan	0.7393607362293253
LZTS1	missense_comb	2	134.6,nan	0.006995099674512787
LZTS1	missense_pois	2	134.6,nan	0.0011755780377060694
LZTS1	nonsense	0	nan,nan	nan
gene_id	mutation_category	events_n	dist	probability
MAP1S	missense	1	nan	nan
MAP1S	missense_comb	1	nan	0.0703762436200144
MAP1S	missense_pois	1	nan	0.0703762436200144
MAP1S	nonsense	1	nan	nan
gene_id	mutation_category	events_n	dist	probability
MAP2	missense	2	62.4	0.2892748412302795
MAP2	missense_comb	2	62.4	0.01830288968384687
MAP2	missense_pois	2	62.4	0.009120022769581126
MAP2	nonsense	1	nan	nan
gene_id	mutation_category	events_n	dist	probability
MAPK8IP3	missense	2	83.7	0.7332959140744897
MAPK8IP3	missense_comb	2	83.7	0.06506671854629217
MAPK8IP3	missense_pois	2	83.7	0.016362169718103607
MAPK8IP3	nonsense	0	nan	nan
gene_id	mutation_category	events_n	dist	probability
MAST2	missense	2	48.2	0.22259518641560902
MAST2	missense_comb	2	48.2	0.023340699735687635
MAST2	missense_pois	2	48.2	0.015761931099003992
MAST2	nonsense	0	nan	nan
gene_id	mutation_category	events_n	dist	probability
MASTL	missense	3	35.0	0.1665279870385779
MASTL	missense_comb	3	35.0	8.599737719087779e-05
MASTL	missense_pois	3	35.0	3.9970220451435175e-05
MASTL	nonsense	0	nan	nan
gene_id	mutation_category	events_n	dist	probability
MECOM	missense	2	36.5	0.13085365410162605
MECOM	missense_comb	2	36.5	0.0035428216266580586
MECOM	missense_pois	2	36.5	0.003069749758363831
MECOM	nonsense	0	nan	nan
gene_id	mutation_category	events_n	dist	probability
MED16	missense	2	13.8	0.04876362168040422
MED16	missense_comb	2	13.8	0.0028909525690767137
MED16	missense_pois	2	13.8	0.00655169919404441
MED16	nonsense	1	nan	nan
gene_id	mutation_category	events_n	dist	probability
MEIS2	missense	1	nan	nan
MEIS2	missense_comb	1	nan	0.0101935690587962
MEIS2	missense_pois	1	nan	0.0101935690587962
MEIS2	nonsense	1	nan	nan
gene_id	mutation_category	events_n	dist	probability
MICALL2	missense	2	62.8	0.6233792486291195
MICALL2	missense_comb	2	62.8	0.01884756285585525
MICALL2	missense_pois	2	62.8	0.004379664795128298
MICALL2	nonsense	0	nan	nan
gene_id	mutation_category	events_n	dist	probability
MINK1	missense	2	79.1	0.7192089808976782
MINK1	missense_comb	2	79.1	0.047719254848810955
MINK1	missense_pois	2	79.1	0.011438929583742003
MINK1	nonsense	0	nan	nan
gene_id	mutation_category	events_n	dist	probability
MINPP1	missense	2	14.5	0.09542126560643037
MINPP1	missense_comb	2	14.5	0.0005841289640692918
MINPP1	missense_pois	2	14.5	0.0005653746738270016
MINPP1	nonsense	0	nan	nan
gene_id	mutation_category	events_n	dist	probability
MORN5	missense	1	nan	nan
MORN5	missense_comb	1	nan	0.0011967708834283999
MORN5	missense_pois	1	nan	0.0011967708834283999
MORN5	nonsense	1	nan	nan
gene_id	mutation_category	events_n	dist	probability
MPP4	missense	1	nan	nan
MPP4	missense_comb	1	nan	0.011367422272263495
MPP4	missense_pois	1	nan	0.011367422272263495
MPP4	nonsense	1	nan	nan
gene_id	mutation_category	events_n	dist	probability
MSH5	missense	2	17.7	0.08498882127790199
MSH5	missense_comb	2	17.7	0.0014057077694151464
MSH5	missense_pois	2	17.7	0.001678290478297479
MSH5	nonsense	0	nan	nan
gene_id	mutation_category	events_n	dist	probability
MTOR	missense	1	nan	nan
MTOR	missense_comb	1	nan	0.156480970735255
MTOR	missense_pois	1	nan	0.156480970735255
MTOR	nonsense	1	nan	nan
gene_id	mutation_category	events_n	dist	probability
MYH6	missense	3	15.3	0.0028990888566767918
MYH6	missense_comb	3	15.3	0.00013490113666696983
MYH6	missense_pois	3	15.3	0.0037431899981772393
MYH6	nonsense	1	nan	nan
gene_id	mutation_category	events_n	dist	probability
MYH7B	missense	2	135.6	0.9461859672646004
MYH7B	missense_comb	2	135.6	0.15207254680081295
MYH7B	missense_pois	2	135.6	0.036908136600063896
MYH7B	nonsense	0	nan	nan
gene_id	mutation_category	events_n	dist	probability
MYH9	missense	2	49.6	0.2460606528215483
MYH9	missense_comb	2	49.6	0.04129080900454238
MYH9	missense_pois	2	49.6	0.028086624536082197
MYH9	nonsense	0	nan	nan
gene_id	mutation_category	events_n	dist	probability
MYO5A	missense	2	66.3	0.45734559491838234
MYO5A	missense_comb	2	66.3	0.03204226369937808
MYO5A	missense_pois	2	66.3	0.011160351435481004
MYO5A	nonsense	0	nan	nan
gene_id	mutation_category	events_n	dist	probability
MYO7B	missense	2	84.3	0.7656436692706259
MYO7B	missense_comb	2	84.3	0.10991002347544925
MYO7B	missense_pois	2	84.3	0.030091344843646006
MYO7B	nonsense	0	nan	nan
gene_id	mutation_category	events_n	dist	probability
MYO9B	missense	2	39.6,nan	0.14540852060657203
MYO9B	missense_comb	2	39.6,nan	0.037119617958875695
MYO9B	missense_pois	2	39.6,nan	0.0418333053046016
MYO9B	nonsense	0	nan,nan	nan
gene_id	mutation_category	events_n	dist	probability
MYOM2	missense	1	nan	nan
MYOM2	missense_comb	1	nan	0.0802904035997649
MYOM2	missense_pois	1	nan	0.0802904035997649
MYOM2	nonsense	1	nan	nan
gene_id	mutation_category	events_n	dist	probability
MYRF	missense	6	34.6	0.012897422078917534
MYRF	missense_comb	6	34.6	3.731229441518512e-08
MYRF	missense_pois	6	34.6	1.3674717425082898e-07
MYRF	nonsense	0	nan	nan
gene_id	mutation_category	events_n	dist	probability
N4BP1	missense	2	62.0	0.5704667158837032
N4BP1	missense_comb	2	62.0	0.005726372180663559
N4BP1	missense_pois	2	62.0	0.001212905090806739
N4BP1	nonsense	0	nan	nan
gene_id	mutation_category	events_n	dist	probability
NAA15	missense	0	nan	nan
NAA15	nonsense	2	46.9	0.5511398160984466
gene_id	mutation_category	events_n	dist	probability
NALCN	missense	3	43.9	0.284057141288254
NALCN	missense_comb	3	43.9	0.0036663368198021438
NALCN	missense_pois	3	43.9	0.0014698538574188195
NALCN	nonsense	0	nan	nan
gene_id	mutation_category	events_n	dist	probability
NBAS	missense	2	109.9	0.7905076467721373
NBAS	missense_comb	2	109.9	0.07365001778292161
NBAS	missense_pois	2	109.9	0.017677028207904795
NBAS	nonsense	0	nan	nan
gene_id	mutation_category	events_n	dist	probability
NCOR2	missense	2	133.0	0.8837454901806057
NCOR2	missense_comb	2	133.0	0.24329626091339093
NCOR2	missense_pois	2	133.0	0.07381045880694193
NCOR2	nonsense	0	nan	nan
gene_id	mutation_category	events_n	dist	probability
NEK10	missense	2	64.8	0.6548523482794184
NEK10	missense_comb	2	64.8	0.010151523712006612
NEK10	missense_pois	2	64.8	0.0020341047804588504
NEK10	nonsense	0	nan	nan
gene_id	mutation_category	events_n	dist	probability
NGFR	missense	3	34.4	0.3211465297650386
NGFR	missense_comb	3	34.4	0.00012788751970822158
NGFR	missense_pois	3	34.4	3.1885219770599916e-05
NGFR	nonsense	0	nan	nan
gene_id	mutation_category	events_n	dist	probability
NHSL1	missense	2	51.9	0.1785342202385087
NHSL1	missense_comb	2	51.9	0.015422241784968016
NHSL1	missense_pois	2	51.9	0.012103014795899895
NHSL1	nonsense	0	nan	nan
gene_id	mutation_category	events_n	dist	probability
NKD2	missense	2	66.3	0.6010331488774094
NKD2	missense_comb	2	66.3	0.005411504099930172
NKD2	missense_pois	2	66.3	0.0010795338718379006
NKD2	nonsense	0	nan	nan
gene_id	mutation_category	events_n	dist	probability
NOMO1	missense	2	60.8	0.35592857382301596
NOMO1	missense_comb	2	60.8	0.0022727345588725574
NOMO1	missense_pois	2	60.8	0.0006852129926051548
NOMO1	nonsense	0	nan	nan
gene_id	mutation_category	events_n	dist	probability
NOTCH1	missense	4	61.9	0.38674324014729733
NOTCH1	missense_comb	4	61.9	0.01096836765492017
NOTCH1	missense_pois	4	61.9	0.0037654386577800113
NOTCH1	nonsense	2	94.9	0.7852202357197752
gene_id	mutation_category	events_n	dist	probability
NOTCH2	missense	3	73.1	0.5083793832402292
NOTCH2	missense_comb	3	73.1	0.014015416911683827
NOTCH2	missense_pois	3	73.1	0.0038034478113604404
NOTCH2	nonsense	0	nan	nan
gene_id	mutation_category	events_n	dist	probability
NOTCH4	missense	2	116.6	0.9199238342230686
NOTCH4	missense_comb	2	116.6	0.10191693631544486
NOTCH4	missense_pois	2	116.6	0.022768638236453406
NOTCH4	nonsense	0	nan	nan
gene_id	mutation_category	events_n	dist	probability
NR6A1	missense	2	10.1	0.03086376632373594
NR6A1	missense_comb	2	10.1	0.00015637099932321944
NR6A1	missense_pois	2	10.1	0.0004129009755536872
NR6A1	nonsense	1	nan	nan
gene_id	mutation_category	events_n	dist	probability
NSD1	missense	2	93.9	0.6177325931363045
NSD1	missense_comb	2	93.9	0.08414638485540607
NSD1	missense_pois	2	93.9	0.026680563853686407
NSD1	nonsense	1	nan	nan
gene_id	mutation_category	events_n	dist	probability
OPTN	missense	2	83.2,nan,nan,nan	0.41672242870308407
OPTN	missense_comb	2	83.2,nan,nan,nan	0.0012536916825358136
OPTN	missense_pois	2	83.2,nan,nan,nan	0.00030137326929680113
OPTN	nonsense	0	nan,nan,nan,nan	nan
gene_id	mutation_category	events_n	dist	probability
OSGIN1	missense	2	41.1,nan	0.7695962358933752
OSGIN1	missense_comb	2	41.1,nan	0.005468623961559953
OSGIN1	missense_pois	2	41.1,nan	0.0008532053566969731
OSGIN1	nonsense	0	nan,nan	nan
gene_id	mutation_category	events_n	dist	probability
PCDH15	missense	1	nan,nan	nan
PCDH15	missense_comb	1	nan,nan	0.10698367671405801
PCDH15	missense_pois	1	nan,nan	0.10698367671405801
PCDH15	nonsense	1	nan,nan	nan
gene_id	mutation_category	events_n	dist	probability
PCDH20	missense	1	nan	nan
PCDH20	missense_comb	1	nan	0.023840245483732606
PCDH20	missense_pois	1	nan	0.023840245483732606
PCDH20	nonsense	1	nan	nan
gene_id	mutation_category	events_n	dist	probability
PCLO	missense	1	nan	nan
PCLO	missense_comb	1	nan	0.30365571645055695
PCLO	missense_pois	1	nan	0.30365571645055695
PCLO	nonsense	1	nan	nan
gene_id	mutation_category	events_n	dist	probability
PDGFRB	missense	2	48.7	0.39266772897035845
PDGFRB	missense_comb	2	48.7	0.01638125488644499
PDGFRB	missense_pois	2	48.7	0.005903139211601903
PDGFRB	nonsense	0	nan	nan
gene_id	mutation_category	events_n	dist	probability
PER3	missense	2	26.6,nan	0.06631096592987815
PER3	missense_comb	2	26.6,nan	0.002720282094740673
PER3	missense_pois	2	26.6,nan	0.00449953927378999
PER3	nonsense	0	nan,nan	nan
gene_id	mutation_category	events_n	dist	probability
PEX10	missense	1	nan	nan
PEX10	missense_comb	1	nan	0.008254773835108644
PEX10	missense_pois	1	nan	0.008254773835108644
PEX10	nonsense	1	nan	nan
gene_id	mutation_category	events_n	dist	probability
PHIP	missense	2	127.3	0.9748572336126974
PHIP	missense_comb	2	127.3	0.04766623454573744
PHIP	missense_pois	2	127.3	0.008427836432951091
PHIP	nonsense	0	nan	nan
gene_id	mutation_category	events_n	dist	probability
PHRF1	missense	1	nan	nan
PHRF1	missense_comb	1	nan	0.117291250765815
PHRF1	missense_pois	1	nan	0.117291250765815
PHRF1	nonsense	1	nan	nan
gene_id	mutation_category	events_n	dist	probability
PI4KA	missense	2	12.5	0.016065866488157037
PI4KA	missense_comb	2	12.5	0.003432581255275809
PI4KA	missense_pois	2	12.5	0.024127071394549494
PI4KA	nonsense	0	nan	nan
gene_id	mutation_category	events_n	dist	probability
PIEZO1	missense	2	19.9	0.03036636632926259
PIEZO1	missense_comb	2	19.9	0.01513218451960824
PIEZO1	missense_pois	2	19.9	0.06960415520182209
PIEZO1	nonsense	0	nan	nan
gene_id	mutation_category	events_n	dist	probability
PIK3CD	missense	2	15.6,nan,nan,nan	0.056090510487883216
PIK3CD	missense_comb	2	15.6,nan,nan,nan	0.0033603649420300614
PIK3CD	missense_pois	2	15.6,nan,nan,nan	0.006747008304194503
PIK3CD	nonsense	0	nan,nan,nan,nan	nan
gene_id	mutation_category	events_n	dist	probability
PLD2	missense	2	66.9	0.8359480684894659
PLD2	missense_comb	2	66.9	0.020200948970031857
PLD2	missense_pois	2	66.9	0.0035421541049657206
PLD2	nonsense	0	nan	nan
gene_id	mutation_category	events_n	dist	probability
PLXNB1	missense	2	26.3,nan	0.07629618804115346
PLXNB1	missense_comb	2	26.3,nan	0.01674924935443048
PLXNB1	missense_pois	2	26.3,nan	0.03117792683449741
PLXNB1	nonsense	0	nan,nan	nan
gene_id	mutation_category	events_n	dist	probability
POGZ	missense	1	nan	nan
POGZ	missense_comb	1	nan	0.05095130698745902
POGZ	missense_pois	1	nan	0.05095130698745902
POGZ	nonsense	1	nan	nan
gene_id	mutation_category	events_n	dist	probability
POLE	missense	3	82.6	0.8427086684143482
POLE	missense_comb	3	82.6	0.03340725181579544
POLE	missense_pois	3	82.6	0.00636519286635906
POLE	nonsense	0	nan	nan
gene_id	mutation_category	events_n	dist	probability
POLR3A	missense	2	44.4	0.36937541811805086
POLR3A	missense_comb	2	44.4	0.015524570522406652
POLR3A	missense_pois	2	44.4	0.005895048739457339
POLR3A	nonsense	0	nan	nan
gene_id	mutation_category	events_n	dist	probability
PPL	missense	2	68.2	0.5652319381640897
PPL	missense_comb	2	68.2	0.06425241482496057
PPL	missense_pois	2	68.2	0.020902083178433704
PPL	nonsense	0	nan	nan
gene_id	mutation_category	events_n	dist	probability
PPM1M	missense	2	10.8	0.16346024262821957
PPM1M	missense_comb	2	10.8	0.0010089219303659864
PPM1M	missense_pois	2	10.8	0.0006037302082313465
PPM1M	nonsense	0	nan	nan
gene_id	mutation_category	events_n	dist	probability
PPP1R13B	missense	2	35.9	0.13234647630726137
PPP1R13B	missense_comb	2	35.9	0.0051110461635488135
PPP1R13B	missense_pois	2	35.9	0.004594616496282461
PPP1R13B	nonsense	0	nan	nan
gene_id	mutation_category	events_n	dist	probability
PRDM1	missense	3	37.0	0.17911210912097655
PRDM1	missense_comb	3	37.0	0.00023754926492315073
PRDM1	missense_pois	3	37.0	0.00011225737370435001
PRDM1	nonsense	0	nan	nan
gene_id	mutation_category	events_n	dist	probability
PRKCH	missense	2	40.4	0.5865681712603537
PRKCH	missense_comb	2	40.4	0.005706428575111828
PRKCH	missense_pois	2	40.4	0.0011749388495772008
PRKCH	nonsense	0	nan	nan
gene_id	mutation_category	events_n	dist	probability
PTGFRN	missense	2	63.5	0.3653981403844653
PTGFRN	missense_comb	2	63.5	0.010115015000445423
PTGFRN	missense_pois	2	63.5	0.003630357765449839
PTGFRN	nonsense	0	nan	nan
gene_id	mutation_category	events_n	dist	probability
PTPN3	missense	2	48.9	0.5564271049285877
PTPN3	missense_comb	2	48.9	0.00924522470979597
PTPN3	missense_pois	2	48.9	0.00214985872920248
PTPN3	nonsense	0	nan	nan
gene_id	mutation_category	events_n	dist	probability
PTPRB	missense	2	81.3	0.49775878335823587
PTPRB	missense_comb	2	81.3	0.0460785074545976
PTPRB	missense_pois	2	81.3	0.015844360006432596
PTPRB	nonsense	0	nan	nan
gene_id	mutation_category	events_n	dist	probability
PTPRU	missense	2	63.0	0.4881945279089499
PTPRU	missense_comb	2	63.0	0.049741671343617705
PTPRU	missense_pois	2	63.0	0.017719414731163192
PTPRU	nonsense	0	nan	nan
gene_id	mutation_category	events_n	dist	probability
PYGL	missense	3	44.2	0.8197006575588816
PYGL	missense_comb	3	44.2	0.0006477169855753194
PYGL	missense_pois	3	44.2	7.375575045576178e-05
PYGL	nonsense	0	nan	nan
gene_id	mutation_category	events_n	dist	probability
RAB11FIP4	missense	2	78.5	0.5575277938052465
RAB11FIP4	missense_comb	2	78.5	0.007953868494471649
RAB11FIP4	missense_pois	2	78.5	0.0018056118536296008
RAB11FIP4	nonsense	0	nan	nan
gene_id	mutation_category	events_n	dist	probability
RAB8A	missense	2	18.1,nan	0.3284958296833796
RAB8A	missense_comb	2	18.1,nan	0.00019962372969285785
RAB8A	missense_pois	2	18.1,nan	5.0622528942279e-05
RAB8A	nonsense	0	nan,nan	nan
gene_id	mutation_category	events_n	dist	probability
RACGAP1	missense	2	67.1,nan,nan,nan,nan	0.7647166470587039
RACGAP1	missense_comb	2	67.1,nan,nan,nan,nan	0.003429893237729204
RACGAP1	missense_pois	2	67.1,nan,nan,nan,nan	0.0005064361351544418
RACGAP1	nonsense	0	nan,nan,nan,nan,nan	nan
gene_id	mutation_category	events_n	dist	probability
RAD9A	missense	2	56.6	0.8407654017692733
RAD9A	missense_comb	2	56.6	0.0020605514271554663
RAD9A	missense_pois	2	56.6	0.00025993517855227305
RAD9A	nonsense	0	nan	nan
gene_id	mutation_category	events_n	dist	probability
RAF1	missense	5	16.0	0.0034085555176827176
RAF1	missense_comb	5	16.0	2.086517741246973e-09
RAF1	missense_pois	5	16.0	2.532334386629033e-08
RAF1	nonsense	0	nan	nan
gene_id	mutation_category	events_n	dist	probability
RASA2	missense	1	nan	nan
RASA2	missense_comb	1	nan	0.012269065108644506
RASA2	missense_pois	1	nan	0.012269065108644506
RASA2	nonsense	1	nan	nan
gene_id	mutation_category	events_n	dist	probability
RBFOX2	missense	1	nan	nan
RBFOX2	missense_comb	1	nan	0.011032497976055293
RBFOX2	missense_pois	1	nan	0.011032497976055293
RBFOX2	nonsense	2	36.5	0.3990597288993363
gene_id	mutation_category	events_n	dist	probability
RERE	missense	2	39.6,nan	0.13162574298193616
RERE	missense_comb	2	39.6,nan	0.01365354811829386
RERE	missense_pois	2	39.6,nan	0.014251162998876308
RERE	nonsense	0	nan,nan	nan
gene_id	mutation_category	events_n	dist	probability
RET	missense	2	28.5	0.1539133538454072
RET	missense_comb	2	28.5	0.009061956337519422
RET	missense_pois	2	28.5	0.007595498281842687
RET	nonsense	0	nan	nan
gene_id	mutation_category	events_n	dist	probability
RIT1	missense	3	0.0	0.00041381110651320986
RIT1	missense_comb	3	0.0	8.480805166163688e-09
RIT1	missense_pois	3	0.0	9.025109962701456e-07
RIT1	nonsense	0	nan	nan
gene_id	mutation_category	events_n	dist	probability
RNF123	missense	2	76.6	0.8688451792350536
RNF123	missense_comb	2	76.6	0.045643666733520404
RNF123	missense_pois	2	76.6	0.008973957648818916
RNF123	nonsense	0	nan	nan
gene_id	mutation_category	events_n	dist	probability
RNF19A	missense	2	63.9,nan	0.5993588044515687
RNF19A	missense_comb	2	63.9,nan	0.005872964927429473
RNF19A	missense_pois	2	63.9,nan	0.0011881186991763396
RNF19A	nonsense	0	nan,nan	nan
gene_id	mutation_category	events_n	dist	probability
RNF208	missense	2	48.5,nan	0.7392857140079365
RNF208	missense_comb	2	48.5,nan	0.001116489079703145
RNF208	missense_pois	2	48.5,nan	0.00014936161083756202
RNF208	nonsense	0	nan,nan	nan
gene_id	mutation_category	events_n	dist	probability
ROCK2	missense	2	37.5	0.15116177609820253
ROCK2	missense_comb	2	37.5	0.0041452194198243735
ROCK2	missense_pois	2	37.5	0.003172974893758118
ROCK2	nonsense	0	nan	nan
gene_id	mutation_category	events_n	dist	probability
RPS6KC1	missense	3	69.1	0.789096657898926
RPS6KC1	missense_comb	3	69.1	0.000691354705390795
RPS6KC1	missense_pois	3	69.1	8.23308330226703e-05
RPS6KC1	nonsense	0	nan	nan
gene_id	mutation_category	events_n	dist	probability
RREB1	missense	2	30.5	0.06196569931149223
RREB1	missense_comb	2	30.5	0.010903314559231035
RREB1	missense_pois	2	30.5	0.023340394272156402
RREB1	nonsense	0	nan	nan
gene_id	mutation_category	events_n	dist	probability
RUVBL2	missense	2	30.4	0.398226628908593
RUVBL2	missense_comb	2	30.4	0.003655431462977115
RUVBL2	missense_pois	2	30.4	0.0010449358518184201
RUVBL2	nonsense	0	nan	nan
gene_id	mutation_category	events_n	dist	probability
SBF1	missense	3	66.8	0.5974394266951173
SBF1	missense_comb	3	66.8	0.02527491711524023
SBF1	missense_pois	3	66.8	0.0064502321200205995
SBF1	nonsense	0	nan	nan
gene_id	mutation_category	events_n	dist	probability
SBNO2	missense	2	109.6	0.9734541336282874
SBNO2	missense_comb	2	109.6	0.11137328408776347
SBNO2	missense_pois	2	109.6	0.024067070289760004
SBNO2	nonsense	0	nan	nan
gene_id	mutation_category	events_n	dist	probability
SCAP	missense	2	163.8,nan	0.994296633396704
SCAP	missense_comb	2	163.8,nan	0.050223149467094726
SCAP	missense_pois	2	163.8,nan	0.008802209292001253
SCAP	nonsense	0	nan,nan	nan
gene_id	mutation_category	events_n	dist	probability
SCN10A	missense	2	106.0	0.9442714783969836
SCN10A	missense_comb	2	106.0	0.07086673335950827
SCN10A	missense_pois	2	106.0	0.014112112634498302
SCN10A	nonsense	0	nan	nan
gene_id	mutation_category	events_n	dist	probability
SCN5A	missense	2	44.1,nan	0.22870221968108648
SCN5A	missense_comb	2	44.1,nan	0.036653731470284376
SCN5A	missense_pois	2	44.1,nan	0.0261988886672702
SCN5A	nonsense	0	nan,nan	nan
gene_id	mutation_category	events_n	dist	probability
SCNN1D	missense	2	19.4	0.0776182546931305
SCNN1D	missense_comb	2	19.4	0.0022264973100779694
SCNN1D	missense_pois	2	19.4	0.003070622699387851
SCNN1D	nonsense	0	nan	nan
gene_id	mutation_category	events_n	dist	probability
SCRIB	missense	2	43.5	0.24065753065936074
SCRIB	missense_comb	2	43.5	0.038928871692613845
SCRIB	missense_pois	2	43.5	0.026758051438938703
SCRIB	nonsense	0	nan	nan
gene_id	mutation_category	events_n	dist	probability
SDK1	missense	3	104.7,nan	0.9721248780875014
SDK1	missense_comb	3	104.7,nan	0.05279898694547848
SDK1	missense_pois	3	104.7,nan	0.009565791817912386
SDK1	nonsense	0	nan,nan	nan
gene_id	mutation_category	events_n	dist	probability
SETD5	missense	3	51.5	0.1777112424698751
SETD5	missense_comb	3	51.5	0.0010110761035597477
SETD5	missense_pois	3	51.5	0.000556630328161778
SETD5	nonsense	0	nan	nan
gene_id	mutation_category	events_n	dist	probability
SF3B3	missense	2	78.8	0.9605815559935382
SF3B3	missense_comb	2	78.8	0.023703395835709476
SF3B3	missense_pois	2	78.8	0.0037194118727298412
SF3B3	nonsense	0	nan	nan
gene_id	mutation_category	events_n	dist	probability
SLC22A10	missense	2	39.1	0.6479771483558094
SLC22A10	missense_comb	2	39.1	0.0020212172549921754
SLC22A10	missense_pois	2	39.1	0.00033007900090331594
SLC22A10	nonsense	0	nan	nan
gene_id	mutation_category	events_n	dist	probability
SLC26A6	missense	2	40.3	0.4356772951591411
SLC26A6	missense_comb	2	40.3	0.005905694484907021
SLC26A6	missense_pois	2	40.3	0.0016448584795039094
SLC26A6	nonsense	0	nan	nan
gene_id	mutation_category	events_n	dist	probability
SLC29A4	missense	2	15.2,nan	0.08501438794428459
SLC29A4	missense_comb	2	15.2,nan	0.0012835475779994269
SLC29A4	missense_pois	2	15.2,nan	0.0015164216087937307
SLC29A4	nonsense	0	nan,nan	nan
gene_id	mutation_category	events_n	dist	probability
SLC4A4	missense	2	69.2	0.7606769137702566
SLC4A4	missense_comb	2	69.2	0.015013469308379875
SLC4A4	missense_pois	2	69.2	0.0027532918973911494
SLC4A4	nonsense	0	nan	nan
gene_id	mutation_category	events_n	dist	probability
SLC6A9	missense	2	68.5	0.8722815680857604
SLC6A9	missense_comb	2	68.5	0.018857390708872507
SLC6A9	missense_pois	2	68.5	0.003131852280621182
SLC6A9	nonsense	0	nan	nan
gene_id	mutation_category	events_n	dist	probability
SLIT3	missense	2	77.3	0.7253220808297547
SLIT3	missense_comb	2	77.3	0.05548191576793656
SLIT3	missense_pois	2	77.3	0.013616625266369902
SLIT3	nonsense	0	nan	nan
gene_id	mutation_category	events_n	dist	probability
SLX4	missense	2	91.3	0.6484234039064065
SLX4	missense_comb	2	91.3	0.06597497815596841
SLX4	missense_pois	2	91.3	0.0188211258640114
SLX4	nonsense	0	nan	nan
gene_id	mutation_category	events_n	dist	probability
SMAD2	missense	3	26.5,nan	0.22489478639005794
SMAD2	missense_comb	3	26.5,nan	1.7202797198255928e-05
SMAD2	missense_pois	3	26.5,nan	5.219475434969921e-06
SMAD2	nonsense	1	nan,nan	nan
gene_id	mutation_category	events_n	dist	probability
SMAD5	missense	2	40.5,nan,nan	0.5865485823716823
SMAD5	missense_comb	2	40.5,nan,nan	0.0011098114609152502
SMAD5	missense_pois	2	40.5,nan,nan	0.00018700628459811214
SMAD5	nonsense	0	nan,nan,nan	nan
gene_id	mutation_category	events_n	dist	probability
SMARCC1	missense	2	138.8	0.9735016558499816
SMARCC1	missense_comb	2	138.8	0.01830074069777826
SMARCC1	missense_pois	2	138.8	0.0027096319788835195
SMARCC1	nonsense	0	nan	nan
gene_id	mutation_category	events_n	dist	probability
SMCHD1	missense	2	18.6	0.03704207736619913
SMCHD1	missense_comb	2	18.6	0.003257471541788255
SMCHD1	missense_pois	2	18.6	0.009864821496594506
SMCHD1	nonsense	0	nan	nan
gene_id	mutation_category	events_n	dist	probability
SMCR8	missense	2	30.1	0.16975400922495543
SMCR8	missense_comb	2	30.1	0.0027962681831027966
SMCR8	missense_pois	2	30.1	0.00181290511917864
SMCR8	nonsense	0	nan	nan
gene_id	mutation_category	events_n	dist	probability
SMG6	missense	2	84.3	0.7517016360922041
SMG6	missense_comb	2	84.3	0.04259902013363467
SMG6	missense_pois	2	84.3	0.00954499723646673
SMG6	nonsense	0	nan	nan
gene_id	mutation_category	events_n	dist	probability
SNX14	missense	2	63.0	0.6257955152689387
SNX14	missense_comb	2	63.0	0.0051123340085807035
SNX14	missense_pois	2	63.0	0.0009719711992848274
SNX14	nonsense	0	nan	nan
gene_id	mutation_category	events_n	dist	probability
SORCS1	missense	2	33.4	0.19372110895865438
SORCS1	missense_comb	2	33.4	0.00865843067360569
SORCS1	missense_pois	2	33.4	0.00572735400069946
SORCS1	nonsense	0	nan	nan
gene_id	mutation_category	events_n	dist	probability
SOS1	missense	5	34.1	0.06385855484601605
SOS1	missense_comb	5	34.1	5.265992202854744e-07
SOS1	missense_pois	5	34.1	4.489658994577537e-07
SOS1	nonsense	0	nan	nan
gene_id	mutation_category	events_n	dist	probability
SP110	missense	2	22.9	0.10848193212797853
SP110	missense_comb	2	22.9	0.0008260414425719833
SP110	missense_pois	2	22.9	0.0007290150362647675
SP110	nonsense	0	nan	nan
gene_id	mutation_category	events_n	dist	probability
SPG7	missense	2	19.1	0.09084058787954902
SPG7	missense_comb	2	19.1	0.0028882633548674933
SPG7	missense_pois	2	19.1	0.003513302769214351
SPG7	nonsense	0	nan	nan
gene_id	mutation_category	events_n	dist	probability
SPTA1	missense	3	123.1	0.8530403238551075
SPTA1	missense_comb	3	123.1	0.017545479227990834
SPTA1	missense_pois	3	123.1	0.002943772120909567
SPTA1	nonsense	0	nan	nan
gene_id	mutation_category	events_n	dist	probability
SPTBN1	missense	1	nan	nan
SPTBN1	missense_comb	1	nan	0.16502733296119604
SPTBN1	missense_pois	1	nan	0.16502733296119604
SPTBN1	nonsense	1	nan	nan
gene_id	mutation_category	events_n	dist	probability
SPTBN4	missense	2	71.9,nan,nan,nan	0.317113285365408
SPTBN4	missense_comb	2	71.9,nan,nan,nan	0.13945362945809434
SPTBN4	missense_pois	2	71.9,nan,nan,nan	0.09845368597672081
SPTBN4	nonsense	0	nan,nan,nan,nan	nan
gene_id	mutation_category	events_n	dist	probability
SSH2	missense	2	52.9	0.317067396477029
SSH2	missense_comb	2	52.9	0.01155730033751128
SSH2	missense_pois	2	52.9	0.004878594776513868
SSH2	nonsense	0	nan	nan
gene_id	mutation_category	events_n	dist	probability
STAB1	missense	3	97.0	0.905561256604875
STAB1	missense_comb	3	97.0	0.05313460329939456
STAB1	missense_pois	3	97.0	0.010348222571900805
STAB1	nonsense	0	nan	nan
gene_id	mutation_category	events_n	dist	probability
STARD3	missense	2	36.0	0.5028940610789547
STARD3	missense_comb	2	36.0	0.0031652720689995784
STARD3	missense_pois	2	36.0	0.000703503306946573
STARD3	nonsense	0	nan	nan
gene_id	mutation_category	events_n	dist	probability
STXBP6	missense	3	30.3,nan,nan,nan,nan	0.5325475274161386
STXBP6	missense_comb	3	30.3,nan,nan,nan,nan	3.822910080061365e-06
STXBP6	missense_pois	3	30.3,nan,nan,nan,nan	4.413914505008168e-07
STXBP6	nonsense	0	nan,nan,nan,nan,nan	nan
gene_id	mutation_category	events_n	dist	probability
SUGP2	missense	3	95.7	0.8283031907966312
SUGP2	missense_comb	3	95.7	0.002189645780271533
SUGP2	missense_pois	3	95.7	0.0002824130394837306
SUGP2	nonsense	0	nan	nan
gene_id	mutation_category	events_n	dist	probability
SVEP1	missense	1	nan	nan
SVEP1	missense_comb	1	nan	0.22386922381298402
SVEP1	missense_pois	1	nan	0.22386922381298402
SVEP1	nonsense	1	nan	nan
gene_id	mutation_category	events_n	dist	probability
TAB2	missense	1	nan,nan,nan	nan
TAB2	missense_comb	1	nan,nan,nan	0.010809399640980603
TAB2	missense_pois	1	nan,nan,nan	0.010809399640980603
TAB2	nonsense	1	nan,nan,nan	nan
gene_id	mutation_category	events_n	dist	probability
TAF4	missense	2	72.8	0.4741402725095525
TAF4	missense_comb	2	72.8	0.03425359542016935
TAF4	missense_pois	2	72.8	0.011655524968130998
TAF4	nonsense	0	nan	nan
gene_id	mutation_category	events_n	dist	probability
TBX1	missense	1	nan	nan
TBX1	missense_comb	1	nan	0.03120091135726971
TBX1	missense_pois	1	nan	0.03120091135726971
TBX1	nonsense	1	nan	nan
gene_id	mutation_category	events_n	dist	probability
TBX5	missense	1	nan,nan	nan
TBX5	missense_comb	1	nan,nan	0.0107743361899525
TBX5	missense_pois	1	nan,nan	0.0107743361899525
TBX5	nonsense	2	36.0,nan	0.2871236856986258
gene_id	mutation_category	events_n	dist	probability
TECTA	missense	2	58.9,nan	0.47181042809099527
TECTA	missense_comb	2	58.9,nan	0.07019643681843558
TECTA	missense_pois	2	58.9,nan	0.027915119053368912
TECTA	nonsense	1	nan,nan	nan
gene_id	mutation_category	events_n	dist	probability
THADA	missense	1	nan,nan	nan
THADA	missense_comb	1	nan,nan	0.07071082808724391
THADA	missense_pois	1	nan,nan	0.07071082808724391
THADA	nonsense	1	nan,nan	nan
gene_id	mutation_category	events_n	dist	probability
TIAM2	missense	2	102.1	0.8435231461830761
TIAM2	missense_comb	2	102.1	0.05738010266678105
TIAM2	missense_pois	2	102.1	0.0121980754708761
TIAM2	nonsense	0	nan	nan
gene_id	mutation_category	events_n	dist	probability
TJP2	missense	1	nan	nan
TJP2	missense_comb	1	nan	0.0594573998795972
TJP2	missense_pois	1	nan	0.0594573998795972
TJP2	nonsense	1	nan	nan
gene_id	mutation_category	events_n	dist	probability
TJP3	missense	2	48.3	0.3992885733412381
TJP3	missense_comb	2	48.3	0.01928219999608313
TJP3	missense_pois	2	48.3	0.007022451566907059
TJP3	nonsense	0	nan	nan
gene_id	mutation_category	events_n	dist	probability
TLK1	missense	1	nan	nan
TLK1	missense_comb	1	nan	0.014496403154768498
TLK1	missense_pois	1	nan	0.014496403154768498
TLK1	nonsense	1	nan	nan
gene_id	mutation_category	events_n	dist	probability
TLN1	missense	2	95.7	0.708254181019398
TLN1	missense_comb	2	95.7	0.11153647466012045
TLN1	missense_pois	2	95.7	0.033140182841037806
TLN1	nonsense	0	nan	nan
gene_id	mutation_category	events_n	dist	probability
TMEM138	missense	2	28.0	0.6292543818971734
TMEM138	missense_comb	2	28.0	6.740368456089795e-05
TMEM138	missense_pois	2	28.0	8.124876987647415e-06
TMEM138	nonsense	0	nan	nan
gene_id	mutation_category	events_n	dist	probability
TMEM63B	missense	2	53.2,nan	0.7376452029150533
TMEM63B	missense_comb	2	53.2,nan	0.0134035793342911
TMEM63B	missense_pois	2	53.2,nan	0.00248910359827348
TMEM63B	nonsense	0	nan,nan	nan
gene_id	mutation_category	events_n	dist	probability
TMEM67	missense	2	26.1	0.16159806487113262
TMEM67	missense_comb	2	26.1	0.0018731621887587175
TMEM67	missense_pois	2	26.1	0.0012156641762306503
TMEM67	nonsense	0	nan	nan
gene_id	mutation_category	events_n	dist	probability
TNS1	missense	2	53.1	0.2850123523887518
TNS1	missense_comb	2	53.1	0.029990193605139784
TNS1	missense_pois	2	53.1	0.0165542177762927
TNS1	nonsense	0	nan	nan
gene_id	mutation_category	events_n	dist	probability
TOP2B	missense	2	77.9	0.6277653596914963
TOP2B	missense_comb	2	77.9	0.021891546341996238
TOP2B	missense_pois	2	77.9	0.005183202970002961
TOP2B	nonsense	0	nan	nan
gene_id	mutation_category	events_n	dist	probability
TP73	missense	2	74.9	0.8036927688478581
TP73	missense_comb	2	74.9	0.014550779812394977
TP73	missense_pois	2	74.9	0.0025128710760489205
TP73	nonsense	0	nan	nan
gene_id	mutation_category	events_n	dist	probability
TPR	missense	2	92.0	0.3692221181197542
TPR	missense_comb	2	92.0	0.03773293052989091
TPR	missense_pois	2	92.0	0.01680114686396481
TPR	nonsense	0	nan	nan
gene_id	mutation_category	events_n	dist	probability
TPTE	missense	2	30.8	0.3583686626847925
TPTE	missense_comb	2	30.8	0.0013384262123999863
TPTE	missense_pois	2	30.8	0.00037687753390269806
TPTE	nonsense	0	nan	nan
gene_id	mutation_category	events_n	dist	probability
TRIB2	missense	2	30.5	0.5226722719703083
TRIB2	missense_comb	2	30.5	0.0015928506800643202
TRIB2	missense_pois	2	30.5	0.00031365910488290167
TRIB2	nonsense	0	nan	nan
gene_id	mutation_category	events_n	dist	probability
TRIM10	missense	2	79.8	0.6705562592160415
TRIM10	missense_comb	2	79.8	0.002626951837558097
TRIM10	missense_pois	2	79.8	0.0004278514172186827
TRIM10	nonsense	0	nan	nan
gene_id	mutation_category	events_n	dist	probability
TSC1	missense	2	121.9,nan,nan,nan	0.7077384476917951
TSC1	missense_comb	2	121.9,nan,nan,nan	0.01752649588381943
TSC1	missense_pois	2	121.9,nan,nan,nan	0.003543662085383929
TSC1	nonsense	1	nan,nan,nan,nan	nan
gene_id	mutation_category	events_n	dist	probability
TSHZ1	missense	2	86.2	0.6902660589970436
TSHZ1	missense_comb	2	86.2	0.023055402451946254
TSHZ1	missense_pois	2	86.2	0.00500983942976829
TSHZ1	nonsense	0	nan	nan
gene_id	mutation_category	events_n	dist	probability
TTC28	missense	2	79.6	0.5213221942075313
TTC28	missense_comb	2	79.6	0.08621683670649674
TTC28	missense_pois	2	79.6	0.03258567858401108
TTC28	nonsense	0	nan	nan
gene_id	mutation_category	events_n	dist	probability
U2SURP	missense	1	nan	nan
U2SURP	missense_comb	1	nan	0.0239766936937572
U2SURP	missense_pois	1	nan	0.0239766936937572
U2SURP	nonsense	1	nan	nan
gene_id	mutation_category	events_n	dist	probability
UBC	missense	3	44.3,nan	0.4398554506682728
UBC	missense_comb	3	44.3,nan	8.065329766259705e-05
UBC	missense_pois	3	44.3,nan	1.4116271384701004e-05
UBC	nonsense	0	nan,nan	nan
gene_id	mutation_category	events_n	dist	probability
UBN1	missense	2	43.3,nan	0.1679775981335822
UBN1	missense_comb	2	43.3,nan	0.004558983760798073
UBN1	missense_pois	2	43.3,nan	0.0031799690964071613
UBN1	nonsense	0	nan,nan	nan
gene_id	mutation_category	events_n	dist	probability
UBN2	missense	1	nan	nan
UBN2	missense_comb	1	nan	0.053620343448523206
UBN2	missense_pois	1	nan	0.053620343448523206
UBN2	nonsense	1	nan	nan
gene_id	mutation_category	events_n	dist	probability
UBR3	missense	1	nan	nan
UBR3	missense_comb	1	nan	0.07983153768707162
UBR3	missense_pois	1	nan	0.07983153768707162
UBR3	nonsense	1	nan	nan
gene_id	mutation_category	events_n	dist	probability
UGGT1	missense	2	32.1	0.19441569783982554
UGGT1	missense_comb	2	32.1	0.008638812390184655
UGGT1	missense_pois	2	32.1	0.005692063537791389
UGGT1	nonsense	0	nan	nan
gene_id	mutation_category	events_n	dist	probability
UMODL1	missense	3	31.6	0.11517240983141769
UMODL1	missense_comb	3	31.6	0.001235267479406279
UMODL1	missense_pois	3	31.6	0.00107265055477979
UMODL1	nonsense	0	nan	nan
gene_id	mutation_category	events_n	dist	probability
UNC13C	missense	2	73.2	0.43957253956030506
UNC13C	missense_comb	2	73.2	0.033322550352877206
UNC13C	missense_pois	2	73.2	0.012165924938195197
UNC13C	nonsense	0	nan	nan
gene_id	mutation_category	events_n	dist	probability
UNC5B	missense	2	55.0	0.46477798372468904
UNC5B	missense_comb	2	55.0	0.01471899297092422
UNC5B	missense_pois	2	55.0	0.004403641120530602
UNC5B	nonsense	0	nan	nan
gene_id	mutation_category	events_n	dist	probability
UNC5D	missense	3	66.5	0.6922221478641984
UNC5D	missense_comb	3	66.5	0.0011627142758410909
UNC5D	missense_pois	3	66.5	0.00016686407707178197
UNC5D	nonsense	0	nan	nan
gene_id	mutation_category	events_n	dist	probability
URB2	missense	2	23.1	0.08990347677885029
URB2	missense_comb	2	23.1	0.004971387761331944
URB2	missense_pois	2	23.1	0.0065543799290163135
URB2	nonsense	0	nan	nan
gene_id	mutation_category	events_n	dist	probability
USH1C	missense	3	8.7	0.20538461994017082
USH1C	missense_comb	3	8.7	0.00047156576657546664
USH1C	missense_pois	3	8.7	0.00020753862137068419
USH1C	nonsense	0	nan	nan
gene_id	mutation_category	events_n	dist	probability
USP19	missense	2	84.7	0.7953055356077162
USP19	missense_comb	2	84.7	0.047689412603299466
USP19	missense_pois	2	84.7	0.010336611919170199
USP19	nonsense	0	nan	nan
gene_id	mutation_category	events_n	dist	probability
USP4	missense	2	21.6	0.10134346554062815
USP4	missense_comb	2	21.6	0.0018968001321368214
USP4	missense_pois	2	21.6	0.001965797727995321
USP4	nonsense	0	nan	nan
gene_id	mutation_category	events_n	dist	probability
UTP14C	missense	2	17.1	0.030967855211468293
UTP14C	missense_comb	2	17.1	0.00022809556203598393
UTP14C	missense_pois	2	17.1	0.0006211039902157544
UTP14C	nonsense	0	nan	nan
gene_id	mutation_category	events_n	dist	probability
UVSSA	missense	2	21.4	0.10492723216747521
UVSSA	missense_comb	2	21.4	0.002182019766971937
UVSSA	missense_pois	2	21.4	0.00222069794031721
UVSSA	nonsense	0	nan	nan
gene_id	mutation_category	events_n	dist	probability
VPS13C	missense	1	nan	nan
VPS13C	missense_comb	1	nan	0.17961743141917602
VPS13C	missense_pois	1	nan	0.17961743141917602
VPS13C	nonsense	1	nan	nan
gene_id	mutation_category	events_n	dist	probability
VWA5B1	missense	2	88.8	0.923980645289104
VWA5B1	missense_comb	2	88.8	0.038183408929022056
VWA5B1	missense_pois	2	88.8	0.0068097851912762904
VWA5B1	nonsense	0	nan	nan
gene_id	mutation_category	events_n	dist	probability
WDHD1	missense	1	nan	nan
WDHD1	missense_comb	1	nan	0.024969547976398804
WDHD1	missense_pois	1	nan	0.024969547976398804
WDHD1	nonsense	1	nan	nan
gene_id	mutation_category	events_n	dist	probability
WDR17	missense	2	35.9	0.3335235185164054
WDR17	missense_comb	2	35.9	0.007675663803898362
WDR17	missense_pois	2	35.9	0.0028977973034472982
WDR17	nonsense	0	nan	nan
gene_id	mutation_category	events_n	dist	probability
WDR37	missense	3	14.6	0.08452628794970793
WDR37	missense_comb	3	14.6	3.335128662195585e-05
WDR37	missense_pois	3	14.6	2.829771850776371e-05
WDR37	nonsense	0	nan	nan
gene_id	mutation_category	events_n	dist	probability
WDR6	missense	2	29.7,nan	0.2484210083508778
WDR6	missense_comb	2	29.7,nan	0.010307683020104463
WDR6	missense_pois	2	29.7,nan	0.005457086873041918
WDR6	nonsense	0	nan,nan	nan
gene_id	mutation_category	events_n	dist	probability
WDR90	missense	4	49.5	0.46136498376261126
WDR90	missense_comb	4	49.5	0.0024985406551535513
WDR90	missense_pois	4	49.5	0.0005878391248059781
WDR90	nonsense	0	nan	nan
gene_id	mutation_category	events_n	dist	probability
WHAMM	missense	2	32.8	0.20585228660164126
WHAMM	missense_comb	2	32.8	0.00479369419971233
WHAMM	missense_pois	2	32.8	0.002746789448207169
WHAMM	nonsense	0	nan	nan
gene_id	mutation_category	events_n	dist	probability
WT1	missense	2	0.0	0.08467051017032762
WT1	missense_comb	2	0.0	0.001000724829754793
WT1	missense_pois	2	0.0	0.0011550374311668507
WT1	nonsense	0	nan	nan
gene_id	mutation_category	events_n	dist	probability
ZC3H7A	missense	2	24.3,nan	0.11839756535113816
ZC3H7A	missense_comb	2	24.3,nan	0.001763730519656008
ZC3H7A	missense_pois	2	24.3,nan	0.0015513608847261796
ZC3H7A	nonsense	0	nan,nan	nan
gene_id	mutation_category	events_n	dist	probability
ZDBF2	missense	2	103.1,nan	0.5030381055217987
ZDBF2	missense_comb	2	103.1,nan	0.044281529974585204
ZDBF2	missense_pois	2	103.1,nan	0.0149440062961899
ZDBF2	nonsense	0	nan,nan	nan
gene_id	mutation_category	events_n	dist	probability
ZDHHC18	missense	2	10.5	0.04220573286438074
ZDHHC18	missense_comb	2	10.5	0.0002815337802903761
ZDHHC18	missense_pois	2	10.5	0.0005736229227781834
ZDHHC18	nonsense	0	nan	nan
gene_id	mutation_category	events_n	dist	probability
ZEB2	missense	1	nan	nan
ZEB2	missense_comb	1	nan	0.0422405260816606
ZEB2	missense_pois	1	nan	0.0422405260816606
ZEB2	nonsense	1	nan	nan
gene_id	mutation_category	events_n	dist	probability
ZFC3H1	missense	2	89.5	0.7101205809986603
ZFC3H1	missense_comb	2	89.5	0.04561734786796761
ZFC3H1	missense_pois	2	89.5	0.010972162138924296
ZFC3H1	nonsense	0	nan	nan
gene_id	mutation_category	events_n	dist	probability
ZMYM2	missense	1	nan,nan,nan	nan
ZMYM2	missense_comb	1	nan,nan,nan	0.033235135012957405
ZMYM2	missense_pois	1	nan,nan,nan	0.033235135012957405
ZMYM2	nonsense	1	nan,nan,nan	nan
gene_id	mutation_category	events_n	dist	probability
ZNF106	missense	2	132.3	0.9520661783103758
ZNF106	missense_comb	2	132.3	0.05935174666385168
ZNF106	missense_pois	2	132.3	0.011261954309792405
ZNF106	nonsense	0	nan	nan
gene_id	mutation_category	events_n	dist	probability
ZNF292	missense	1	nan	nan
ZNF292	missense_comb	1	nan	0.11698825458212399
ZNF292	missense_pois	1	nan	0.11698825458212399
ZNF292	nonsense	1	nan	nan
gene_id	mutation_category	events_n	dist	probability
ZNF34	missense	2	15.6	0.058295577130049146
ZNF34	missense_comb	2	15.6	0.00029059747406860053
ZNF34	missense_pois	2	15.6	0.0004299525262052568
ZNF34	nonsense	0	nan	nan
gene_id	mutation_category	events_n	dist	probability
ZNF366	missense	2	46.1	0.3302211296642097
ZNF366	missense_comb	2	46.1	0.005105221558171873
ZNF366	missense_pois	2	46.1	0.0018390549892615092
ZNF366	nonsense	0	nan	nan
gene_id	mutation_category	events_n	dist	probability
ZNF462	missense	2	nan,nan	nan
ZNF462	missense_comb	2	nan,nan	0.03215877041056489
ZNF462	missense_pois	2	nan,nan	0.03215877041056489
ZNF462	nonsense	0	nan,nan	nan
gene_id	mutation_category	events_n	dist	probability
ZNF500	missense	2	42.3	0.46957321700474197
ZNF500	missense_comb	2	42.3	0.0031290246984995982
ZNF500	missense_pois	2	42.3	0.0007437180966458627
ZNF500	nonsense	0	nan	nan
gene_id	mutation_category	events_n	dist	probability
ZNF521	missense	1	nan,nan	nan
ZNF521	missense_comb	1	nan,nan	0.044471320050917286
ZNF521	missense_pois	1	nan,nan	0.044471320050917286
ZNF521	nonsense	1	nan,nan	nan
gene_id	mutation_category	events_n	dist	probability
ZNF528	missense	2	56.6	0.5235889608490116
ZNF528	missense_comb	2	56.6	0.0019236573776023355
ZNF528	missense_pois	2	56.6	0.0003865160240456021
ZNF528	nonsense	0	nan	nan
gene_id	mutation_category	events_n	dist	probability
ZNF576	missense	1	nan,nan,nan,nan,nan,nan	nan
ZNF576	missense_comb	1	nan,nan,nan,nan,nan,nan	0.001576296819609139
ZNF576	missense_pois	1	nan,nan,nan,nan,nan,nan	0.001576296819609139
ZNF576	nonsense	1	nan,nan,nan,nan,nan,nan	nan
gene_id	mutation_category	events_n	dist	probability
ZNF638	missense	2	13.3,nan	0.007937622134026424
ZNF638	missense_comb	2	13.3,nan	0.0007644136135356175
ZNF638	missense_pois	2	13.3,nan	0.009144941219866977
ZNF638	nonsense	0	nan,nan	nan
gene_id	mutation_category	events_n	dist	probability
ZNF646	missense	2	75.8	0.6080381487995763
ZNF646	missense_comb	2	75.8	0.06855391225499956
ZNF646	missense_pois	2	75.8	0.0210390636516335
ZNF646	nonsense	0	nan	nan
gene_id	mutation_category	events_n	dist	probability
ZNF675	missense	2	38.9	0.31147385209473505
ZNF675	missense_comb	2	38.9	0.0006800461505034558
ZNF675	missense_pois	2	38.9	0.00020481719190423915
ZNF675	nonsense	0	nan	nan
gene_id	mutation_category	events_n	dist	probability
ZNF746	missense	2	90.6	0.878032868021857
ZNF746	missense_comb	2	90.6	0.012982878121410434
ZNF746	missense_pois	2	90.6	0.0020152920601886905
ZNF746	nonsense	0	nan	nan
gene_id	mutation_category	events_n	dist	probability
ZNFX1	missense	2	119.4,nan	0.9401737673314026
ZNFX1	missense_comb	2	119.4,nan	0.07676748114407511
ZNFX1	missense_pois	2	119.4,nan	0.01564418874821329
ZNFX1	nonsense	0	nan,nan	nan
gene_id	mutation_category	events_n	dist	probability
ZP2	missense	2	26.2,nan	0.1548607427237695
ZP2	missense_comb	2	26.2,nan	0.0011504339842658634
ZP2	missense_pois	2	26.2,nan	0.0007371356316783207
ZP2	nonsense	0	nan,nan	nan
