gene_id	mutation_category	events_n	dist	probability
AASS	missense	2	78.8,nan,nan	0.9014072010954756
AASS	missense_comb	2	78.8,nan,nan	9.359933478688754e-05
AASS	missense_pois	2	78.8,nan,nan	8.094470993924576e-06
AASS	nonsense	0	nan,nan,nan	nan
gene_id	mutation_category	events_n	dist	probability
ARHGAP30	missense	2	64.1	0.44729329503007476
ARHGAP30	missense_comb	2	64.1	0.0001075610719168297
ARHGAP30	missense_pois	2	64.1	1.896868727391251e-05
ARHGAP30	nonsense	0	nan	nan
gene_id	mutation_category	events_n	dist	probability
CACNA1H	missense	2	44.4	0.18529043127455078
CACNA1H	missense_comb	2	44.4	0.001290814721638308
CACNA1H	missense_pois	2	44.4	0.0007001405071205281
CACNA1H	nonsense	0	nan	nan
gene_id	mutation_category	events_n	dist	probability
FAM200A	missense	2	29.0	0.30058270777130325
FAM200A	missense_comb	2	29.0	8.324224882287444e-06
FAM200A	missense_pois	2	29.0	1.7944609346232118e-06
FAM200A	nonsense	0	nan	nan
gene_id	mutation_category	events_n	dist	probability
FAM83H	missense	2	93.6	0.8980570677993659
FAM83H	missense_comb	2	93.6	0.0013008990576504724
FAM83H	missense_pois	2	93.6	0.00014571080248893014
FAM83H	nonsense	0	nan	nan
gene_id	mutation_category	events_n	dist	probability
IL7R	missense	2	122.2	0.9181760786869324
IL7R	missense_comb	2	122.2	1.1651720343860003e-05
IL7R	missense_pois	2	122.2	8.419097883294323e-07
IL7R	nonsense	0	nan	nan
gene_id	mutation_category	events_n	dist	probability
LONP1	missense	3	28.7	0.08333626574070818
LONP1	missense_comb	3	28.7	1.1297176225495562e-06
LONP1	missense_pois	3	28.7	7.720282939605031e-07
LONP1	nonsense	0	nan	nan
gene_id	mutation_category	events_n	dist	probability
LRRK2	missense	2	119.0	0.937297911807801
LRRK2	missense_comb	2	119.0	0.001134473315311627
LRRK2	missense_pois	2	119.0	0.00011991565347713199
LRRK2	nonsense	0	nan	nan
gene_id	mutation_category	events_n	dist	probability
MYRF	missense	3	55.2	0.37711445136539506
MYRF	missense_comb	3	55.2	4.051199880258626e-06
MYRF	missense_pois	3	55.2	6.630593096801361e-07
MYRF	nonsense	0	nan	nan
gene_id	mutation_category	events_n	dist	probability
NACC1	missense	2	48.6	0.5151614387204286
NACC1	missense_comb	2	48.6	5.465825771165748e-05
NACC1	missense_pois	2	48.6	7.91169028058203e-06
NACC1	nonsense	0	nan	nan
gene_id	mutation_category	events_n	dist	probability
NLRP9	missense	2	59.2	0.6848613368348742
NLRP9	missense_comb	2	59.2	8.572967191837878e-05
NLRP9	missense_pois	2	59.2	9.686201601688533e-06
NLRP9	nonsense	0	nan	nan
gene_id	mutation_category	events_n	dist	probability
ORC1	missense	2	47.8,nan	0.41473520650294216
ORC1	missense_comb	2	47.8,nan	5.784369103241251e-05
ORC1	missense_pois	2	47.8,nan	1.0447901232613099e-05
ORC1	nonsense	0	nan,nan	nan
gene_id	mutation_category	events_n	dist	probability
PIEZO1	missense	2	157.3	0.9736252336263863
PIEZO1	missense_comb	2	157.3	0.005171721753804982
PIEZO1	missense_pois	2	157.3	0.0006329770028641322
PIEZO1	nonsense	0	nan	nan
gene_id	mutation_category	events_n	dist	probability
POLE	missense	2	57.4	0.4153731620514094
POLE	missense_comb	2	57.4	0.001220937711789857
POLE	missense_pois	2	57.4	0.00029358784231847733
POLE	nonsense	0	nan	nan
gene_id	mutation_category	events_n	dist	probability
PPP1R12A	missense	2	87.2,nan	0.8013422133184198
PPP1R12A	missense_comb	2	87.2,nan	9.238511647296067e-05
PPP1R12A	missense_pois	2	87.2,nan	8.977214019045828e-06
PPP1R12A	nonsense	0	nan,nan	nan
gene_id	mutation_category	events_n	dist	probability
PTPN11	missense	2	19.1	0.15558887604901245
PTPN11	missense_comb	2	19.1	5.93787902480026e-06
PTPN11	missense_pois	2	19.1	2.4163891207962294e-06
PTPN11	nonsense	0	nan	nan
gene_id	mutation_category	events_n	dist	probability
PTPN14	missense	2	66.1	0.593667937848134
PTPN14	missense_comb	2	66.1	0.00020246158392517479
PTPN14	missense_pois	2	66.1	2.8445793492482034e-05
PTPN14	nonsense	0	nan	nan
gene_id	mutation_category	events_n	dist	probability
SALL3	missense	2	63.4	0.3215439853161779
SALL3	missense_comb	2	63.4	0.0005678044563429956
SALL3	missense_pois	2	63.4	0.00016262247585585596
SALL3	nonsense	0	nan	nan
gene_id	mutation_category	events_n	dist	probability
SEMA3A	missense	2	52.2,nan	0.7126964476367059
SEMA3A	missense_comb	2	52.2,nan	4.9180619148028955e-05
SEMA3A	missense_pois	2	52.2,nan	5.102320104310997e-06
SEMA3A	nonsense	0	nan,nan	nan
gene_id	mutation_category	events_n	dist	probability
SLC29A4	missense	2	15.2,nan	0.08493024350077505
SLC29A4	missense_comb	2	15.2,nan	1.1491547276089803e-05
SLC29A4	missense_pois	2	15.2,nan	8.967898289524718e-06
SLC29A4	nonsense	0	nan,nan	nan
gene_id	mutation_category	events_n	dist	probability
SPTBN1	missense	2	118.9	0.5958265822685935
SPTBN1	missense_comb	2	118.9	0.0017223725427286608
SPTBN1	missense_pois	2	118.9	0.00030021645385924805
SPTBN1	nonsense	0	nan	nan
gene_id	mutation_category	events_n	dist	probability
SPTBN4	missense	2	18.0,nan,nan,nan	0.020007033111032965
SPTBN4	missense_comb	2	18.0,nan,nan,nan	0.00023196859969180382
SPTBN4	missense_pois	2	18.0,nan,nan,nan	0.0009792173411988792
SPTBN4	nonsense	0	nan,nan,nan,nan	nan
gene_id	mutation_category	events_n	dist	probability
SUPT20H	missense	2	92.9	0.9299870785556992
SUPT20H	missense_comb	2	92.9	6.564025219338705e-05
SUPT20H	missense_pois	2	92.9	5.3420612939891745e-06
SUPT20H	nonsense	0	nan	nan
gene_id	mutation_category	events_n	dist	probability
WDHD1	missense	2	80.9	0.8518870572012549
WDHD1	missense_comb	2	80.9	0.00012597306003844623
WDHD1	missense_pois	2	80.9	1.1824707520480302e-05
WDHD1	nonsense	0	nan	nan
gene_id	mutation_category	events_n	dist	probability
WT1	missense	2	0.0	0.03134732187391865
WT1	missense_comb	2	0.0	3.4620625919154577e-06
WT1	missense_pois	2	0.0	6.747009555940762e-06
WT1	nonsense	0	nan	nan
gene_id	mutation_category	events_n	dist	probability
ZFYVE26	missense	2	44.2	0.13928556511904927
ZFYVE26	missense_comb	2	44.2	0.0003199298448771124
ZFYVE26	missense_pois	2	44.2	0.00019992851626515808
ZFYVE26	nonsense	0	nan	nan
