gene_id	mutation_category	events_n	dist	probability
AASS	missense	2	173.6,nan,nan	0.8108882354345751
AASS	missense_comb	2	173.6,nan,nan	8.489474245154239e-05
AASS	missense_pois	2	173.6,nan,nan	8.094470993924576e-06
AASS	nonsense	0	nan,nan,nan	nan
gene_id	mutation_category	events_n	dist	probability
ARHGAP30	missense	2	370.3	0.4576004393599954
ARHGAP30	missense_comb	2	370.3	0.0001098418928281316
ARHGAP30	missense_pois	2	370.3	1.896868727391251e-05
ARHGAP30	nonsense	0	nan	nan
gene_id	mutation_category	events_n	dist	probability
CACNA1H	missense	2	67.1	0.0890977767878025
CACNA1H	missense_comb	2	67.1	0.0006663690638918639
CACNA1H	missense_pois	2	67.1	0.0007001405071205281
CACNA1H	nonsense	0	nan	nan
gene_id	mutation_category	events_n	dist	probability
FAM200A	missense	2	1235.7	0.7130329254107451
FAM200A	missense_comb	2	1235.7	1.8641220214870133e-05
FAM200A	missense_pois	2	1235.7	1.7944609346232118e-06
FAM200A	nonsense	0	nan	nan
gene_id	mutation_category	events_n	dist	probability
FAM83H	missense	2	392.1	0.39485248450163907
FAM83H	missense_comb	2	392.1	0.0006192488385011989
FAM83H	missense_pois	2	392.1	0.00014571080248893014
FAM83H	nonsense	0	nan	nan
gene_id	mutation_category	events_n	dist	probability
IL7R	missense	2	1295.0	0.9062140677087326
IL7R	missense_comb	2	1295.0	1.150992661116653e-05
IL7R	missense_pois	2	1295.0	8.419097883294323e-07
IL7R	nonsense	0	nan	nan
gene_id	mutation_category	events_n	dist	probability
LONP1	missense	3	35.1	0.022645799748379998
LONP1	missense_comb	3	35.1	3.2976852964041454e-07
LONP1	missense_pois	3	35.1	7.720282939605031e-07
LONP1	nonsense	0	nan	nan
gene_id	mutation_category	events_n	dist	probability
LRRK2	missense	2	261.4	0.3978142622465082
LRRK2	missense_comb	2	261.4	0.0005223839924990223
LRRK2	missense_pois	2	261.4	0.00011991565347713199
LRRK2	nonsense	0	nan	nan
gene_id	mutation_category	events_n	dist	probability
MYRF	missense	3	67.5	0.08413969906511447
MYRF	missense_comb	3	67.5	9.875697353283075e-07
MYRF	missense_pois	3	67.5	6.630593096801361e-07
MYRF	nonsense	0	nan	nan
gene_id	mutation_category	events_n	dist	probability
NACC1	missense	2	77.0	0.4365653618159402
NACC1	missense_comb	2	77.0	4.6891048394431734e-05
NACC1	missense_pois	2	77.0	7.91169028058203e-06
NACC1	nonsense	0	nan	nan
gene_id	mutation_category	events_n	dist	probability
NLRP9	missense	2	1181.2	0.5883744267958397
NLRP9	missense_comb	2	1181.2	7.45170461567932e-05
NLRP9	missense_pois	2	1181.2	9.686201601688533e-06
NLRP9	nonsense	0	nan	nan
gene_id	mutation_category	events_n	dist	probability
ORC1	missense	2	772.0,nan	0.8119922687556415
ORC1	missense_comb	2	772.0,nan	0.000107549959693161
ORC1	missense_pois	2	772.0,nan	1.0447901232613099e-05
ORC1	nonsense	0	nan,nan	nan
gene_id	mutation_category	events_n	dist	probability
PIEZO1	missense	2	2072.7	0.9591593226760076
PIEZO1	missense_comb	2	2072.7	0.005103969668428501
PIEZO1	missense_pois	2	2072.7	0.0006329770028641322
PIEZO1	nonsense	0	nan	nan
gene_id	mutation_category	events_n	dist	probability
POLE	missense	2	252.7	0.5418051717577204
POLE	missense_comb	2	252.7	0.0015503000166717578
POLE	missense_pois	2	252.7	0.00029358784231847733
POLE	nonsense	0	nan	nan
gene_id	mutation_category	events_n	dist	probability
PPP1R12A	missense	2	1473.6,nan	0.8256656463814929
PPP1R12A	missense_comb	2	1473.6,nan	9.496767811250964e-05
PPP1R12A	missense_pois	2	1473.6,nan	8.977214019045828e-06
PPP1R12A	nonsense	0	nan,nan	nan
gene_id	mutation_category	events_n	dist	probability
PTPN11	missense	2	70.0	0.43175718409158703
PTPN11	missense_comb	2	70.0	1.5412706545437636e-05
PTPN11	missense_pois	2	70.0	2.4163891207962294e-06
PTPN11	nonsense	0	nan	nan
gene_id	mutation_category	events_n	dist	probability
PTPN14	missense	2	1648.9	0.9870689890325668
PTPN14	missense_comb	2	1648.9	0.0003223497459955021
PTPN14	missense_pois	2	1648.9	2.8445793492482034e-05
PTPN14	nonsense	0	nan	nan
gene_id	mutation_category	events_n	dist	probability
SALL3	missense	2	396.4	0.3002929855523002
SALL3	missense_comb	2	396.4	0.0005336170682237276
SALL3	missense_pois	2	396.4	0.00016262247585585596
SALL3	nonsense	0	nan	nan
gene_id	mutation_category	events_n	dist	probability
SEMA3A	missense	2	201.0,nan	0.7131174254098064
SEMA3A	missense_comb	2	201.0,nan	4.9207520712791806e-05
SEMA3A	missense_pois	2	201.0,nan	5.102320104310997e-06
SEMA3A	nonsense	0	nan,nan	nan
gene_id	mutation_category	events_n	dist	probability
SLC29A4	missense	2	52.7,nan	0.22489138639009573
SLC29A4	missense_comb	2	52.7,nan	2.846515247870427e-05
SLC29A4	missense_pois	2	52.7,nan	8.967898289524718e-06
SLC29A4	nonsense	0	nan,nan	nan
gene_id	mutation_category	events_n	dist	probability
SPTBN4	missense	2	113.2,nan,nan,nan	0.0468246550352816
SPTBN4	missense_comb	2	113.2,nan,nan,nan	0.000503912833322082
SPTBN4	missense_pois	2	113.2,nan,nan,nan	0.0009792173411988792
SPTBN4	nonsense	0	nan,nan,nan,nan	nan
gene_id	mutation_category	events_n	dist	probability
SUPT20H	missense	2	1435.6	0.9552626004970822
SUPT20H	missense_comb	2	1435.6	6.728740463585348e-05
SUPT20H	missense_pois	2	1435.6	5.3420612939891745e-06
SUPT20H	nonsense	0	nan	nan
gene_id	mutation_category	events_n	dist	probability
WDHD1	missense	2	675.8	0.7445564361715952
WDHD1	missense_comb	2	675.8	0.00011128712666542882
WDHD1	missense_pois	2	675.8	1.1824707520480302e-05
WDHD1	nonsense	0	nan	nan
gene_id	mutation_category	events_n	dist	probability
WT1	missense	2	1.2	0.0018693222014519763
WT1	missense_comb	2	1.2	2.420129275557048e-07
WT1	missense_pois	2	1.2	6.747009555940762e-06
WT1	nonsense	0	nan	nan
gene_id	mutation_category	events_n	dist	probability
ZFYVE26	missense	2	99.9	0.025249144163898396
ZFYVE26	missense_comb	2	99.9	6.661631690679817e-05
ZFYVE26	missense_pois	2	99.9	0.00019992851626515808
ZFYVE26	nonsense	0	nan	nan
