gene_id	mutation_category	events_n	dist	probability
ALG13	missense	2	0.0	0.0017221999808644443
ALG13	missense_comb	2	0.0	3.818362535102869e-08
ALG13	missense_pois	2	0.0	1.0492055552147103e-06
ALG13	nonsense	0	nan	nan
gene_id	mutation_category	events_n	dist	probability
C1QTNF6	missense	2	13.6,nan	0.10573237660297359
C1QTNF6	missense_comb	2	13.6,nan	1.7886215404626145e-07
C1QTNF6	missense_pois	2	13.6,nan	8.671815587835121e-08
C1QTNF6	nonsense	0	nan,nan	nan
gene_id	mutation_category	events_n	dist	probability
CDKL5	missense	2	27.5,nan	0.13502126516643037
CDKL5	missense_comb	2	27.5,nan	2.6494944342177774e-06
CDKL5	missense_pois	2	27.5,nan	1.1782787485703511e-06
CDKL5	nonsense	0	nan,nan	nan
gene_id	mutation_category	events_n	dist	probability
DNM1	missense	5	27.0,nan,nan	0.02218372197573643
DNM1	missense_comb	5	27.0,nan,nan	4.0017249317559266e-13
DNM1	missense_pois	5	27.0,nan,nan	5.458966612081889e-13
DNM1	nonsense	0	nan,nan,nan	nan
gene_id	mutation_category	events_n	dist	probability
FASN	missense	2	45.2	0.2557845193801717
FASN	missense_comb	2	45.2	0.00021441359683888037
FASN	missense_pois	2	45.2	7.028624764948703e-05
FASN	nonsense	0	nan	nan
gene_id	mutation_category	events_n	dist	probability
GABBR2	missense	2	15.5	0.05151719942758667
GABBR2	missense_comb	2	15.5	2.263074846345342e-06
GABBR2	missense_pois	2	15.5	2.6114606748173226e-06
GABBR2	nonsense	0	nan	nan
gene_id	mutation_category	events_n	dist	probability
GABRB3	missense	4	32.9	0.24858850834901658
GABRB3	missense_comb	4	32.9	1.576229196054251e-11
GABRB3	missense_pois	4	32.9	2.1678214778830794e-12
GABRB3	nonsense	0	nan	nan
gene_id	mutation_category	events_n	dist	probability
GNAO1	missense	2	8.8,nan	0.03789194402342284
GNAO1	missense_comb	2	8.8,nan	2.51953296168957e-07
GNAO1	missense_pois	2	8.8,nan	3.47290040170201e-07
GNAO1	nonsense	0	nan,nan	nan
gene_id	mutation_category	events_n	dist	probability
KCNQ2	missense	2	64.0	0.5449912495000971
KCNQ2	missense_comb	2	64.0	3.528034669012694e-05
KCNQ2	missense_pois	2	64.0	4.662996209603424e-06
KCNQ2	nonsense	0	nan	nan
gene_id	mutation_category	events_n	dist	probability
PIK3AP1	missense	2	76.2	0.7212156030976045
PIK3AP1	missense_comb	2	76.2	1.2898353812362113e-05
PIK3AP1	missense_pois	2	76.2	1.1951424241374298e-06
PIK3AP1	nonsense	0	nan	nan
gene_id	mutation_category	events_n	dist	probability
RANGAP1	missense	2	35.6,nan,nan	0.4604200615508881
RANGAP1	missense_comb	2	35.6,nan,nan	2.6905842072652104e-06
RANGAP1	missense_pois	2	35.6,nan,nan	3.512422435125729e-07
RANGAP1	nonsense	0	nan,nan,nan	nan
gene_id	mutation_category	events_n	dist	probability
SCN1A	missense	4	39.6,nan	0.09677209892475443
SCN1A	missense_comb	4	39.6,nan	1.6377982067235779e-09
SCN1A	missense_pois	4	39.6,nan	6.92892743181518e-10
SCN1A	nonsense	0	nan,nan	nan
gene_id	mutation_category	events_n	dist	probability
SCN2A	missense	3	8.9,nan,nan,nan,nan	0.0004231222175208643
SCN2A	missense_comb	3	8.9,nan,nan,nan,nan	9.760664790675224e-10
SCN2A	missense_pois	3	8.9,nan,nan,nan,nan	9.240226717111002e-08
SCN2A	nonsense	0	nan,nan,nan,nan,nan	nan
gene_id	mutation_category	events_n	dist	probability
SCN8A	missense	2	28.1	0.08439497684005583
SCN8A	missense_comb	2	28.1	1.6290461792857526e-05
SCN8A	missense_pois	2	28.1	1.3118814445989288e-05
SCN8A	nonsense	0	nan	nan
gene_id	mutation_category	events_n	dist	probability
STXBP1	missense	4	31.6	0.4747419836139777
STXBP1	missense_comb	4	31.6	1.0527844347429134e-10
STXBP1	missense_pois	4	31.6	8.128830941700481e-12
STXBP1	nonsense	0	nan	nan
