gene_id	mutation_category	events_n	dist	probability
ALG13	missense	2	14.2	0.002056422199373086
ALG13	missense_comb	2	14.2	4.521112300699115e-08
ALG13	missense_pois	2	14.2	1.0492055552147103e-06
ALG13	nonsense	0	nan	nan
gene_id	mutation_category	events_n	dist	probability
C1QTNF6	missense	2	56.0,nan	0.13557423182695297
C1QTNF6	missense_comb	2	56.0,nan	2.2642129905849402e-07
C1QTNF6	missense_pois	2	56.0,nan	8.671815587835121e-08
C1QTNF6	nonsense	0	nan,nan	nan
gene_id	mutation_category	events_n	dist	probability
CDKL5	missense	2	29.9,nan	0.0421391773095647
CDKL5	missense_comb	2	29.9,nan	8.847055210717382e-07
CDKL5	missense_pois	2	29.9,nan	1.1782787485703511e-06
CDKL5	nonsense	0	nan,nan	nan
gene_id	mutation_category	events_n	dist	probability
DNM1	missense	5	30.0,nan,nan	0.0023426110850820977
DNM1	missense_comb	5	30.0,nan,nan	4.513331030088341e-14
DNM1	missense_pois	5	30.0,nan,nan	5.458966612081889e-13
DNM1	nonsense	0	nan,nan,nan	nan
gene_id	mutation_category	events_n	dist	probability
FASN	missense	2	85.5	0.20045581999493534
FASN	missense_comb	2	85.5	0.00017146797760496046
FASN	missense_pois	2	85.5	7.028624764948703e-05
FASN	nonsense	0	nan	nan
gene_id	mutation_category	events_n	dist	probability
GABBR2	missense	2	16.8	0.01977498866916679
GABBR2	missense_comb	2	16.8	9.181329076435501e-07
GABBR2	missense_pois	2	16.8	2.6114606748173226e-06
GABBR2	nonsense	0	nan	nan
gene_id	mutation_category	events_n	dist	probability
GABRB3	missense	4	37.8	0.11058320988240877
GABRB3	missense_comb	4	37.8	7.205951894266925e-12
GABRB3	missense_pois	4	37.8	2.1678214778830794e-12
GABRB3	nonsense	0	nan	nan
gene_id	mutation_category	events_n	dist	probability
KCNQ2	missense	2	66.3	0.21346327540596363
KCNQ2	missense_comb	2	66.3	1.4751650707858407e-05
KCNQ2	missense_pois	2	66.3	4.662996209603424e-06
KCNQ2	nonsense	0	nan	nan
gene_id	mutation_category	events_n	dist	probability
PIK3AP1	missense	2	144.4	0.24855286390496817
PIK3AP1	missense_comb	2	144.4	4.7616142434833724e-06
PIK3AP1	missense_pois	2	144.4	1.1951424241374298e-06
PIK3AP1	nonsense	0	nan	nan
gene_id	mutation_category	events_n	dist	probability
RANGAP1	missense	2	71.0,nan,nan	0.2382348640196126
RANGAP1	missense_comb	2	71.0,nan,nan	1.447321346478838e-06
RANGAP1	missense_pois	2	71.0,nan,nan	3.512422435125729e-07
RANGAP1	nonsense	0	nan,nan,nan	nan
gene_id	mutation_category	events_n	dist	probability
SCN1A	missense	4	41.1,nan	0.045004777277724714
SCN1A	missense_comb	4	41.1,nan	7.855472678292121e-10
SCN1A	missense_pois	4	41.1,nan	6.92892743181518e-10
SCN1A	nonsense	0	nan,nan	nan
gene_id	mutation_category	events_n	dist	probability
SCN2A	missense	3	10.1,nan,nan,nan,nan	0.000302877774412469
SCN2A	missense_comb	3	10.1,nan,nan,nan,nan	7.080410882808323e-10
SCN2A	missense_pois	3	10.1,nan,nan,nan,nan	9.240226717111002e-08
SCN2A	nonsense	0	nan,nan,nan,nan,nan	nan
gene_id	mutation_category	events_n	dist	probability
SCN8A	missense	2	29.5	0.054549810505002114
SCN8A	missense_comb	2	29.5	1.0841851512693032e-05
SCN8A	missense_pois	2	29.5	1.3118814445989288e-05
SCN8A	nonsense	0	nan	nan
gene_id	mutation_category	events_n	dist	probability
STXBP1	missense	4	35.6	0.13558902071567752
STXBP1	missense_comb	4	35.6	3.1449313969559175e-11
STXBP1	missense_pois	4	35.6	8.128830941700481e-12
STXBP1	nonsense	0	nan	nan
